ARM GAS  /tmp/ccUOZkYx.s 			page 1


   1              		.cpu cortex-m3
   2              		.eabi_attribute 20, 1
   3              		.eabi_attribute 21, 1
   4              		.eabi_attribute 23, 3
   5              		.eabi_attribute 24, 1
   6              		.eabi_attribute 25, 1
   7              		.eabi_attribute 26, 1
   8              		.eabi_attribute 30, 4
   9              		.eabi_attribute 34, 1
  10              		.eabi_attribute 18, 4
  11              		.file	"dbug.c"
  12              		.text
  13              	.Ltext0:
  14              		.cfi_sections	.debug_frame
  15              		.section	.text.dbg_send_command,"ax",%progbits
  16              		.align	1
  17              		.global	dbg_send_command
  18              		.syntax unified
  19              		.thumb
  20              		.thumb_func
  21              		.fpu softvfp
  22              		.type	dbg_send_command, %function
  23              	dbg_send_command:
  24              	.LFB0:
  25              		.file 1 "dbug.c"
  26              		.loc 1 35 0
  27              		.cfi_startproc
  28              		@ args = 0, pretend = 0, frame = 0
  29              		@ frame_needed = 0, uses_anonymous_args = 0
  30              		@ link register save eliminated.
  31              	.LVL0:
  32              		.loc 1 35 0
  33 0000 0346     		mov	r3, r0
  34 0002 0A46     		mov	r2, r1
  35              		.loc 1 36 0
  36              		.syntax unified
  37              	@ 36 "dbug.c" 1
  38 0004 18461146 		mov r0, r3;mov r1, r2;bkpt #0xAB
  38      ABBE
  39              	@ 0 "" 2
  40              	.LVL1:
  41              		.loc 1 42 0
  42              		.thumb
  43              		.syntax unified
  44 000a 7047     		bx	lr
  45              		.cfi_endproc
  46              	.LFE0:
  47              		.size	dbg_send_command, .-dbg_send_command
  48              		.section	.text.dbg_print,"ax",%progbits
  49              		.align	1
  50              		.global	dbg_print
  51              		.syntax unified
  52              		.thumb
  53              		.thumb_func
  54              		.fpu softvfp
  55              		.type	dbg_print, %function
  56              	dbg_print:
ARM GAS  /tmp/ccUOZkYx.s 			page 2


  57              	.LFB1:
  58              		.loc 1 46 0
  59              		.cfi_startproc
  60              		@ args = 0, pretend = 0, frame = 16
  61              		@ frame_needed = 0, uses_anonymous_args = 0
  62              	.LVL2:
  63 0000 1FB5     		push	{r0, r1, r2, r3, r4, lr}
  64              		.cfi_def_cfa_offset 24
  65              		.cfi_offset 14, -4
  66              		.loc 1 49 0
  67 0002 0223     		movs	r3, #2
  68              		.loc 1 50 0
  69 0004 CDE90130 		strd	r3, r0, [sp, #4]
  70              		.loc 1 51 0
  71 0008 FFF7FEFF 		bl	strlen
  72              	.LVL3:
  73              	.LBB4:
  74              	.LBB5:
  75              		.loc 1 36 0
  76 000c 0523     		movs	r3, #5
  77              	.LBE5:
  78              	.LBE4:
  79              		.loc 1 51 0
  80 000e 0390     		str	r0, [sp, #12]
  81              	.LVL4:
  82              	.LBB7:
  83              	.LBB6:
  84              		.loc 1 36 0
  85 0010 01AA     		add	r2, sp, #4
  86              	.LVL5:
  87              		.syntax unified
  88              	@ 36 "dbug.c" 1
  89 0012 18461146 		mov r0, r3;mov r1, r2;bkpt #0xAB
  89      ABBE
  90              	@ 0 "" 2
  91              	.LVL6:
  92              		.thumb
  93              		.syntax unified
  94              	.LBE6:
  95              	.LBE7:
  96              		.loc 1 54 0
  97 0018 05B0     		add	sp, sp, #20
  98              		.cfi_def_cfa_offset 4
  99              		@ sp needed
 100 001a 5DF804FB 		ldr	pc, [sp], #4
 101              		.cfi_endproc
 102              	.LFE1:
 103              		.size	dbg_print, .-dbg_print
 104              		.text
 105              	.Letext0:
 106              		.file 2 "/usr/arm-none-eabi/include/machine/_default_types.h"
 107              		.file 3 "/usr/arm-none-eabi/include/sys/_stdint.h"
 108              		.file 4 "/usr/arm-none-eabi/include/sys/lock.h"
 109              		.file 5 "/usr/arm-none-eabi/include/sys/_types.h"
 110              		.file 6 "/usr/lib/gcc/arm-none-eabi/7.3.1/include/stddef.h"
 111              		.file 7 "/usr/arm-none-eabi/include/sys/reent.h"
 112              		.file 8 "/usr/arm-none-eabi/include/string.h"
ARM GAS  /tmp/ccUOZkYx.s 			page 3


 113              		.section	.debug_info,"",%progbits
 114              	.Ldebug_info0:
 115 0000 75090000 		.4byte	0x975
 116 0004 0400     		.2byte	0x4
 117 0006 00000000 		.4byte	.Ldebug_abbrev0
 118 000a 04       		.byte	0x4
 119 000b 01       		.uleb128 0x1
 120 000c 0F040000 		.4byte	.LASF125
 121 0010 0C       		.byte	0xc
 122 0011 87050000 		.4byte	.LASF126
 123 0015 C5000000 		.4byte	.LASF127
 124 0019 18000000 		.4byte	.Ldebug_ranges0+0x18
 125 001d 00000000 		.4byte	0
 126 0021 00000000 		.4byte	.Ldebug_line0
 127 0025 02       		.uleb128 0x2
 128 0026 01       		.byte	0x1
 129 0027 06       		.byte	0x6
 130 0028 AD000000 		.4byte	.LASF0
 131 002c 02       		.uleb128 0x2
 132 002d 01       		.byte	0x1
 133 002e 08       		.byte	0x8
 134 002f CD020000 		.4byte	.LASF1
 135 0033 02       		.uleb128 0x2
 136 0034 02       		.byte	0x2
 137 0035 05       		.byte	0x5
 138 0036 E9020000 		.4byte	.LASF2
 139 003a 02       		.uleb128 0x2
 140 003b 02       		.byte	0x2
 141 003c 07       		.byte	0x7
 142 003d FF010000 		.4byte	.LASF3
 143 0041 02       		.uleb128 0x2
 144 0042 04       		.byte	0x4
 145 0043 05       		.byte	0x5
 146 0044 02010000 		.4byte	.LASF4
 147 0048 03       		.uleb128 0x3
 148 0049 6E010000 		.4byte	.LASF9
 149 004d 02       		.byte	0x2
 150 004e 4F       		.byte	0x4f
 151 004f 53000000 		.4byte	0x53
 152 0053 02       		.uleb128 0x2
 153 0054 04       		.byte	0x4
 154 0055 07       		.byte	0x7
 155 0056 E0010000 		.4byte	.LASF5
 156 005a 02       		.uleb128 0x2
 157 005b 08       		.byte	0x8
 158 005c 05       		.byte	0x5
 159 005d 9F000000 		.4byte	.LASF6
 160 0061 02       		.uleb128 0x2
 161 0062 08       		.byte	0x8
 162 0063 07       		.byte	0x7
 163 0064 5C000000 		.4byte	.LASF7
 164 0068 04       		.uleb128 0x4
 165 0069 04       		.byte	0x4
 166 006a 05       		.byte	0x5
 167 006b 696E7400 		.ascii	"int\000"
 168 006f 02       		.uleb128 0x2
 169 0070 04       		.byte	0x4
ARM GAS  /tmp/ccUOZkYx.s 			page 4


 170 0071 07       		.byte	0x7
 171 0072 BC010000 		.4byte	.LASF8
 172 0076 03       		.uleb128 0x3
 173 0077 9E030000 		.4byte	.LASF10
 174 007b 03       		.byte	0x3
 175 007c 30       		.byte	0x30
 176 007d 48000000 		.4byte	0x48
 177 0081 02       		.uleb128 0x2
 178 0082 08       		.byte	0x8
 179 0083 04       		.byte	0x4
 180 0084 77020000 		.4byte	.LASF11
 181 0088 03       		.uleb128 0x3
 182 0089 49020000 		.4byte	.LASF12
 183 008d 04       		.byte	0x4
 184 008e 22       		.byte	0x22
 185 008f 93000000 		.4byte	0x93
 186 0093 05       		.uleb128 0x5
 187 0094 04       		.byte	0x4
 188 0095 99000000 		.4byte	0x99
 189 0099 06       		.uleb128 0x6
 190 009a 97030000 		.4byte	.LASF119
 191 009e 03       		.uleb128 0x3
 192 009f AE020000 		.4byte	.LASF13
 193 00a3 05       		.byte	0x5
 194 00a4 2C       		.byte	0x2c
 195 00a5 41000000 		.4byte	0x41
 196 00a9 03       		.uleb128 0x3
 197 00aa C3030000 		.4byte	.LASF14
 198 00ae 05       		.byte	0x5
 199 00af 72       		.byte	0x72
 200 00b0 41000000 		.4byte	0x41
 201 00b4 07       		.uleb128 0x7
 202 00b5 51020000 		.4byte	.LASF15
 203 00b9 06       		.byte	0x6
 204 00ba 6501     		.2byte	0x165
 205 00bc 6F000000 		.4byte	0x6f
 206 00c0 08       		.uleb128 0x8
 207 00c1 04       		.byte	0x4
 208 00c2 05       		.byte	0x5
 209 00c3 A6       		.byte	0xa6
 210 00c4 DF000000 		.4byte	0xdf
 211 00c8 09       		.uleb128 0x9
 212 00c9 43020000 		.4byte	.LASF16
 213 00cd 05       		.byte	0x5
 214 00ce A8       		.byte	0xa8
 215 00cf B4000000 		.4byte	0xb4
 216 00d3 09       		.uleb128 0x9
 217 00d4 C9010000 		.4byte	.LASF17
 218 00d8 05       		.byte	0x5
 219 00d9 A9       		.byte	0xa9
 220 00da DF000000 		.4byte	0xdf
 221 00de 00       		.byte	0
 222 00df 0A       		.uleb128 0xa
 223 00e0 2C000000 		.4byte	0x2c
 224 00e4 EF000000 		.4byte	0xef
 225 00e8 0B       		.uleb128 0xb
 226 00e9 6F000000 		.4byte	0x6f
ARM GAS  /tmp/ccUOZkYx.s 			page 5


 227 00ed 03       		.byte	0x3
 228 00ee 00       		.byte	0
 229 00ef 0C       		.uleb128 0xc
 230 00f0 08       		.byte	0x8
 231 00f1 05       		.byte	0x5
 232 00f2 A3       		.byte	0xa3
 233 00f3 10010000 		.4byte	0x110
 234 00f7 0D       		.uleb128 0xd
 235 00f8 8F030000 		.4byte	.LASF18
 236 00fc 05       		.byte	0x5
 237 00fd A5       		.byte	0xa5
 238 00fe 68000000 		.4byte	0x68
 239 0102 00       		.byte	0
 240 0103 0D       		.uleb128 0xd
 241 0104 07040000 		.4byte	.LASF19
 242 0108 05       		.byte	0x5
 243 0109 AA       		.byte	0xaa
 244 010a C0000000 		.4byte	0xc0
 245 010e 04       		.byte	0x4
 246 010f 00       		.byte	0
 247 0110 03       		.uleb128 0x3
 248 0111 11030000 		.4byte	.LASF20
 249 0115 05       		.byte	0x5
 250 0116 AB       		.byte	0xab
 251 0117 EF000000 		.4byte	0xef
 252 011b 03       		.uleb128 0x3
 253 011c 7F010000 		.4byte	.LASF21
 254 0120 05       		.byte	0x5
 255 0121 AF       		.byte	0xaf
 256 0122 88000000 		.4byte	0x88
 257 0126 0E       		.uleb128 0xe
 258 0127 04       		.byte	0x4
 259 0128 05       		.uleb128 0x5
 260 0129 04       		.byte	0x4
 261 012a 2E010000 		.4byte	0x12e
 262 012e 02       		.uleb128 0x2
 263 012f 01       		.byte	0x1
 264 0130 08       		.byte	0x8
 265 0131 D2030000 		.4byte	.LASF22
 266 0135 0F       		.uleb128 0xf
 267 0136 2E010000 		.4byte	0x12e
 268 013a 03       		.uleb128 0x3
 269 013b C5040000 		.4byte	.LASF23
 270 013f 07       		.byte	0x7
 271 0140 16       		.byte	0x16
 272 0141 53000000 		.4byte	0x53
 273 0145 10       		.uleb128 0x10
 274 0146 90010000 		.4byte	.LASF28
 275 014a 18       		.byte	0x18
 276 014b 07       		.byte	0x7
 277 014c 2F       		.byte	0x2f
 278 014d 98010000 		.4byte	0x198
 279 0151 0D       		.uleb128 0xd
 280 0152 F4030000 		.4byte	.LASF24
 281 0156 07       		.byte	0x7
 282 0157 31       		.byte	0x31
 283 0158 98010000 		.4byte	0x198
ARM GAS  /tmp/ccUOZkYx.s 			page 6


 284 015c 00       		.byte	0
 285 015d 11       		.uleb128 0x11
 286 015e 5F6B00   		.ascii	"_k\000"
 287 0161 07       		.byte	0x7
 288 0162 32       		.byte	0x32
 289 0163 68000000 		.4byte	0x68
 290 0167 04       		.byte	0x4
 291 0168 0D       		.uleb128 0xd
 292 0169 7A030000 		.4byte	.LASF25
 293 016d 07       		.byte	0x7
 294 016e 32       		.byte	0x32
 295 016f 68000000 		.4byte	0x68
 296 0173 08       		.byte	0x8
 297 0174 0D       		.uleb128 0xd
 298 0175 79010000 		.4byte	.LASF26
 299 0179 07       		.byte	0x7
 300 017a 32       		.byte	0x32
 301 017b 68000000 		.4byte	0x68
 302 017f 0C       		.byte	0xc
 303 0180 0D       		.uleb128 0xd
 304 0181 04050000 		.4byte	.LASF27
 305 0185 07       		.byte	0x7
 306 0186 32       		.byte	0x32
 307 0187 68000000 		.4byte	0x68
 308 018b 10       		.byte	0x10
 309 018c 11       		.uleb128 0x11
 310 018d 5F7800   		.ascii	"_x\000"
 311 0190 07       		.byte	0x7
 312 0191 33       		.byte	0x33
 313 0192 9E010000 		.4byte	0x19e
 314 0196 14       		.byte	0x14
 315 0197 00       		.byte	0
 316 0198 05       		.uleb128 0x5
 317 0199 04       		.byte	0x4
 318 019a 45010000 		.4byte	0x145
 319 019e 0A       		.uleb128 0xa
 320 019f 3A010000 		.4byte	0x13a
 321 01a3 AE010000 		.4byte	0x1ae
 322 01a7 0B       		.uleb128 0xb
 323 01a8 6F000000 		.4byte	0x6f
 324 01ac 00       		.byte	0
 325 01ad 00       		.byte	0
 326 01ae 10       		.uleb128 0x10
 327 01af B7010000 		.4byte	.LASF29
 328 01b3 24       		.byte	0x24
 329 01b4 07       		.byte	0x7
 330 01b5 37       		.byte	0x37
 331 01b6 27020000 		.4byte	0x227
 332 01ba 0D       		.uleb128 0xd
 333 01bb 96000000 		.4byte	.LASF30
 334 01bf 07       		.byte	0x7
 335 01c0 39       		.byte	0x39
 336 01c1 68000000 		.4byte	0x68
 337 01c5 00       		.byte	0
 338 01c6 0D       		.uleb128 0xd
 339 01c7 DC030000 		.4byte	.LASF31
 340 01cb 07       		.byte	0x7
ARM GAS  /tmp/ccUOZkYx.s 			page 7


 341 01cc 3A       		.byte	0x3a
 342 01cd 68000000 		.4byte	0x68
 343 01d1 04       		.byte	0x4
 344 01d2 0D       		.uleb128 0xd
 345 01d3 A7030000 		.4byte	.LASF32
 346 01d7 07       		.byte	0x7
 347 01d8 3B       		.byte	0x3b
 348 01d9 68000000 		.4byte	0x68
 349 01dd 08       		.byte	0x8
 350 01de 0D       		.uleb128 0xd
 351 01df 7D050000 		.4byte	.LASF33
 352 01e3 07       		.byte	0x7
 353 01e4 3C       		.byte	0x3c
 354 01e5 68000000 		.4byte	0x68
 355 01e9 0C       		.byte	0xc
 356 01ea 0D       		.uleb128 0xd
 357 01eb 92020000 		.4byte	.LASF34
 358 01ef 07       		.byte	0x7
 359 01f0 3D       		.byte	0x3d
 360 01f1 68000000 		.4byte	0x68
 361 01f5 10       		.byte	0x10
 362 01f6 0D       		.uleb128 0xd
 363 01f7 6D020000 		.4byte	.LASF35
 364 01fb 07       		.byte	0x7
 365 01fc 3E       		.byte	0x3e
 366 01fd 68000000 		.4byte	0x68
 367 0201 14       		.byte	0x14
 368 0202 0D       		.uleb128 0xd
 369 0203 09050000 		.4byte	.LASF36
 370 0207 07       		.byte	0x7
 371 0208 3F       		.byte	0x3f
 372 0209 68000000 		.4byte	0x68
 373 020d 18       		.byte	0x18
 374 020e 0D       		.uleb128 0xd
 375 020f F3020000 		.4byte	.LASF37
 376 0213 07       		.byte	0x7
 377 0214 40       		.byte	0x40
 378 0215 68000000 		.4byte	0x68
 379 0219 1C       		.byte	0x1c
 380 021a 0D       		.uleb128 0xd
 381 021b 44050000 		.4byte	.LASF38
 382 021f 07       		.byte	0x7
 383 0220 41       		.byte	0x41
 384 0221 68000000 		.4byte	0x68
 385 0225 20       		.byte	0x20
 386 0226 00       		.byte	0
 387 0227 12       		.uleb128 0x12
 388 0228 E4000000 		.4byte	.LASF39
 389 022c 0801     		.2byte	0x108
 390 022e 07       		.byte	0x7
 391 022f 4A       		.byte	0x4a
 392 0230 67020000 		.4byte	0x267
 393 0234 0D       		.uleb128 0xd
 394 0235 61010000 		.4byte	.LASF40
 395 0239 07       		.byte	0x7
 396 023a 4B       		.byte	0x4b
 397 023b 67020000 		.4byte	0x267
ARM GAS  /tmp/ccUOZkYx.s 			page 8


 398 023f 00       		.byte	0
 399 0240 0D       		.uleb128 0xd
 400 0241 00000000 		.4byte	.LASF41
 401 0245 07       		.byte	0x7
 402 0246 4C       		.byte	0x4c
 403 0247 67020000 		.4byte	0x267
 404 024b 80       		.byte	0x80
 405 024c 13       		.uleb128 0x13
 406 024d E5030000 		.4byte	.LASF42
 407 0251 07       		.byte	0x7
 408 0252 4E       		.byte	0x4e
 409 0253 3A010000 		.4byte	0x13a
 410 0257 0001     		.2byte	0x100
 411 0259 13       		.uleb128 0x13
 412 025a 12010000 		.4byte	.LASF43
 413 025e 07       		.byte	0x7
 414 025f 51       		.byte	0x51
 415 0260 3A010000 		.4byte	0x13a
 416 0264 0401     		.2byte	0x104
 417 0266 00       		.byte	0
 418 0267 0A       		.uleb128 0xa
 419 0268 26010000 		.4byte	0x126
 420 026c 77020000 		.4byte	0x277
 421 0270 0B       		.uleb128 0xb
 422 0271 6F000000 		.4byte	0x6f
 423 0275 1F       		.byte	0x1f
 424 0276 00       		.byte	0
 425 0277 12       		.uleb128 0x12
 426 0278 9B020000 		.4byte	.LASF44
 427 027c 9001     		.2byte	0x190
 428 027e 07       		.byte	0x7
 429 027f 5D       		.byte	0x5d
 430 0280 B5020000 		.4byte	0x2b5
 431 0284 0D       		.uleb128 0xd
 432 0285 F4030000 		.4byte	.LASF24
 433 0289 07       		.byte	0x7
 434 028a 5E       		.byte	0x5e
 435 028b B5020000 		.4byte	0x2b5
 436 028f 00       		.byte	0
 437 0290 0D       		.uleb128 0xd
 438 0291 4A030000 		.4byte	.LASF45
 439 0295 07       		.byte	0x7
 440 0296 5F       		.byte	0x5f
 441 0297 68000000 		.4byte	0x68
 442 029b 04       		.byte	0x4
 443 029c 0D       		.uleb128 0xd
 444 029d 69010000 		.4byte	.LASF46
 445 02a1 07       		.byte	0x7
 446 02a2 61       		.byte	0x61
 447 02a3 BB020000 		.4byte	0x2bb
 448 02a7 08       		.byte	0x8
 449 02a8 0D       		.uleb128 0xd
 450 02a9 E4000000 		.4byte	.LASF39
 451 02ad 07       		.byte	0x7
 452 02ae 62       		.byte	0x62
 453 02af 27020000 		.4byte	0x227
 454 02b3 88       		.byte	0x88
ARM GAS  /tmp/ccUOZkYx.s 			page 9


 455 02b4 00       		.byte	0
 456 02b5 05       		.uleb128 0x5
 457 02b6 04       		.byte	0x4
 458 02b7 77020000 		.4byte	0x277
 459 02bb 0A       		.uleb128 0xa
 460 02bc CB020000 		.4byte	0x2cb
 461 02c0 CB020000 		.4byte	0x2cb
 462 02c4 0B       		.uleb128 0xb
 463 02c5 6F000000 		.4byte	0x6f
 464 02c9 1F       		.byte	0x1f
 465 02ca 00       		.byte	0
 466 02cb 05       		.uleb128 0x5
 467 02cc 04       		.byte	0x4
 468 02cd D1020000 		.4byte	0x2d1
 469 02d1 14       		.uleb128 0x14
 470 02d2 10       		.uleb128 0x10
 471 02d3 FD020000 		.4byte	.LASF47
 472 02d7 08       		.byte	0x8
 473 02d8 07       		.byte	0x7
 474 02d9 75       		.byte	0x75
 475 02da F7020000 		.4byte	0x2f7
 476 02de 0D       		.uleb128 0xd
 477 02df BF000000 		.4byte	.LASF48
 478 02e3 07       		.byte	0x7
 479 02e4 76       		.byte	0x76
 480 02e5 F7020000 		.4byte	0x2f7
 481 02e9 00       		.byte	0
 482 02ea 0D       		.uleb128 0xd
 483 02eb 0C000000 		.4byte	.LASF49
 484 02ef 07       		.byte	0x7
 485 02f0 77       		.byte	0x77
 486 02f1 68000000 		.4byte	0x68
 487 02f5 04       		.byte	0x4
 488 02f6 00       		.byte	0
 489 02f7 05       		.uleb128 0x5
 490 02f8 04       		.byte	0x4
 491 02f9 2C000000 		.4byte	0x2c
 492 02fd 10       		.uleb128 0x10
 493 02fe 1C030000 		.4byte	.LASF50
 494 0302 68       		.byte	0x68
 495 0303 07       		.byte	0x7
 496 0304 B5       		.byte	0xb5
 497 0305 27040000 		.4byte	0x427
 498 0309 11       		.uleb128 0x11
 499 030a 5F7000   		.ascii	"_p\000"
 500 030d 07       		.byte	0x7
 501 030e B6       		.byte	0xb6
 502 030f F7020000 		.4byte	0x2f7
 503 0313 00       		.byte	0
 504 0314 11       		.uleb128 0x11
 505 0315 5F7200   		.ascii	"_r\000"
 506 0318 07       		.byte	0x7
 507 0319 B7       		.byte	0xb7
 508 031a 68000000 		.4byte	0x68
 509 031e 04       		.byte	0x4
 510 031f 11       		.uleb128 0x11
 511 0320 5F7700   		.ascii	"_w\000"
ARM GAS  /tmp/ccUOZkYx.s 			page 10


 512 0323 07       		.byte	0x7
 513 0324 B8       		.byte	0xb8
 514 0325 68000000 		.4byte	0x68
 515 0329 08       		.byte	0x8
 516 032a 0D       		.uleb128 0xd
 517 032b 0B010000 		.4byte	.LASF51
 518 032f 07       		.byte	0x7
 519 0330 B9       		.byte	0xb9
 520 0331 33000000 		.4byte	0x33
 521 0335 0C       		.byte	0xc
 522 0336 0D       		.uleb128 0xd
 523 0337 F2010000 		.4byte	.LASF52
 524 033b 07       		.byte	0x7
 525 033c BA       		.byte	0xba
 526 033d 33000000 		.4byte	0x33
 527 0341 0E       		.byte	0xe
 528 0342 11       		.uleb128 0x11
 529 0343 5F626600 		.ascii	"_bf\000"
 530 0347 07       		.byte	0x7
 531 0348 BB       		.byte	0xbb
 532 0349 D2020000 		.4byte	0x2d2
 533 034d 10       		.byte	0x10
 534 034e 0D       		.uleb128 0xd
 535 034f 73000000 		.4byte	.LASF53
 536 0353 07       		.byte	0x7
 537 0354 BC       		.byte	0xbc
 538 0355 68000000 		.4byte	0x68
 539 0359 18       		.byte	0x18
 540 035a 0D       		.uleb128 0xd
 541 035b F2000000 		.4byte	.LASF54
 542 035f 07       		.byte	0x7
 543 0360 C3       		.byte	0xc3
 544 0361 26010000 		.4byte	0x126
 545 0365 1C       		.byte	0x1c
 546 0366 0D       		.uleb128 0xd
 547 0367 A7010000 		.4byte	.LASF55
 548 036b 07       		.byte	0x7
 549 036c C5       		.byte	0xc5
 550 036d 82050000 		.4byte	0x582
 551 0371 20       		.byte	0x20
 552 0372 0D       		.uleb128 0xd
 553 0373 66020000 		.4byte	.LASF56
 554 0377 07       		.byte	0x7
 555 0378 C7       		.byte	0xc7
 556 0379 AC050000 		.4byte	0x5ac
 557 037d 24       		.byte	0x24
 558 037e 0D       		.uleb128 0xd
 559 037f B1030000 		.4byte	.LASF57
 560 0383 07       		.byte	0x7
 561 0384 CA       		.byte	0xca
 562 0385 D0050000 		.4byte	0x5d0
 563 0389 28       		.byte	0x28
 564 038a 0D       		.uleb128 0xd
 565 038b 5E050000 		.4byte	.LASF58
 566 038f 07       		.byte	0x7
 567 0390 CB       		.byte	0xcb
 568 0391 EA050000 		.4byte	0x5ea
ARM GAS  /tmp/ccUOZkYx.s 			page 11


 569 0395 2C       		.byte	0x2c
 570 0396 11       		.uleb128 0x11
 571 0397 5F756200 		.ascii	"_ub\000"
 572 039b 07       		.byte	0x7
 573 039c CE       		.byte	0xce
 574 039d D2020000 		.4byte	0x2d2
 575 03a1 30       		.byte	0x30
 576 03a2 11       		.uleb128 0x11
 577 03a3 5F757000 		.ascii	"_up\000"
 578 03a7 07       		.byte	0x7
 579 03a8 CF       		.byte	0xcf
 580 03a9 F7020000 		.4byte	0x2f7
 581 03ad 38       		.byte	0x38
 582 03ae 11       		.uleb128 0x11
 583 03af 5F757200 		.ascii	"_ur\000"
 584 03b3 07       		.byte	0x7
 585 03b4 D0       		.byte	0xd0
 586 03b5 68000000 		.4byte	0x68
 587 03b9 3C       		.byte	0x3c
 588 03ba 0D       		.uleb128 0xd
 589 03bb B9000000 		.4byte	.LASF59
 590 03bf 07       		.byte	0x7
 591 03c0 D3       		.byte	0xd3
 592 03c1 F0050000 		.4byte	0x5f0
 593 03c5 40       		.byte	0x40
 594 03c6 0D       		.uleb128 0xd
 595 03c7 36050000 		.4byte	.LASF60
 596 03cb 07       		.byte	0x7
 597 03cc D4       		.byte	0xd4
 598 03cd 00060000 		.4byte	0x600
 599 03d1 43       		.byte	0x43
 600 03d2 11       		.uleb128 0x11
 601 03d3 5F6C6200 		.ascii	"_lb\000"
 602 03d7 07       		.byte	0x7
 603 03d8 D7       		.byte	0xd7
 604 03d9 D2020000 		.4byte	0x2d2
 605 03dd 44       		.byte	0x44
 606 03de 0D       		.uleb128 0xd
 607 03df 21010000 		.4byte	.LASF61
 608 03e3 07       		.byte	0x7
 609 03e4 DA       		.byte	0xda
 610 03e5 68000000 		.4byte	0x68
 611 03e9 4C       		.byte	0x4c
 612 03ea 0D       		.uleb128 0xd
 613 03eb 3A010000 		.4byte	.LASF62
 614 03ef 07       		.byte	0x7
 615 03f0 DB       		.byte	0xdb
 616 03f1 9E000000 		.4byte	0x9e
 617 03f5 50       		.byte	0x50
 618 03f6 0D       		.uleb128 0xd
 619 03f7 36000000 		.4byte	.LASF63
 620 03fb 07       		.byte	0x7
 621 03fc DE       		.byte	0xde
 622 03fd 45040000 		.4byte	0x445
 623 0401 54       		.byte	0x54
 624 0402 0D       		.uleb128 0xd
 625 0403 58020000 		.4byte	.LASF64
ARM GAS  /tmp/ccUOZkYx.s 			page 12


 626 0407 07       		.byte	0x7
 627 0408 E2       		.byte	0xe2
 628 0409 1B010000 		.4byte	0x11b
 629 040d 58       		.byte	0x58
 630 040e 0D       		.uleb128 0xd
 631 040f 24030000 		.4byte	.LASF65
 632 0413 07       		.byte	0x7
 633 0414 E4       		.byte	0xe4
 634 0415 10010000 		.4byte	0x110
 635 0419 5C       		.byte	0x5c
 636 041a 0D       		.uleb128 0xd
 637 041b 5E020000 		.4byte	.LASF66
 638 041f 07       		.byte	0x7
 639 0420 E5       		.byte	0xe5
 640 0421 68000000 		.4byte	0x68
 641 0425 64       		.byte	0x64
 642 0426 00       		.byte	0
 643 0427 15       		.uleb128 0x15
 644 0428 68000000 		.4byte	0x68
 645 042c 45040000 		.4byte	0x445
 646 0430 16       		.uleb128 0x16
 647 0431 45040000 		.4byte	0x445
 648 0435 16       		.uleb128 0x16
 649 0436 26010000 		.4byte	0x126
 650 043a 16       		.uleb128 0x16
 651 043b 28010000 		.4byte	0x128
 652 043f 16       		.uleb128 0x16
 653 0440 68000000 		.4byte	0x68
 654 0444 00       		.byte	0
 655 0445 05       		.uleb128 0x5
 656 0446 04       		.byte	0x4
 657 0447 50040000 		.4byte	0x450
 658 044b 0F       		.uleb128 0xf
 659 044c 45040000 		.4byte	0x445
 660 0450 17       		.uleb128 0x17
 661 0451 82030000 		.4byte	.LASF67
 662 0455 2804     		.2byte	0x428
 663 0457 07       		.byte	0x7
 664 0458 6002     		.2byte	0x260
 665 045a 82050000 		.4byte	0x582
 666 045e 18       		.uleb128 0x18
 667 045f CB030000 		.4byte	.LASF68
 668 0463 07       		.byte	0x7
 669 0464 6202     		.2byte	0x262
 670 0466 68000000 		.4byte	0x68
 671 046a 00       		.byte	0
 672 046b 18       		.uleb128 0x18
 673 046c 1A010000 		.4byte	.LASF69
 674 0470 07       		.byte	0x7
 675 0471 6702     		.2byte	0x267
 676 0473 57060000 		.4byte	0x657
 677 0477 04       		.byte	0x4
 678 0478 18       		.uleb128 0x18
 679 0479 D0010000 		.4byte	.LASF70
 680 047d 07       		.byte	0x7
 681 047e 6702     		.2byte	0x267
 682 0480 57060000 		.4byte	0x657
ARM GAS  /tmp/ccUOZkYx.s 			page 13


 683 0484 08       		.byte	0x8
 684 0485 18       		.uleb128 0x18
 685 0486 88010000 		.4byte	.LASF71
 686 048a 07       		.byte	0x7
 687 048b 6702     		.2byte	0x267
 688 048d 57060000 		.4byte	0x657
 689 0491 0C       		.byte	0xc
 690 0492 18       		.uleb128 0x18
 691 0493 45030000 		.4byte	.LASF72
 692 0497 07       		.byte	0x7
 693 0498 6902     		.2byte	0x269
 694 049a 68000000 		.4byte	0x68
 695 049e 10       		.byte	0x10
 696 049f 18       		.uleb128 0x18
 697 04a0 2B000000 		.4byte	.LASF73
 698 04a4 07       		.byte	0x7
 699 04a5 6A02     		.2byte	0x26a
 700 04a7 39080000 		.4byte	0x839
 701 04ab 14       		.byte	0x14
 702 04ac 18       		.uleb128 0x18
 703 04ad 61030000 		.4byte	.LASF74
 704 04b1 07       		.byte	0x7
 705 04b2 6D02     		.2byte	0x26d
 706 04b4 68000000 		.4byte	0x68
 707 04b8 30       		.byte	0x30
 708 04b9 18       		.uleb128 0x18
 709 04ba 4F030000 		.4byte	.LASF75
 710 04be 07       		.byte	0x7
 711 04bf 6E02     		.2byte	0x26e
 712 04c1 4E080000 		.4byte	0x84e
 713 04c5 34       		.byte	0x34
 714 04c6 18       		.uleb128 0x18
 715 04c7 A3020000 		.4byte	.LASF76
 716 04cb 07       		.byte	0x7
 717 04cc 7002     		.2byte	0x270
 718 04ce 68000000 		.4byte	0x68
 719 04d2 38       		.byte	0x38
 720 04d3 18       		.uleb128 0x18
 721 04d4 57030000 		.4byte	.LASF77
 722 04d8 07       		.byte	0x7
 723 04d9 7202     		.2byte	0x272
 724 04db 5F080000 		.4byte	0x85f
 725 04df 3C       		.byte	0x3c
 726 04e0 18       		.uleb128 0x18
 727 04e1 3B020000 		.4byte	.LASF78
 728 04e5 07       		.byte	0x7
 729 04e6 7502     		.2byte	0x275
 730 04e8 98010000 		.4byte	0x198
 731 04ec 40       		.byte	0x40
 732 04ed 18       		.uleb128 0x18
 733 04ee AD010000 		.4byte	.LASF79
 734 04f2 07       		.byte	0x7
 735 04f3 7602     		.2byte	0x276
 736 04f5 68000000 		.4byte	0x68
 737 04f9 44       		.byte	0x44
 738 04fa 18       		.uleb128 0x18
 739 04fb 78050000 		.4byte	.LASF80
ARM GAS  /tmp/ccUOZkYx.s 			page 14


 740 04ff 07       		.byte	0x7
 741 0500 7702     		.2byte	0x277
 742 0502 98010000 		.4byte	0x198
 743 0506 48       		.byte	0x48
 744 0507 18       		.uleb128 0x18
 745 0508 B5020000 		.4byte	.LASF81
 746 050c 07       		.byte	0x7
 747 050d 7802     		.2byte	0x278
 748 050f 65080000 		.4byte	0x865
 749 0513 4C       		.byte	0x4c
 750 0514 18       		.uleb128 0x18
 751 0515 D8010000 		.4byte	.LASF82
 752 0519 07       		.byte	0x7
 753 051a 7B02     		.2byte	0x27b
 754 051c 68000000 		.4byte	0x68
 755 0520 50       		.byte	0x50
 756 0521 18       		.uleb128 0x18
 757 0522 32010000 		.4byte	.LASF83
 758 0526 07       		.byte	0x7
 759 0527 7C02     		.2byte	0x27c
 760 0529 28010000 		.4byte	0x128
 761 052d 54       		.byte	0x54
 762 052e 18       		.uleb128 0x18
 763 052f DB020000 		.4byte	.LASF84
 764 0533 07       		.byte	0x7
 765 0534 9F02     		.2byte	0x29f
 766 0536 17080000 		.4byte	0x817
 767 053a 58       		.byte	0x58
 768 053b 19       		.uleb128 0x19
 769 053c 9B020000 		.4byte	.LASF44
 770 0540 07       		.byte	0x7
 771 0541 A302     		.2byte	0x2a3
 772 0543 B5020000 		.4byte	0x2b5
 773 0547 4801     		.2byte	0x148
 774 0549 19       		.uleb128 0x19
 775 054a 12020000 		.4byte	.LASF85
 776 054e 07       		.byte	0x7
 777 054f A402     		.2byte	0x2a4
 778 0551 77020000 		.4byte	0x277
 779 0555 4C01     		.2byte	0x14c
 780 0557 19       		.uleb128 0x19
 781 0558 2C050000 		.4byte	.LASF86
 782 055c 07       		.byte	0x7
 783 055d A802     		.2byte	0x2a8
 784 055f 76080000 		.4byte	0x876
 785 0563 DC02     		.2byte	0x2dc
 786 0565 19       		.uleb128 0x19
 787 0566 FA000000 		.4byte	.LASF87
 788 056a 07       		.byte	0x7
 789 056b AD02     		.2byte	0x2ad
 790 056d 1C060000 		.4byte	0x61c
 791 0571 E002     		.2byte	0x2e0
 792 0573 19       		.uleb128 0x19
 793 0574 DF000000 		.4byte	.LASF88
 794 0578 07       		.byte	0x7
 795 0579 AF02     		.2byte	0x2af
 796 057b 82080000 		.4byte	0x882
ARM GAS  /tmp/ccUOZkYx.s 			page 15


 797 057f EC02     		.2byte	0x2ec
 798 0581 00       		.byte	0
 799 0582 05       		.uleb128 0x5
 800 0583 04       		.byte	0x4
 801 0584 27040000 		.4byte	0x427
 802 0588 15       		.uleb128 0x15
 803 0589 68000000 		.4byte	0x68
 804 058d A6050000 		.4byte	0x5a6
 805 0591 16       		.uleb128 0x16
 806 0592 45040000 		.4byte	0x445
 807 0596 16       		.uleb128 0x16
 808 0597 26010000 		.4byte	0x126
 809 059b 16       		.uleb128 0x16
 810 059c A6050000 		.4byte	0x5a6
 811 05a0 16       		.uleb128 0x16
 812 05a1 68000000 		.4byte	0x68
 813 05a5 00       		.byte	0
 814 05a6 05       		.uleb128 0x5
 815 05a7 04       		.byte	0x4
 816 05a8 35010000 		.4byte	0x135
 817 05ac 05       		.uleb128 0x5
 818 05ad 04       		.byte	0x4
 819 05ae 88050000 		.4byte	0x588
 820 05b2 15       		.uleb128 0x15
 821 05b3 A9000000 		.4byte	0xa9
 822 05b7 D0050000 		.4byte	0x5d0
 823 05bb 16       		.uleb128 0x16
 824 05bc 45040000 		.4byte	0x445
 825 05c0 16       		.uleb128 0x16
 826 05c1 26010000 		.4byte	0x126
 827 05c5 16       		.uleb128 0x16
 828 05c6 A9000000 		.4byte	0xa9
 829 05ca 16       		.uleb128 0x16
 830 05cb 68000000 		.4byte	0x68
 831 05cf 00       		.byte	0
 832 05d0 05       		.uleb128 0x5
 833 05d1 04       		.byte	0x4
 834 05d2 B2050000 		.4byte	0x5b2
 835 05d6 15       		.uleb128 0x15
 836 05d7 68000000 		.4byte	0x68
 837 05db EA050000 		.4byte	0x5ea
 838 05df 16       		.uleb128 0x16
 839 05e0 45040000 		.4byte	0x445
 840 05e4 16       		.uleb128 0x16
 841 05e5 26010000 		.4byte	0x126
 842 05e9 00       		.byte	0
 843 05ea 05       		.uleb128 0x5
 844 05eb 04       		.byte	0x4
 845 05ec D6050000 		.4byte	0x5d6
 846 05f0 0A       		.uleb128 0xa
 847 05f1 2C000000 		.4byte	0x2c
 848 05f5 00060000 		.4byte	0x600
 849 05f9 0B       		.uleb128 0xb
 850 05fa 6F000000 		.4byte	0x6f
 851 05fe 02       		.byte	0x2
 852 05ff 00       		.byte	0
 853 0600 0A       		.uleb128 0xa
ARM GAS  /tmp/ccUOZkYx.s 			page 16


 854 0601 2C000000 		.4byte	0x2c
 855 0605 10060000 		.4byte	0x610
 856 0609 0B       		.uleb128 0xb
 857 060a 6F000000 		.4byte	0x6f
 858 060e 00       		.byte	0
 859 060f 00       		.byte	0
 860 0610 07       		.uleb128 0x7
 861 0611 0A030000 		.4byte	.LASF89
 862 0615 07       		.byte	0x7
 863 0616 1F01     		.2byte	0x11f
 864 0618 FD020000 		.4byte	0x2fd
 865 061c 1A       		.uleb128 0x1a
 866 061d 13050000 		.4byte	.LASF90
 867 0621 0C       		.byte	0xc
 868 0622 07       		.byte	0x7
 869 0623 2301     		.2byte	0x123
 870 0625 51060000 		.4byte	0x651
 871 0629 18       		.uleb128 0x18
 872 062a F4030000 		.4byte	.LASF24
 873 062e 07       		.byte	0x7
 874 062f 2501     		.2byte	0x125
 875 0631 51060000 		.4byte	0x651
 876 0635 00       		.byte	0
 877 0636 18       		.uleb128 0x18
 878 0637 F8010000 		.4byte	.LASF91
 879 063b 07       		.byte	0x7
 880 063c 2601     		.2byte	0x126
 881 063e 68000000 		.4byte	0x68
 882 0642 04       		.byte	0x4
 883 0643 18       		.uleb128 0x18
 884 0644 04030000 		.4byte	.LASF92
 885 0648 07       		.byte	0x7
 886 0649 2701     		.2byte	0x127
 887 064b 57060000 		.4byte	0x657
 888 064f 08       		.byte	0x8
 889 0650 00       		.byte	0
 890 0651 05       		.uleb128 0x5
 891 0652 04       		.byte	0x4
 892 0653 1C060000 		.4byte	0x61c
 893 0657 05       		.uleb128 0x5
 894 0658 04       		.byte	0x4
 895 0659 10060000 		.4byte	0x610
 896 065d 1A       		.uleb128 0x1a
 897 065e 23000000 		.4byte	.LASF93
 898 0662 0E       		.byte	0xe
 899 0663 07       		.byte	0x7
 900 0664 3F01     		.2byte	0x13f
 901 0666 92060000 		.4byte	0x692
 902 066a 18       		.uleb128 0x18
 903 066b 89030000 		.4byte	.LASF94
 904 066f 07       		.byte	0x7
 905 0670 4001     		.2byte	0x140
 906 0672 92060000 		.4byte	0x692
 907 0676 00       		.byte	0
 908 0677 18       		.uleb128 0x18
 909 0678 EE030000 		.4byte	.LASF95
 910 067c 07       		.byte	0x7
ARM GAS  /tmp/ccUOZkYx.s 			page 17


 911 067d 4101     		.2byte	0x141
 912 067f 92060000 		.4byte	0x692
 913 0683 06       		.byte	0x6
 914 0684 18       		.uleb128 0x18
 915 0685 C0040000 		.4byte	.LASF96
 916 0689 07       		.byte	0x7
 917 068a 4201     		.2byte	0x142
 918 068c 3A000000 		.4byte	0x3a
 919 0690 0C       		.byte	0xc
 920 0691 00       		.byte	0
 921 0692 0A       		.uleb128 0xa
 922 0693 3A000000 		.4byte	0x3a
 923 0697 A2060000 		.4byte	0x6a2
 924 069b 0B       		.uleb128 0xb
 925 069c 6F000000 		.4byte	0x6f
 926 06a0 02       		.byte	0x2
 927 06a1 00       		.byte	0
 928 06a2 1B       		.uleb128 0x1b
 929 06a3 D0       		.byte	0xd0
 930 06a4 07       		.byte	0x7
 931 06a5 8002     		.2byte	0x280
 932 06a7 A3070000 		.4byte	0x7a3
 933 06ab 18       		.uleb128 0x18
 934 06ac F7040000 		.4byte	.LASF97
 935 06b0 07       		.byte	0x7
 936 06b1 8202     		.2byte	0x282
 937 06b3 6F000000 		.4byte	0x6f
 938 06b7 00       		.byte	0
 939 06b8 18       		.uleb128 0x18
 940 06b9 FA030000 		.4byte	.LASF98
 941 06bd 07       		.byte	0x7
 942 06be 8302     		.2byte	0x283
 943 06c0 28010000 		.4byte	0x128
 944 06c4 04       		.byte	0x4
 945 06c5 18       		.uleb128 0x18
 946 06c6 27020000 		.4byte	.LASF99
 947 06ca 07       		.byte	0x7
 948 06cb 8402     		.2byte	0x284
 949 06cd A3070000 		.4byte	0x7a3
 950 06d1 08       		.byte	0x8
 951 06d2 18       		.uleb128 0x18
 952 06d3 4F050000 		.4byte	.LASF100
 953 06d7 07       		.byte	0x7
 954 06d8 8502     		.2byte	0x285
 955 06da AE010000 		.4byte	0x1ae
 956 06de 24       		.byte	0x24
 957 06df 18       		.uleb128 0x18
 958 06e0 98010000 		.4byte	.LASF101
 959 06e4 07       		.byte	0x7
 960 06e5 8602     		.2byte	0x286
 961 06e7 68000000 		.4byte	0x68
 962 06eb 48       		.byte	0x48
 963 06ec 18       		.uleb128 0x18
 964 06ed 2D030000 		.4byte	.LASF102
 965 06f1 07       		.byte	0x7
 966 06f2 8702     		.2byte	0x287
 967 06f4 61000000 		.4byte	0x61
ARM GAS  /tmp/ccUOZkYx.s 			page 18


 968 06f8 50       		.byte	0x50
 969 06f9 18       		.uleb128 0x18
 970 06fa 65050000 		.4byte	.LASF103
 971 06fe 07       		.byte	0x7
 972 06ff 8802     		.2byte	0x288
 973 0701 5D060000 		.4byte	0x65d
 974 0705 58       		.byte	0x58
 975 0706 18       		.uleb128 0x18
 976 0707 38030000 		.4byte	.LASF104
 977 070b 07       		.byte	0x7
 978 070c 8902     		.2byte	0x289
 979 070e 10010000 		.4byte	0x110
 980 0712 68       		.byte	0x68
 981 0713 18       		.uleb128 0x18
 982 0714 6A050000 		.4byte	.LASF105
 983 0718 07       		.byte	0x7
 984 0719 8A02     		.2byte	0x28a
 985 071b 10010000 		.4byte	0x110
 986 071f 70       		.byte	0x70
 987 0720 18       		.uleb128 0x18
 988 0721 BF020000 		.4byte	.LASF106
 989 0725 07       		.byte	0x7
 990 0726 8B02     		.2byte	0x28b
 991 0728 10010000 		.4byte	0x110
 992 072c 78       		.byte	0x78
 993 072d 18       		.uleb128 0x18
 994 072e 22050000 		.4byte	.LASF107
 995 0732 07       		.byte	0x7
 996 0733 8C02     		.2byte	0x28c
 997 0735 B3070000 		.4byte	0x7b3
 998 0739 80       		.byte	0x80
 999 073a 18       		.uleb128 0x18
 1000 073b 1B020000 		.4byte	.LASF108
 1001 073f 07       		.byte	0x7
 1002 0740 8D02     		.2byte	0x28d
 1003 0742 C3070000 		.4byte	0x7c3
 1004 0746 88       		.byte	0x88
 1005 0747 18       		.uleb128 0x18
 1006 0748 CD040000 		.4byte	.LASF109
 1007 074c 07       		.byte	0x7
 1008 074d 8E02     		.2byte	0x28e
 1009 074f 68000000 		.4byte	0x68
 1010 0753 A0       		.byte	0xa0
 1011 0754 18       		.uleb128 0x18
 1012 0755 53010000 		.4byte	.LASF110
 1013 0759 07       		.byte	0x7
 1014 075a 8F02     		.2byte	0x28f
 1015 075c 10010000 		.4byte	0x110
 1016 0760 A4       		.byte	0xa4
 1017 0761 18       		.uleb128 0x18
 1018 0762 87000000 		.4byte	.LASF111
 1019 0766 07       		.byte	0x7
 1020 0767 9002     		.2byte	0x290
 1021 0769 10010000 		.4byte	0x110
 1022 076d AC       		.byte	0xac
 1023 076e 18       		.uleb128 0x18
 1024 076f 42010000 		.4byte	.LASF112
ARM GAS  /tmp/ccUOZkYx.s 			page 19


 1025 0773 07       		.byte	0x7
 1026 0774 9102     		.2byte	0x291
 1027 0776 10010000 		.4byte	0x110
 1028 077a B4       		.byte	0xb4
 1029 077b 18       		.uleb128 0x18
 1030 077c 3C000000 		.4byte	.LASF113
 1031 0780 07       		.byte	0x7
 1032 0781 9202     		.2byte	0x292
 1033 0783 10010000 		.4byte	0x110
 1034 0787 BC       		.byte	0xbc
 1035 0788 18       		.uleb128 0x18
 1036 0789 4B000000 		.4byte	.LASF114
 1037 078d 07       		.byte	0x7
 1038 078e 9302     		.2byte	0x293
 1039 0790 10010000 		.4byte	0x110
 1040 0794 C4       		.byte	0xc4
 1041 0795 18       		.uleb128 0x18
 1042 0796 E0020000 		.4byte	.LASF115
 1043 079a 07       		.byte	0x7
 1044 079b 9402     		.2byte	0x294
 1045 079d 68000000 		.4byte	0x68
 1046 07a1 CC       		.byte	0xcc
 1047 07a2 00       		.byte	0
 1048 07a3 0A       		.uleb128 0xa
 1049 07a4 2E010000 		.4byte	0x12e
 1050 07a8 B3070000 		.4byte	0x7b3
 1051 07ac 0B       		.uleb128 0xb
 1052 07ad 6F000000 		.4byte	0x6f
 1053 07b1 19       		.byte	0x19
 1054 07b2 00       		.byte	0
 1055 07b3 0A       		.uleb128 0xa
 1056 07b4 2E010000 		.4byte	0x12e
 1057 07b8 C3070000 		.4byte	0x7c3
 1058 07bc 0B       		.uleb128 0xb
 1059 07bd 6F000000 		.4byte	0x6f
 1060 07c1 07       		.byte	0x7
 1061 07c2 00       		.byte	0
 1062 07c3 0A       		.uleb128 0xa
 1063 07c4 2E010000 		.4byte	0x12e
 1064 07c8 D3070000 		.4byte	0x7d3
 1065 07cc 0B       		.uleb128 0xb
 1066 07cd 6F000000 		.4byte	0x6f
 1067 07d1 17       		.byte	0x17
 1068 07d2 00       		.byte	0
 1069 07d3 1B       		.uleb128 0x1b
 1070 07d4 F0       		.byte	0xf0
 1071 07d5 07       		.byte	0x7
 1072 07d6 9902     		.2byte	0x299
 1073 07d8 F7070000 		.4byte	0x7f7
 1074 07dc 18       		.uleb128 0x18
 1075 07dd 83020000 		.4byte	.LASF116
 1076 07e1 07       		.byte	0x7
 1077 07e2 9C02     		.2byte	0x29c
 1078 07e4 F7070000 		.4byte	0x7f7
 1079 07e8 00       		.byte	0
 1080 07e9 18       		.uleb128 0x18
 1081 07ea 19050000 		.4byte	.LASF117
ARM GAS  /tmp/ccUOZkYx.s 			page 20


 1082 07ee 07       		.byte	0x7
 1083 07ef 9D02     		.2byte	0x29d
 1084 07f1 07080000 		.4byte	0x807
 1085 07f5 78       		.byte	0x78
 1086 07f6 00       		.byte	0
 1087 07f7 0A       		.uleb128 0xa
 1088 07f8 F7020000 		.4byte	0x2f7
 1089 07fc 07080000 		.4byte	0x807
 1090 0800 0B       		.uleb128 0xb
 1091 0801 6F000000 		.4byte	0x6f
 1092 0805 1D       		.byte	0x1d
 1093 0806 00       		.byte	0
 1094 0807 0A       		.uleb128 0xa
 1095 0808 6F000000 		.4byte	0x6f
 1096 080c 17080000 		.4byte	0x817
 1097 0810 0B       		.uleb128 0xb
 1098 0811 6F000000 		.4byte	0x6f
 1099 0815 1D       		.byte	0x1d
 1100 0816 00       		.byte	0
 1101 0817 1C       		.uleb128 0x1c
 1102 0818 F0       		.byte	0xf0
 1103 0819 07       		.byte	0x7
 1104 081a 7E02     		.2byte	0x27e
 1105 081c 39080000 		.4byte	0x839
 1106 0820 1D       		.uleb128 0x1d
 1107 0821 82030000 		.4byte	.LASF67
 1108 0825 07       		.byte	0x7
 1109 0826 9502     		.2byte	0x295
 1110 0828 A2060000 		.4byte	0x6a2
 1111 082c 1D       		.uleb128 0x1d
 1112 082d 3C050000 		.4byte	.LASF118
 1113 0831 07       		.byte	0x7
 1114 0832 9E02     		.2byte	0x29e
 1115 0834 D3070000 		.4byte	0x7d3
 1116 0838 00       		.byte	0
 1117 0839 0A       		.uleb128 0xa
 1118 083a 2E010000 		.4byte	0x12e
 1119 083e 49080000 		.4byte	0x849
 1120 0842 0B       		.uleb128 0xb
 1121 0843 6F000000 		.4byte	0x6f
 1122 0847 18       		.byte	0x18
 1123 0848 00       		.byte	0
 1124 0849 06       		.uleb128 0x6
 1125 084a 7C000000 		.4byte	.LASF120
 1126 084e 05       		.uleb128 0x5
 1127 084f 04       		.byte	0x4
 1128 0850 49080000 		.4byte	0x849
 1129 0854 1E       		.uleb128 0x1e
 1130 0855 5F080000 		.4byte	0x85f
 1131 0859 16       		.uleb128 0x16
 1132 085a 45040000 		.4byte	0x445
 1133 085e 00       		.byte	0
 1134 085f 05       		.uleb128 0x5
 1135 0860 04       		.byte	0x4
 1136 0861 54080000 		.4byte	0x854
 1137 0865 05       		.uleb128 0x5
 1138 0866 04       		.byte	0x4
ARM GAS  /tmp/ccUOZkYx.s 			page 21


 1139 0867 98010000 		.4byte	0x198
 1140 086b 1E       		.uleb128 0x1e
 1141 086c 76080000 		.4byte	0x876
 1142 0870 16       		.uleb128 0x16
 1143 0871 68000000 		.4byte	0x68
 1144 0875 00       		.byte	0
 1145 0876 05       		.uleb128 0x5
 1146 0877 04       		.byte	0x4
 1147 0878 7C080000 		.4byte	0x87c
 1148 087c 05       		.uleb128 0x5
 1149 087d 04       		.byte	0x4
 1150 087e 6B080000 		.4byte	0x86b
 1151 0882 0A       		.uleb128 0xa
 1152 0883 10060000 		.4byte	0x610
 1153 0887 92080000 		.4byte	0x892
 1154 088b 0B       		.uleb128 0xb
 1155 088c 6F000000 		.4byte	0x6f
 1156 0890 02       		.byte	0x2
 1157 0891 00       		.byte	0
 1158 0892 1F       		.uleb128 0x1f
 1159 0893 B7030000 		.4byte	.LASF121
 1160 0897 07       		.byte	0x7
 1161 0898 2E03     		.2byte	0x32e
 1162 089a 45040000 		.4byte	0x445
 1163 089e 1F       		.uleb128 0x1f
 1164 089f E4040000 		.4byte	.LASF122
 1165 08a3 07       		.byte	0x7
 1166 08a4 2F03     		.2byte	0x32f
 1167 08a6 4B040000 		.4byte	0x44b
 1168 08aa 20       		.uleb128 0x20
 1169 08ab DA040000 		.4byte	.LASF128
 1170 08af 01       		.byte	0x1
 1171 08b0 2D       		.byte	0x2d
 1172 08b1 00000000 		.4byte	.LFB1
 1173 08b5 1E000000 		.4byte	.LFE1-.LFB1
 1174 08b9 01       		.uleb128 0x1
 1175 08ba 9C       		.byte	0x9c
 1176 08bb 14090000 		.4byte	0x914
 1177 08bf 21       		.uleb128 0x21
 1178 08c0 D7030000 		.4byte	.LASF129
 1179 08c4 01       		.byte	0x1
 1180 08c5 2D       		.byte	0x2d
 1181 08c6 A6050000 		.4byte	0x5a6
 1182 08ca 00000000 		.4byte	.LLST2
 1183 08ce 22       		.uleb128 0x22
 1184 08cf 6D736700 		.ascii	"msg\000"
 1185 08d3 01       		.byte	0x1
 1186 08d4 2F       		.byte	0x2f
 1187 08d5 14090000 		.4byte	0x914
 1188 08d9 02       		.uleb128 0x2
 1189 08da 91       		.byte	0x91
 1190 08db 6C       		.sleb128 -20
 1191 08dc 23       		.uleb128 0x23
 1192 08dd 24090000 		.4byte	0x924
 1193 08e1 0C000000 		.4byte	.LBB4
 1194 08e5 00000000 		.4byte	.Ldebug_ranges0+0
 1195 08e9 01       		.byte	0x1
ARM GAS  /tmp/ccUOZkYx.s 			page 22


 1196 08ea 35       		.byte	0x35
 1197 08eb 02090000 		.4byte	0x902
 1198 08ef 24       		.uleb128 0x24
 1199 08f0 3B090000 		.4byte	0x93b
 1200 08f4 21000000 		.4byte	.LLST3
 1201 08f8 24       		.uleb128 0x24
 1202 08f9 30090000 		.4byte	0x930
 1203 08fd 41000000 		.4byte	.LLST4
 1204 0901 00       		.byte	0
 1205 0902 25       		.uleb128 0x25
 1206 0903 0C000000 		.4byte	.LVL3
 1207 0907 6D090000 		.4byte	0x96d
 1208 090b 26       		.uleb128 0x26
 1209 090c 01       		.uleb128 0x1
 1210 090d 50       		.byte	0x50
 1211 090e 03       		.uleb128 0x3
 1212 090f F3       		.byte	0xf3
 1213 0910 01       		.uleb128 0x1
 1214 0911 50       		.byte	0x50
 1215 0912 00       		.byte	0
 1216 0913 00       		.byte	0
 1217 0914 0A       		.uleb128 0xa
 1218 0915 76000000 		.4byte	0x76
 1219 0919 24090000 		.4byte	0x924
 1220 091d 0B       		.uleb128 0xb
 1221 091e 6F000000 		.4byte	0x6f
 1222 0922 02       		.byte	0x2
 1223 0923 00       		.byte	0
 1224 0924 27       		.uleb128 0x27
 1225 0925 12000000 		.4byte	.LASF130
 1226 0929 01       		.byte	0x1
 1227 092a 22       		.byte	0x22
 1228 092b 01       		.byte	0x1
 1229 092c 47090000 		.4byte	0x947
 1230 0930 28       		.uleb128 0x28
 1231 0931 2A010000 		.4byte	.LASF123
 1232 0935 01       		.byte	0x1
 1233 0936 22       		.byte	0x22
 1234 0937 68000000 		.4byte	0x68
 1235 093b 28       		.uleb128 0x28
 1236 093c 8A020000 		.4byte	.LASF124
 1237 0940 01       		.byte	0x1
 1238 0941 22       		.byte	0x22
 1239 0942 26010000 		.4byte	0x126
 1240 0946 00       		.byte	0
 1241 0947 29       		.uleb128 0x29
 1242 0948 24090000 		.4byte	0x924
 1243 094c 00000000 		.4byte	.LFB0
 1244 0950 0C000000 		.4byte	.LFE0-.LFB0
 1245 0954 01       		.uleb128 0x1
 1246 0955 9C       		.byte	0x9c
 1247 0956 6D090000 		.4byte	0x96d
 1248 095a 24       		.uleb128 0x24
 1249 095b 30090000 		.4byte	0x930
 1250 095f 55000000 		.4byte	.LLST0
 1251 0963 24       		.uleb128 0x24
 1252 0964 3B090000 		.4byte	0x93b
ARM GAS  /tmp/ccUOZkYx.s 			page 23


 1253 0968 73000000 		.4byte	.LLST1
 1254 096c 00       		.byte	0
 1255 096d 2A       		.uleb128 0x2a
 1256 096e 34020000 		.4byte	.LASF131
 1257 0972 34020000 		.4byte	.LASF131
 1258 0976 08       		.byte	0x8
 1259 0977 29       		.byte	0x29
 1260 0978 00       		.byte	0
 1261              		.section	.debug_abbrev,"",%progbits
 1262              	.Ldebug_abbrev0:
 1263 0000 01       		.uleb128 0x1
 1264 0001 11       		.uleb128 0x11
 1265 0002 01       		.byte	0x1
 1266 0003 25       		.uleb128 0x25
 1267 0004 0E       		.uleb128 0xe
 1268 0005 13       		.uleb128 0x13
 1269 0006 0B       		.uleb128 0xb
 1270 0007 03       		.uleb128 0x3
 1271 0008 0E       		.uleb128 0xe
 1272 0009 1B       		.uleb128 0x1b
 1273 000a 0E       		.uleb128 0xe
 1274 000b 55       		.uleb128 0x55
 1275 000c 17       		.uleb128 0x17
 1276 000d 11       		.uleb128 0x11
 1277 000e 01       		.uleb128 0x1
 1278 000f 10       		.uleb128 0x10
 1279 0010 17       		.uleb128 0x17
 1280 0011 00       		.byte	0
 1281 0012 00       		.byte	0
 1282 0013 02       		.uleb128 0x2
 1283 0014 24       		.uleb128 0x24
 1284 0015 00       		.byte	0
 1285 0016 0B       		.uleb128 0xb
 1286 0017 0B       		.uleb128 0xb
 1287 0018 3E       		.uleb128 0x3e
 1288 0019 0B       		.uleb128 0xb
 1289 001a 03       		.uleb128 0x3
 1290 001b 0E       		.uleb128 0xe
 1291 001c 00       		.byte	0
 1292 001d 00       		.byte	0
 1293 001e 03       		.uleb128 0x3
 1294 001f 16       		.uleb128 0x16
 1295 0020 00       		.byte	0
 1296 0021 03       		.uleb128 0x3
 1297 0022 0E       		.uleb128 0xe
 1298 0023 3A       		.uleb128 0x3a
 1299 0024 0B       		.uleb128 0xb
 1300 0025 3B       		.uleb128 0x3b
 1301 0026 0B       		.uleb128 0xb
 1302 0027 49       		.uleb128 0x49
 1303 0028 13       		.uleb128 0x13
 1304 0029 00       		.byte	0
 1305 002a 00       		.byte	0
 1306 002b 04       		.uleb128 0x4
 1307 002c 24       		.uleb128 0x24
 1308 002d 00       		.byte	0
 1309 002e 0B       		.uleb128 0xb
ARM GAS  /tmp/ccUOZkYx.s 			page 24


 1310 002f 0B       		.uleb128 0xb
 1311 0030 3E       		.uleb128 0x3e
 1312 0031 0B       		.uleb128 0xb
 1313 0032 03       		.uleb128 0x3
 1314 0033 08       		.uleb128 0x8
 1315 0034 00       		.byte	0
 1316 0035 00       		.byte	0
 1317 0036 05       		.uleb128 0x5
 1318 0037 0F       		.uleb128 0xf
 1319 0038 00       		.byte	0
 1320 0039 0B       		.uleb128 0xb
 1321 003a 0B       		.uleb128 0xb
 1322 003b 49       		.uleb128 0x49
 1323 003c 13       		.uleb128 0x13
 1324 003d 00       		.byte	0
 1325 003e 00       		.byte	0
 1326 003f 06       		.uleb128 0x6
 1327 0040 13       		.uleb128 0x13
 1328 0041 00       		.byte	0
 1329 0042 03       		.uleb128 0x3
 1330 0043 0E       		.uleb128 0xe
 1331 0044 3C       		.uleb128 0x3c
 1332 0045 19       		.uleb128 0x19
 1333 0046 00       		.byte	0
 1334 0047 00       		.byte	0
 1335 0048 07       		.uleb128 0x7
 1336 0049 16       		.uleb128 0x16
 1337 004a 00       		.byte	0
 1338 004b 03       		.uleb128 0x3
 1339 004c 0E       		.uleb128 0xe
 1340 004d 3A       		.uleb128 0x3a
 1341 004e 0B       		.uleb128 0xb
 1342 004f 3B       		.uleb128 0x3b
 1343 0050 05       		.uleb128 0x5
 1344 0051 49       		.uleb128 0x49
 1345 0052 13       		.uleb128 0x13
 1346 0053 00       		.byte	0
 1347 0054 00       		.byte	0
 1348 0055 08       		.uleb128 0x8
 1349 0056 17       		.uleb128 0x17
 1350 0057 01       		.byte	0x1
 1351 0058 0B       		.uleb128 0xb
 1352 0059 0B       		.uleb128 0xb
 1353 005a 3A       		.uleb128 0x3a
 1354 005b 0B       		.uleb128 0xb
 1355 005c 3B       		.uleb128 0x3b
 1356 005d 0B       		.uleb128 0xb
 1357 005e 01       		.uleb128 0x1
 1358 005f 13       		.uleb128 0x13
 1359 0060 00       		.byte	0
 1360 0061 00       		.byte	0
 1361 0062 09       		.uleb128 0x9
 1362 0063 0D       		.uleb128 0xd
 1363 0064 00       		.byte	0
 1364 0065 03       		.uleb128 0x3
 1365 0066 0E       		.uleb128 0xe
 1366 0067 3A       		.uleb128 0x3a
ARM GAS  /tmp/ccUOZkYx.s 			page 25


 1367 0068 0B       		.uleb128 0xb
 1368 0069 3B       		.uleb128 0x3b
 1369 006a 0B       		.uleb128 0xb
 1370 006b 49       		.uleb128 0x49
 1371 006c 13       		.uleb128 0x13
 1372 006d 00       		.byte	0
 1373 006e 00       		.byte	0
 1374 006f 0A       		.uleb128 0xa
 1375 0070 01       		.uleb128 0x1
 1376 0071 01       		.byte	0x1
 1377 0072 49       		.uleb128 0x49
 1378 0073 13       		.uleb128 0x13
 1379 0074 01       		.uleb128 0x1
 1380 0075 13       		.uleb128 0x13
 1381 0076 00       		.byte	0
 1382 0077 00       		.byte	0
 1383 0078 0B       		.uleb128 0xb
 1384 0079 21       		.uleb128 0x21
 1385 007a 00       		.byte	0
 1386 007b 49       		.uleb128 0x49
 1387 007c 13       		.uleb128 0x13
 1388 007d 2F       		.uleb128 0x2f
 1389 007e 0B       		.uleb128 0xb
 1390 007f 00       		.byte	0
 1391 0080 00       		.byte	0
 1392 0081 0C       		.uleb128 0xc
 1393 0082 13       		.uleb128 0x13
 1394 0083 01       		.byte	0x1
 1395 0084 0B       		.uleb128 0xb
 1396 0085 0B       		.uleb128 0xb
 1397 0086 3A       		.uleb128 0x3a
 1398 0087 0B       		.uleb128 0xb
 1399 0088 3B       		.uleb128 0x3b
 1400 0089 0B       		.uleb128 0xb
 1401 008a 01       		.uleb128 0x1
 1402 008b 13       		.uleb128 0x13
 1403 008c 00       		.byte	0
 1404 008d 00       		.byte	0
 1405 008e 0D       		.uleb128 0xd
 1406 008f 0D       		.uleb128 0xd
 1407 0090 00       		.byte	0
 1408 0091 03       		.uleb128 0x3
 1409 0092 0E       		.uleb128 0xe
 1410 0093 3A       		.uleb128 0x3a
 1411 0094 0B       		.uleb128 0xb
 1412 0095 3B       		.uleb128 0x3b
 1413 0096 0B       		.uleb128 0xb
 1414 0097 49       		.uleb128 0x49
 1415 0098 13       		.uleb128 0x13
 1416 0099 38       		.uleb128 0x38
 1417 009a 0B       		.uleb128 0xb
 1418 009b 00       		.byte	0
 1419 009c 00       		.byte	0
 1420 009d 0E       		.uleb128 0xe
 1421 009e 0F       		.uleb128 0xf
 1422 009f 00       		.byte	0
 1423 00a0 0B       		.uleb128 0xb
ARM GAS  /tmp/ccUOZkYx.s 			page 26


 1424 00a1 0B       		.uleb128 0xb
 1425 00a2 00       		.byte	0
 1426 00a3 00       		.byte	0
 1427 00a4 0F       		.uleb128 0xf
 1428 00a5 26       		.uleb128 0x26
 1429 00a6 00       		.byte	0
 1430 00a7 49       		.uleb128 0x49
 1431 00a8 13       		.uleb128 0x13
 1432 00a9 00       		.byte	0
 1433 00aa 00       		.byte	0
 1434 00ab 10       		.uleb128 0x10
 1435 00ac 13       		.uleb128 0x13
 1436 00ad 01       		.byte	0x1
 1437 00ae 03       		.uleb128 0x3
 1438 00af 0E       		.uleb128 0xe
 1439 00b0 0B       		.uleb128 0xb
 1440 00b1 0B       		.uleb128 0xb
 1441 00b2 3A       		.uleb128 0x3a
 1442 00b3 0B       		.uleb128 0xb
 1443 00b4 3B       		.uleb128 0x3b
 1444 00b5 0B       		.uleb128 0xb
 1445 00b6 01       		.uleb128 0x1
 1446 00b7 13       		.uleb128 0x13
 1447 00b8 00       		.byte	0
 1448 00b9 00       		.byte	0
 1449 00ba 11       		.uleb128 0x11
 1450 00bb 0D       		.uleb128 0xd
 1451 00bc 00       		.byte	0
 1452 00bd 03       		.uleb128 0x3
 1453 00be 08       		.uleb128 0x8
 1454 00bf 3A       		.uleb128 0x3a
 1455 00c0 0B       		.uleb128 0xb
 1456 00c1 3B       		.uleb128 0x3b
 1457 00c2 0B       		.uleb128 0xb
 1458 00c3 49       		.uleb128 0x49
 1459 00c4 13       		.uleb128 0x13
 1460 00c5 38       		.uleb128 0x38
 1461 00c6 0B       		.uleb128 0xb
 1462 00c7 00       		.byte	0
 1463 00c8 00       		.byte	0
 1464 00c9 12       		.uleb128 0x12
 1465 00ca 13       		.uleb128 0x13
 1466 00cb 01       		.byte	0x1
 1467 00cc 03       		.uleb128 0x3
 1468 00cd 0E       		.uleb128 0xe
 1469 00ce 0B       		.uleb128 0xb
 1470 00cf 05       		.uleb128 0x5
 1471 00d0 3A       		.uleb128 0x3a
 1472 00d1 0B       		.uleb128 0xb
 1473 00d2 3B       		.uleb128 0x3b
 1474 00d3 0B       		.uleb128 0xb
 1475 00d4 01       		.uleb128 0x1
 1476 00d5 13       		.uleb128 0x13
 1477 00d6 00       		.byte	0
 1478 00d7 00       		.byte	0
 1479 00d8 13       		.uleb128 0x13
 1480 00d9 0D       		.uleb128 0xd
ARM GAS  /tmp/ccUOZkYx.s 			page 27


 1481 00da 00       		.byte	0
 1482 00db 03       		.uleb128 0x3
 1483 00dc 0E       		.uleb128 0xe
 1484 00dd 3A       		.uleb128 0x3a
 1485 00de 0B       		.uleb128 0xb
 1486 00df 3B       		.uleb128 0x3b
 1487 00e0 0B       		.uleb128 0xb
 1488 00e1 49       		.uleb128 0x49
 1489 00e2 13       		.uleb128 0x13
 1490 00e3 38       		.uleb128 0x38
 1491 00e4 05       		.uleb128 0x5
 1492 00e5 00       		.byte	0
 1493 00e6 00       		.byte	0
 1494 00e7 14       		.uleb128 0x14
 1495 00e8 15       		.uleb128 0x15
 1496 00e9 00       		.byte	0
 1497 00ea 27       		.uleb128 0x27
 1498 00eb 19       		.uleb128 0x19
 1499 00ec 00       		.byte	0
 1500 00ed 00       		.byte	0
 1501 00ee 15       		.uleb128 0x15
 1502 00ef 15       		.uleb128 0x15
 1503 00f0 01       		.byte	0x1
 1504 00f1 27       		.uleb128 0x27
 1505 00f2 19       		.uleb128 0x19
 1506 00f3 49       		.uleb128 0x49
 1507 00f4 13       		.uleb128 0x13
 1508 00f5 01       		.uleb128 0x1
 1509 00f6 13       		.uleb128 0x13
 1510 00f7 00       		.byte	0
 1511 00f8 00       		.byte	0
 1512 00f9 16       		.uleb128 0x16
 1513 00fa 05       		.uleb128 0x5
 1514 00fb 00       		.byte	0
 1515 00fc 49       		.uleb128 0x49
 1516 00fd 13       		.uleb128 0x13
 1517 00fe 00       		.byte	0
 1518 00ff 00       		.byte	0
 1519 0100 17       		.uleb128 0x17
 1520 0101 13       		.uleb128 0x13
 1521 0102 01       		.byte	0x1
 1522 0103 03       		.uleb128 0x3
 1523 0104 0E       		.uleb128 0xe
 1524 0105 0B       		.uleb128 0xb
 1525 0106 05       		.uleb128 0x5
 1526 0107 3A       		.uleb128 0x3a
 1527 0108 0B       		.uleb128 0xb
 1528 0109 3B       		.uleb128 0x3b
 1529 010a 05       		.uleb128 0x5
 1530 010b 01       		.uleb128 0x1
 1531 010c 13       		.uleb128 0x13
 1532 010d 00       		.byte	0
 1533 010e 00       		.byte	0
 1534 010f 18       		.uleb128 0x18
 1535 0110 0D       		.uleb128 0xd
 1536 0111 00       		.byte	0
 1537 0112 03       		.uleb128 0x3
ARM GAS  /tmp/ccUOZkYx.s 			page 28


 1538 0113 0E       		.uleb128 0xe
 1539 0114 3A       		.uleb128 0x3a
 1540 0115 0B       		.uleb128 0xb
 1541 0116 3B       		.uleb128 0x3b
 1542 0117 05       		.uleb128 0x5
 1543 0118 49       		.uleb128 0x49
 1544 0119 13       		.uleb128 0x13
 1545 011a 38       		.uleb128 0x38
 1546 011b 0B       		.uleb128 0xb
 1547 011c 00       		.byte	0
 1548 011d 00       		.byte	0
 1549 011e 19       		.uleb128 0x19
 1550 011f 0D       		.uleb128 0xd
 1551 0120 00       		.byte	0
 1552 0121 03       		.uleb128 0x3
 1553 0122 0E       		.uleb128 0xe
 1554 0123 3A       		.uleb128 0x3a
 1555 0124 0B       		.uleb128 0xb
 1556 0125 3B       		.uleb128 0x3b
 1557 0126 05       		.uleb128 0x5
 1558 0127 49       		.uleb128 0x49
 1559 0128 13       		.uleb128 0x13
 1560 0129 38       		.uleb128 0x38
 1561 012a 05       		.uleb128 0x5
 1562 012b 00       		.byte	0
 1563 012c 00       		.byte	0
 1564 012d 1A       		.uleb128 0x1a
 1565 012e 13       		.uleb128 0x13
 1566 012f 01       		.byte	0x1
 1567 0130 03       		.uleb128 0x3
 1568 0131 0E       		.uleb128 0xe
 1569 0132 0B       		.uleb128 0xb
 1570 0133 0B       		.uleb128 0xb
 1571 0134 3A       		.uleb128 0x3a
 1572 0135 0B       		.uleb128 0xb
 1573 0136 3B       		.uleb128 0x3b
 1574 0137 05       		.uleb128 0x5
 1575 0138 01       		.uleb128 0x1
 1576 0139 13       		.uleb128 0x13
 1577 013a 00       		.byte	0
 1578 013b 00       		.byte	0
 1579 013c 1B       		.uleb128 0x1b
 1580 013d 13       		.uleb128 0x13
 1581 013e 01       		.byte	0x1
 1582 013f 0B       		.uleb128 0xb
 1583 0140 0B       		.uleb128 0xb
 1584 0141 3A       		.uleb128 0x3a
 1585 0142 0B       		.uleb128 0xb
 1586 0143 3B       		.uleb128 0x3b
 1587 0144 05       		.uleb128 0x5
 1588 0145 01       		.uleb128 0x1
 1589 0146 13       		.uleb128 0x13
 1590 0147 00       		.byte	0
 1591 0148 00       		.byte	0
 1592 0149 1C       		.uleb128 0x1c
 1593 014a 17       		.uleb128 0x17
 1594 014b 01       		.byte	0x1
ARM GAS  /tmp/ccUOZkYx.s 			page 29


 1595 014c 0B       		.uleb128 0xb
 1596 014d 0B       		.uleb128 0xb
 1597 014e 3A       		.uleb128 0x3a
 1598 014f 0B       		.uleb128 0xb
 1599 0150 3B       		.uleb128 0x3b
 1600 0151 05       		.uleb128 0x5
 1601 0152 01       		.uleb128 0x1
 1602 0153 13       		.uleb128 0x13
 1603 0154 00       		.byte	0
 1604 0155 00       		.byte	0
 1605 0156 1D       		.uleb128 0x1d
 1606 0157 0D       		.uleb128 0xd
 1607 0158 00       		.byte	0
 1608 0159 03       		.uleb128 0x3
 1609 015a 0E       		.uleb128 0xe
 1610 015b 3A       		.uleb128 0x3a
 1611 015c 0B       		.uleb128 0xb
 1612 015d 3B       		.uleb128 0x3b
 1613 015e 05       		.uleb128 0x5
 1614 015f 49       		.uleb128 0x49
 1615 0160 13       		.uleb128 0x13
 1616 0161 00       		.byte	0
 1617 0162 00       		.byte	0
 1618 0163 1E       		.uleb128 0x1e
 1619 0164 15       		.uleb128 0x15
 1620 0165 01       		.byte	0x1
 1621 0166 27       		.uleb128 0x27
 1622 0167 19       		.uleb128 0x19
 1623 0168 01       		.uleb128 0x1
 1624 0169 13       		.uleb128 0x13
 1625 016a 00       		.byte	0
 1626 016b 00       		.byte	0
 1627 016c 1F       		.uleb128 0x1f
 1628 016d 34       		.uleb128 0x34
 1629 016e 00       		.byte	0
 1630 016f 03       		.uleb128 0x3
 1631 0170 0E       		.uleb128 0xe
 1632 0171 3A       		.uleb128 0x3a
 1633 0172 0B       		.uleb128 0xb
 1634 0173 3B       		.uleb128 0x3b
 1635 0174 05       		.uleb128 0x5
 1636 0175 49       		.uleb128 0x49
 1637 0176 13       		.uleb128 0x13
 1638 0177 3F       		.uleb128 0x3f
 1639 0178 19       		.uleb128 0x19
 1640 0179 3C       		.uleb128 0x3c
 1641 017a 19       		.uleb128 0x19
 1642 017b 00       		.byte	0
 1643 017c 00       		.byte	0
 1644 017d 20       		.uleb128 0x20
 1645 017e 2E       		.uleb128 0x2e
 1646 017f 01       		.byte	0x1
 1647 0180 3F       		.uleb128 0x3f
 1648 0181 19       		.uleb128 0x19
 1649 0182 03       		.uleb128 0x3
 1650 0183 0E       		.uleb128 0xe
 1651 0184 3A       		.uleb128 0x3a
ARM GAS  /tmp/ccUOZkYx.s 			page 30


 1652 0185 0B       		.uleb128 0xb
 1653 0186 3B       		.uleb128 0x3b
 1654 0187 0B       		.uleb128 0xb
 1655 0188 27       		.uleb128 0x27
 1656 0189 19       		.uleb128 0x19
 1657 018a 11       		.uleb128 0x11
 1658 018b 01       		.uleb128 0x1
 1659 018c 12       		.uleb128 0x12
 1660 018d 06       		.uleb128 0x6
 1661 018e 40       		.uleb128 0x40
 1662 018f 18       		.uleb128 0x18
 1663 0190 9742     		.uleb128 0x2117
 1664 0192 19       		.uleb128 0x19
 1665 0193 01       		.uleb128 0x1
 1666 0194 13       		.uleb128 0x13
 1667 0195 00       		.byte	0
 1668 0196 00       		.byte	0
 1669 0197 21       		.uleb128 0x21
 1670 0198 05       		.uleb128 0x5
 1671 0199 00       		.byte	0
 1672 019a 03       		.uleb128 0x3
 1673 019b 0E       		.uleb128 0xe
 1674 019c 3A       		.uleb128 0x3a
 1675 019d 0B       		.uleb128 0xb
 1676 019e 3B       		.uleb128 0x3b
 1677 019f 0B       		.uleb128 0xb
 1678 01a0 49       		.uleb128 0x49
 1679 01a1 13       		.uleb128 0x13
 1680 01a2 02       		.uleb128 0x2
 1681 01a3 17       		.uleb128 0x17
 1682 01a4 00       		.byte	0
 1683 01a5 00       		.byte	0
 1684 01a6 22       		.uleb128 0x22
 1685 01a7 34       		.uleb128 0x34
 1686 01a8 00       		.byte	0
 1687 01a9 03       		.uleb128 0x3
 1688 01aa 08       		.uleb128 0x8
 1689 01ab 3A       		.uleb128 0x3a
 1690 01ac 0B       		.uleb128 0xb
 1691 01ad 3B       		.uleb128 0x3b
 1692 01ae 0B       		.uleb128 0xb
 1693 01af 49       		.uleb128 0x49
 1694 01b0 13       		.uleb128 0x13
 1695 01b1 02       		.uleb128 0x2
 1696 01b2 18       		.uleb128 0x18
 1697 01b3 00       		.byte	0
 1698 01b4 00       		.byte	0
 1699 01b5 23       		.uleb128 0x23
 1700 01b6 1D       		.uleb128 0x1d
 1701 01b7 01       		.byte	0x1
 1702 01b8 31       		.uleb128 0x31
 1703 01b9 13       		.uleb128 0x13
 1704 01ba 52       		.uleb128 0x52
 1705 01bb 01       		.uleb128 0x1
 1706 01bc 55       		.uleb128 0x55
 1707 01bd 17       		.uleb128 0x17
 1708 01be 58       		.uleb128 0x58
ARM GAS  /tmp/ccUOZkYx.s 			page 31


 1709 01bf 0B       		.uleb128 0xb
 1710 01c0 59       		.uleb128 0x59
 1711 01c1 0B       		.uleb128 0xb
 1712 01c2 01       		.uleb128 0x1
 1713 01c3 13       		.uleb128 0x13
 1714 01c4 00       		.byte	0
 1715 01c5 00       		.byte	0
 1716 01c6 24       		.uleb128 0x24
 1717 01c7 05       		.uleb128 0x5
 1718 01c8 00       		.byte	0
 1719 01c9 31       		.uleb128 0x31
 1720 01ca 13       		.uleb128 0x13
 1721 01cb 02       		.uleb128 0x2
 1722 01cc 17       		.uleb128 0x17
 1723 01cd 00       		.byte	0
 1724 01ce 00       		.byte	0
 1725 01cf 25       		.uleb128 0x25
 1726 01d0 898201   		.uleb128 0x4109
 1727 01d3 01       		.byte	0x1
 1728 01d4 11       		.uleb128 0x11
 1729 01d5 01       		.uleb128 0x1
 1730 01d6 31       		.uleb128 0x31
 1731 01d7 13       		.uleb128 0x13
 1732 01d8 00       		.byte	0
 1733 01d9 00       		.byte	0
 1734 01da 26       		.uleb128 0x26
 1735 01db 8A8201   		.uleb128 0x410a
 1736 01de 00       		.byte	0
 1737 01df 02       		.uleb128 0x2
 1738 01e0 18       		.uleb128 0x18
 1739 01e1 9142     		.uleb128 0x2111
 1740 01e3 18       		.uleb128 0x18
 1741 01e4 00       		.byte	0
 1742 01e5 00       		.byte	0
 1743 01e6 27       		.uleb128 0x27
 1744 01e7 2E       		.uleb128 0x2e
 1745 01e8 01       		.byte	0x1
 1746 01e9 3F       		.uleb128 0x3f
 1747 01ea 19       		.uleb128 0x19
 1748 01eb 03       		.uleb128 0x3
 1749 01ec 0E       		.uleb128 0xe
 1750 01ed 3A       		.uleb128 0x3a
 1751 01ee 0B       		.uleb128 0xb
 1752 01ef 3B       		.uleb128 0x3b
 1753 01f0 0B       		.uleb128 0xb
 1754 01f1 27       		.uleb128 0x27
 1755 01f2 19       		.uleb128 0x19
 1756 01f3 20       		.uleb128 0x20
 1757 01f4 0B       		.uleb128 0xb
 1758 01f5 01       		.uleb128 0x1
 1759 01f6 13       		.uleb128 0x13
 1760 01f7 00       		.byte	0
 1761 01f8 00       		.byte	0
 1762 01f9 28       		.uleb128 0x28
 1763 01fa 05       		.uleb128 0x5
 1764 01fb 00       		.byte	0
 1765 01fc 03       		.uleb128 0x3
ARM GAS  /tmp/ccUOZkYx.s 			page 32


 1766 01fd 0E       		.uleb128 0xe
 1767 01fe 3A       		.uleb128 0x3a
 1768 01ff 0B       		.uleb128 0xb
 1769 0200 3B       		.uleb128 0x3b
 1770 0201 0B       		.uleb128 0xb
 1771 0202 49       		.uleb128 0x49
 1772 0203 13       		.uleb128 0x13
 1773 0204 00       		.byte	0
 1774 0205 00       		.byte	0
 1775 0206 29       		.uleb128 0x29
 1776 0207 2E       		.uleb128 0x2e
 1777 0208 01       		.byte	0x1
 1778 0209 31       		.uleb128 0x31
 1779 020a 13       		.uleb128 0x13
 1780 020b 11       		.uleb128 0x11
 1781 020c 01       		.uleb128 0x1
 1782 020d 12       		.uleb128 0x12
 1783 020e 06       		.uleb128 0x6
 1784 020f 40       		.uleb128 0x40
 1785 0210 18       		.uleb128 0x18
 1786 0211 9742     		.uleb128 0x2117
 1787 0213 19       		.uleb128 0x19
 1788 0214 01       		.uleb128 0x1
 1789 0215 13       		.uleb128 0x13
 1790 0216 00       		.byte	0
 1791 0217 00       		.byte	0
 1792 0218 2A       		.uleb128 0x2a
 1793 0219 2E       		.uleb128 0x2e
 1794 021a 00       		.byte	0
 1795 021b 3F       		.uleb128 0x3f
 1796 021c 19       		.uleb128 0x19
 1797 021d 3C       		.uleb128 0x3c
 1798 021e 19       		.uleb128 0x19
 1799 021f 6E       		.uleb128 0x6e
 1800 0220 0E       		.uleb128 0xe
 1801 0221 03       		.uleb128 0x3
 1802 0222 0E       		.uleb128 0xe
 1803 0223 3A       		.uleb128 0x3a
 1804 0224 0B       		.uleb128 0xb
 1805 0225 3B       		.uleb128 0x3b
 1806 0226 0B       		.uleb128 0xb
 1807 0227 00       		.byte	0
 1808 0228 00       		.byte	0
 1809 0229 00       		.byte	0
 1810              		.section	.debug_loc,"",%progbits
 1811              	.Ldebug_loc0:
 1812              	.LLST2:
 1813 0000 00000000 		.4byte	.LVL2
 1814 0004 0B000000 		.4byte	.LVL3-1
 1815 0008 0100     		.2byte	0x1
 1816 000a 50       		.byte	0x50
 1817 000b 0B000000 		.4byte	.LVL3-1
 1818 000f 1E000000 		.4byte	.LFE1
 1819 0013 0400     		.2byte	0x4
 1820 0015 F3       		.byte	0xf3
 1821 0016 01       		.uleb128 0x1
 1822 0017 50       		.byte	0x50
ARM GAS  /tmp/ccUOZkYx.s 			page 33


 1823 0018 9F       		.byte	0x9f
 1824 0019 00000000 		.4byte	0
 1825 001d 00000000 		.4byte	0
 1826              	.LLST3:
 1827 0021 10000000 		.4byte	.LVL4
 1828 0025 12000000 		.4byte	.LVL5
 1829 0029 0300     		.2byte	0x3
 1830 002b 91       		.byte	0x91
 1831 002c 6C       		.sleb128 -20
 1832 002d 9F       		.byte	0x9f
 1833 002e 12000000 		.4byte	.LVL5
 1834 0032 18000000 		.4byte	.LVL6
 1835 0036 0100     		.2byte	0x1
 1836 0038 52       		.byte	0x52
 1837 0039 00000000 		.4byte	0
 1838 003d 00000000 		.4byte	0
 1839              	.LLST4:
 1840 0041 10000000 		.4byte	.LVL4
 1841 0045 18000000 		.4byte	.LVL6
 1842 0049 0200     		.2byte	0x2
 1843 004b 35       		.byte	0x35
 1844 004c 9F       		.byte	0x9f
 1845 004d 00000000 		.4byte	0
 1846 0051 00000000 		.4byte	0
 1847              	.LLST0:
 1848 0055 00000000 		.4byte	.LVL0
 1849 0059 0A000000 		.4byte	.LVL1
 1850 005d 0100     		.2byte	0x1
 1851 005f 50       		.byte	0x50
 1852 0060 0A000000 		.4byte	.LVL1
 1853 0064 0C000000 		.4byte	.LFE0
 1854 0068 0100     		.2byte	0x1
 1855 006a 53       		.byte	0x53
 1856 006b 00000000 		.4byte	0
 1857 006f 00000000 		.4byte	0
 1858              	.LLST1:
 1859 0073 00000000 		.4byte	.LVL0
 1860 0077 0A000000 		.4byte	.LVL1
 1861 007b 0100     		.2byte	0x1
 1862 007d 51       		.byte	0x51
 1863 007e 0A000000 		.4byte	.LVL1
 1864 0082 0C000000 		.4byte	.LFE0
 1865 0086 0100     		.2byte	0x1
 1866 0088 52       		.byte	0x52
 1867 0089 00000000 		.4byte	0
 1868 008d 00000000 		.4byte	0
 1869              		.section	.debug_aranges,"",%progbits
 1870 0000 24000000 		.4byte	0x24
 1871 0004 0200     		.2byte	0x2
 1872 0006 00000000 		.4byte	.Ldebug_info0
 1873 000a 04       		.byte	0x4
 1874 000b 00       		.byte	0
 1875 000c 0000     		.2byte	0
 1876 000e 0000     		.2byte	0
 1877 0010 00000000 		.4byte	.LFB0
 1878 0014 0C000000 		.4byte	.LFE0-.LFB0
 1879 0018 00000000 		.4byte	.LFB1
ARM GAS  /tmp/ccUOZkYx.s 			page 34


 1880 001c 1E000000 		.4byte	.LFE1-.LFB1
 1881 0020 00000000 		.4byte	0
 1882 0024 00000000 		.4byte	0
 1883              		.section	.debug_ranges,"",%progbits
 1884              	.Ldebug_ranges0:
 1885 0000 0C000000 		.4byte	.LBB4
 1886 0004 0E000000 		.4byte	.LBE4
 1887 0008 10000000 		.4byte	.LBB7
 1888 000c 18000000 		.4byte	.LBE7
 1889 0010 00000000 		.4byte	0
 1890 0014 00000000 		.4byte	0
 1891 0018 00000000 		.4byte	.LFB0
 1892 001c 0C000000 		.4byte	.LFE0
 1893 0020 00000000 		.4byte	.LFB1
 1894 0024 1E000000 		.4byte	.LFE1
 1895 0028 00000000 		.4byte	0
 1896 002c 00000000 		.4byte	0
 1897              		.section	.debug_line,"",%progbits
 1898              	.Ldebug_line0:
 1899 0000 33010000 		.section	.debug_str,"MS",%progbits,1
 1899      0200FD00 
 1899      00000201 
 1899      FB0E0D00 
 1899      01010101 
 1900              	.LASF41:
 1901 0000 5F64736F 		.ascii	"_dso_handle\000"
 1901      5F68616E 
 1901      646C6500 
 1902              	.LASF49:
 1903 000c 5F73697A 		.ascii	"_size\000"
 1903      6500
 1904              	.LASF130:
 1905 0012 6462675F 		.ascii	"dbg_send_command\000"
 1905      73656E64 
 1905      5F636F6D 
 1905      6D616E64 
 1905      00
 1906              	.LASF93:
 1907 0023 5F72616E 		.ascii	"_rand48\000"
 1907      64343800 
 1908              	.LASF73:
 1909 002b 5F656D65 		.ascii	"_emergency\000"
 1909      7267656E 
 1909      637900
 1910              	.LASF63:
 1911 0036 5F646174 		.ascii	"_data\000"
 1911      6100
 1912              	.LASF113:
 1913 003c 5F776372 		.ascii	"_wcrtomb_state\000"
 1913      746F6D62 
 1913      5F737461 
 1913      746500
 1914              	.LASF114:
 1915 004b 5F776373 		.ascii	"_wcsrtombs_state\000"
 1915      72746F6D 
 1915      62735F73 
 1915      74617465 
ARM GAS  /tmp/ccUOZkYx.s 			page 35


 1915      00
 1916              	.LASF7:
 1917 005c 6C6F6E67 		.ascii	"long long unsigned int\000"
 1917      206C6F6E 
 1917      6720756E 
 1917      7369676E 
 1917      65642069 
 1918              	.LASF53:
 1919 0073 5F6C6266 		.ascii	"_lbfsize\000"
 1919      73697A65 
 1919      00
 1920              	.LASF120:
 1921 007c 5F5F6C6F 		.ascii	"__locale_t\000"
 1921      63616C65 
 1921      5F7400
 1922              	.LASF111:
 1923 0087 5F6D6272 		.ascii	"_mbrtowc_state\000"
 1923      746F7763 
 1923      5F737461 
 1923      746500
 1924              	.LASF30:
 1925 0096 5F5F746D 		.ascii	"__tm_sec\000"
 1925      5F736563 
 1925      00
 1926              	.LASF6:
 1927 009f 6C6F6E67 		.ascii	"long long int\000"
 1927      206C6F6E 
 1927      6720696E 
 1927      7400
 1928              	.LASF0:
 1929 00ad 7369676E 		.ascii	"signed char\000"
 1929      65642063 
 1929      68617200 
 1930              	.LASF59:
 1931 00b9 5F756275 		.ascii	"_ubuf\000"
 1931      6600
 1932              	.LASF48:
 1933 00bf 5F626173 		.ascii	"_base\000"
 1933      6500
 1934              	.LASF127:
 1935 00c5 2F686F6D 		.ascii	"/home/jshuo/u2f-token/src\000"
 1935      652F6A73 
 1935      68756F2F 
 1935      7532662D 
 1935      746F6B65 
 1936              	.LASF88:
 1937 00df 5F5F7366 		.ascii	"__sf\000"
 1937      00
 1938              	.LASF39:
 1939 00e4 5F6F6E5F 		.ascii	"_on_exit_args\000"
 1939      65786974 
 1939      5F617267 
 1939      7300
 1940              	.LASF54:
 1941 00f2 5F636F6F 		.ascii	"_cookie\000"
 1941      6B696500 
 1942              	.LASF87:
ARM GAS  /tmp/ccUOZkYx.s 			page 36


 1943 00fa 5F5F7367 		.ascii	"__sglue\000"
 1943      6C756500 
 1944              	.LASF4:
 1945 0102 6C6F6E67 		.ascii	"long int\000"
 1945      20696E74 
 1945      00
 1946              	.LASF51:
 1947 010b 5F666C61 		.ascii	"_flags\000"
 1947      677300
 1948              	.LASF43:
 1949 0112 5F69735F 		.ascii	"_is_cxa\000"
 1949      63786100 
 1950              	.LASF69:
 1951 011a 5F737464 		.ascii	"_stdin\000"
 1951      696E00
 1952              	.LASF61:
 1953 0121 5F626C6B 		.ascii	"_blksize\000"
 1953      73697A65 
 1953      00
 1954              	.LASF123:
 1955 012a 636F6D6D 		.ascii	"command\000"
 1955      616E6400 
 1956              	.LASF83:
 1957 0132 5F637674 		.ascii	"_cvtbuf\000"
 1957      62756600 
 1958              	.LASF62:
 1959 013a 5F6F6666 		.ascii	"_offset\000"
 1959      73657400 
 1960              	.LASF112:
 1961 0142 5F6D6273 		.ascii	"_mbsrtowcs_state\000"
 1961      72746F77 
 1961      63735F73 
 1961      74617465 
 1961      00
 1962              	.LASF110:
 1963 0153 5F6D6272 		.ascii	"_mbrlen_state\000"
 1963      6C656E5F 
 1963      73746174 
 1963      6500
 1964              	.LASF40:
 1965 0161 5F666E61 		.ascii	"_fnargs\000"
 1965      72677300 
 1966              	.LASF46:
 1967 0169 5F666E73 		.ascii	"_fns\000"
 1967      00
 1968              	.LASF9:
 1969 016e 5F5F7569 		.ascii	"__uint32_t\000"
 1969      6E743332 
 1969      5F7400
 1970              	.LASF26:
 1971 0179 5F736967 		.ascii	"_sign\000"
 1971      6E00
 1972              	.LASF21:
 1973 017f 5F666C6F 		.ascii	"_flock_t\000"
 1973      636B5F74 
 1973      00
 1974              	.LASF71:
ARM GAS  /tmp/ccUOZkYx.s 			page 37


 1975 0188 5F737464 		.ascii	"_stderr\000"
 1975      65727200 
 1976              	.LASF28:
 1977 0190 5F426967 		.ascii	"_Bigint\000"
 1977      696E7400 
 1978              	.LASF101:
 1979 0198 5F67616D 		.ascii	"_gamma_signgam\000"
 1979      6D615F73 
 1979      69676E67 
 1979      616D00
 1980              	.LASF55:
 1981 01a7 5F726561 		.ascii	"_read\000"
 1981      6400
 1982              	.LASF79:
 1983 01ad 5F726573 		.ascii	"_result_k\000"
 1983      756C745F 
 1983      6B00
 1984              	.LASF29:
 1985 01b7 5F5F746D 		.ascii	"__tm\000"
 1985      00
 1986              	.LASF8:
 1987 01bc 756E7369 		.ascii	"unsigned int\000"
 1987      676E6564 
 1987      20696E74 
 1987      00
 1988              	.LASF17:
 1989 01c9 5F5F7763 		.ascii	"__wchb\000"
 1989      686200
 1990              	.LASF70:
 1991 01d0 5F737464 		.ascii	"_stdout\000"
 1991      6F757400 
 1992              	.LASF82:
 1993 01d8 5F637674 		.ascii	"_cvtlen\000"
 1993      6C656E00 
 1994              	.LASF5:
 1995 01e0 6C6F6E67 		.ascii	"long unsigned int\000"
 1995      20756E73 
 1995      69676E65 
 1995      6420696E 
 1995      7400
 1996              	.LASF52:
 1997 01f2 5F66696C 		.ascii	"_file\000"
 1997      6500
 1998              	.LASF91:
 1999 01f8 5F6E696F 		.ascii	"_niobs\000"
 1999      627300
 2000              	.LASF3:
 2001 01ff 73686F72 		.ascii	"short unsigned int\000"
 2001      7420756E 
 2001      7369676E 
 2001      65642069 
 2001      6E7400
 2002              	.LASF85:
 2003 0212 5F617465 		.ascii	"_atexit0\000"
 2003      78697430 
 2003      00
 2004              	.LASF108:
ARM GAS  /tmp/ccUOZkYx.s 			page 38


 2005 021b 5F736967 		.ascii	"_signal_buf\000"
 2005      6E616C5F 
 2005      62756600 
 2006              	.LASF99:
 2007 0227 5F617363 		.ascii	"_asctime_buf\000"
 2007      74696D65 
 2007      5F627566 
 2007      00
 2008              	.LASF131:
 2009 0234 7374726C 		.ascii	"strlen\000"
 2009      656E00
 2010              	.LASF78:
 2011 023b 5F726573 		.ascii	"_result\000"
 2011      756C7400 
 2012              	.LASF16:
 2013 0243 5F5F7763 		.ascii	"__wch\000"
 2013      6800
 2014              	.LASF12:
 2015 0249 5F4C4F43 		.ascii	"_LOCK_T\000"
 2015      4B5F5400 
 2016              	.LASF15:
 2017 0251 77696E74 		.ascii	"wint_t\000"
 2017      5F7400
 2018              	.LASF64:
 2019 0258 5F6C6F63 		.ascii	"_lock\000"
 2019      6B00
 2020              	.LASF66:
 2021 025e 5F666C61 		.ascii	"_flags2\000"
 2021      67733200 
 2022              	.LASF56:
 2023 0266 5F777269 		.ascii	"_write\000"
 2023      746500
 2024              	.LASF35:
 2025 026d 5F5F746D 		.ascii	"__tm_year\000"
 2025      5F796561 
 2025      7200
 2026              	.LASF11:
 2027 0277 6C6F6E67 		.ascii	"long double\000"
 2027      20646F75 
 2027      626C6500 
 2028              	.LASF116:
 2029 0283 5F6E6578 		.ascii	"_nextf\000"
 2029      746600
 2030              	.LASF124:
 2031 028a 6D657373 		.ascii	"message\000"
 2031      61676500 
 2032              	.LASF34:
 2033 0292 5F5F746D 		.ascii	"__tm_mon\000"
 2033      5F6D6F6E 
 2033      00
 2034              	.LASF44:
 2035 029b 5F617465 		.ascii	"_atexit\000"
 2035      78697400 
 2036              	.LASF76:
 2037 02a3 5F5F7364 		.ascii	"__sdidinit\000"
 2037      6964696E 
 2037      697400
ARM GAS  /tmp/ccUOZkYx.s 			page 39


 2038              	.LASF13:
 2039 02ae 5F6F6666 		.ascii	"_off_t\000"
 2039      5F7400
 2040              	.LASF81:
 2041 02b5 5F667265 		.ascii	"_freelist\000"
 2041      656C6973 
 2041      7400
 2042              	.LASF106:
 2043 02bf 5F776374 		.ascii	"_wctomb_state\000"
 2043      6F6D625F 
 2043      73746174 
 2043      6500
 2044              	.LASF1:
 2045 02cd 756E7369 		.ascii	"unsigned char\000"
 2045      676E6564 
 2045      20636861 
 2045      7200
 2046              	.LASF84:
 2047 02db 5F6E6577 		.ascii	"_new\000"
 2047      00
 2048              	.LASF115:
 2049 02e0 5F685F65 		.ascii	"_h_errno\000"
 2049      72726E6F 
 2049      00
 2050              	.LASF2:
 2051 02e9 73686F72 		.ascii	"short int\000"
 2051      7420696E 
 2051      7400
 2052              	.LASF37:
 2053 02f3 5F5F746D 		.ascii	"__tm_yday\000"
 2053      5F796461 
 2053      7900
 2054              	.LASF47:
 2055 02fd 5F5F7362 		.ascii	"__sbuf\000"
 2055      756600
 2056              	.LASF92:
 2057 0304 5F696F62 		.ascii	"_iobs\000"
 2057      7300
 2058              	.LASF89:
 2059 030a 5F5F4649 		.ascii	"__FILE\000"
 2059      4C4500
 2060              	.LASF20:
 2061 0311 5F6D6273 		.ascii	"_mbstate_t\000"
 2061      74617465 
 2061      5F7400
 2062              	.LASF50:
 2063 031c 5F5F7346 		.ascii	"__sFILE\000"
 2063      494C4500 
 2064              	.LASF65:
 2065 0324 5F6D6273 		.ascii	"_mbstate\000"
 2065      74617465 
 2065      00
 2066              	.LASF102:
 2067 032d 5F72616E 		.ascii	"_rand_next\000"
 2067      645F6E65 
 2067      787400
 2068              	.LASF104:
ARM GAS  /tmp/ccUOZkYx.s 			page 40


 2069 0338 5F6D626C 		.ascii	"_mblen_state\000"
 2069      656E5F73 
 2069      74617465 
 2069      00
 2070              	.LASF72:
 2071 0345 5F696E63 		.ascii	"_inc\000"
 2071      00
 2072              	.LASF45:
 2073 034a 5F696E64 		.ascii	"_ind\000"
 2073      00
 2074              	.LASF75:
 2075 034f 5F6C6F63 		.ascii	"_locale\000"
 2075      616C6500 
 2076              	.LASF77:
 2077 0357 5F5F636C 		.ascii	"__cleanup\000"
 2077      65616E75 
 2077      7000
 2078              	.LASF74:
 2079 0361 5F756E73 		.ascii	"_unspecified_locale_info\000"
 2079      70656369 
 2079      66696564 
 2079      5F6C6F63 
 2079      616C655F 
 2080              	.LASF25:
 2081 037a 5F6D6178 		.ascii	"_maxwds\000"
 2081      77647300 
 2082              	.LASF67:
 2083 0382 5F726565 		.ascii	"_reent\000"
 2083      6E7400
 2084              	.LASF94:
 2085 0389 5F736565 		.ascii	"_seed\000"
 2085      6400
 2086              	.LASF18:
 2087 038f 5F5F636F 		.ascii	"__count\000"
 2087      756E7400 
 2088              	.LASF119:
 2089 0397 5F5F6C6F 		.ascii	"__lock\000"
 2089      636B00
 2090              	.LASF10:
 2091 039e 75696E74 		.ascii	"uint32_t\000"
 2091      33325F74 
 2091      00
 2092              	.LASF32:
 2093 03a7 5F5F746D 		.ascii	"__tm_hour\000"
 2093      5F686F75 
 2093      7200
 2094              	.LASF57:
 2095 03b1 5F736565 		.ascii	"_seek\000"
 2095      6B00
 2096              	.LASF121:
 2097 03b7 5F696D70 		.ascii	"_impure_ptr\000"
 2097      7572655F 
 2097      70747200 
 2098              	.LASF14:
 2099 03c3 5F66706F 		.ascii	"_fpos_t\000"
 2099      735F7400 
 2100              	.LASF68:
ARM GAS  /tmp/ccUOZkYx.s 			page 41


 2101 03cb 5F657272 		.ascii	"_errno\000"
 2101      6E6F00
 2102              	.LASF22:
 2103 03d2 63686172 		.ascii	"char\000"
 2103      00
 2104              	.LASF129:
 2105 03d7 74657874 		.ascii	"text\000"
 2105      00
 2106              	.LASF31:
 2107 03dc 5F5F746D 		.ascii	"__tm_min\000"
 2107      5F6D696E 
 2107      00
 2108              	.LASF42:
 2109 03e5 5F666E74 		.ascii	"_fntypes\000"
 2109      79706573 
 2109      00
 2110              	.LASF95:
 2111 03ee 5F6D756C 		.ascii	"_mult\000"
 2111      7400
 2112              	.LASF24:
 2113 03f4 5F6E6578 		.ascii	"_next\000"
 2113      7400
 2114              	.LASF98:
 2115 03fa 5F737472 		.ascii	"_strtok_last\000"
 2115      746F6B5F 
 2115      6C617374 
 2115      00
 2116              	.LASF19:
 2117 0407 5F5F7661 		.ascii	"__value\000"
 2117      6C756500 
 2118              	.LASF125:
 2119 040f 474E5520 		.ascii	"GNU C11 7.3.1 20180622 (release) [ARM/embedded-7-br"
 2119      43313120 
 2119      372E332E 
 2119      31203230 
 2119      31383036 
 2120 0442 616E6368 		.ascii	"anch revision 261907] -mcpu=cortex-m3 -mthumb -mno-"
 2120      20726576 
 2120      6973696F 
 2120      6E203236 
 2120      31393037 
 2121 0475 7468756D 		.ascii	"thumb-interwork -g -O3 -Os -ffunction-sections -fda"
 2121      622D696E 
 2121      74657277 
 2121      6F726B20 
 2121      2D67202D 
 2122 04a8 74612D73 		.ascii	"ta-sections -fno-common\000"
 2122      65637469 
 2122      6F6E7320 
 2122      2D666E6F 
 2122      2D636F6D 
 2123              	.LASF96:
 2124 04c0 5F616464 		.ascii	"_add\000"
 2124      00
 2125              	.LASF23:
 2126 04c5 5F5F554C 		.ascii	"__ULong\000"
 2126      6F6E6700 
ARM GAS  /tmp/ccUOZkYx.s 			page 42


 2127              	.LASF109:
 2128 04cd 5F676574 		.ascii	"_getdate_err\000"
 2128      64617465 
 2128      5F657272 
 2128      00
 2129              	.LASF128:
 2130 04da 6462675F 		.ascii	"dbg_print\000"
 2130      7072696E 
 2130      7400
 2131              	.LASF122:
 2132 04e4 5F676C6F 		.ascii	"_global_impure_ptr\000"
 2132      62616C5F 
 2132      696D7075 
 2132      72655F70 
 2132      747200
 2133              	.LASF97:
 2134 04f7 5F756E75 		.ascii	"_unused_rand\000"
 2134      7365645F 
 2134      72616E64 
 2134      00
 2135              	.LASF27:
 2136 0504 5F776473 		.ascii	"_wds\000"
 2136      00
 2137              	.LASF36:
 2138 0509 5F5F746D 		.ascii	"__tm_wday\000"
 2138      5F776461 
 2138      7900
 2139              	.LASF90:
 2140 0513 5F676C75 		.ascii	"_glue\000"
 2140      6500
 2141              	.LASF117:
 2142 0519 5F6E6D61 		.ascii	"_nmalloc\000"
 2142      6C6C6F63 
 2142      00
 2143              	.LASF107:
 2144 0522 5F6C3634 		.ascii	"_l64a_buf\000"
 2144      615F6275 
 2144      6600
 2145              	.LASF86:
 2146 052c 5F736967 		.ascii	"_sig_func\000"
 2146      5F66756E 
 2146      6300
 2147              	.LASF60:
 2148 0536 5F6E6275 		.ascii	"_nbuf\000"
 2148      6600
 2149              	.LASF118:
 2150 053c 5F756E75 		.ascii	"_unused\000"
 2150      73656400 
 2151              	.LASF38:
 2152 0544 5F5F746D 		.ascii	"__tm_isdst\000"
 2152      5F697364 
 2152      737400
 2153              	.LASF100:
 2154 054f 5F6C6F63 		.ascii	"_localtime_buf\000"
 2154      616C7469 
 2154      6D655F62 
 2154      756600
ARM GAS  /tmp/ccUOZkYx.s 			page 43


 2155              	.LASF58:
 2156 055e 5F636C6F 		.ascii	"_close\000"
 2156      736500
 2157              	.LASF103:
 2158 0565 5F723438 		.ascii	"_r48\000"
 2158      00
 2159              	.LASF105:
 2160 056a 5F6D6274 		.ascii	"_mbtowc_state\000"
 2160      6F77635F 
 2160      73746174 
 2160      6500
 2161              	.LASF80:
 2162 0578 5F703573 		.ascii	"_p5s\000"
 2162      00
 2163              	.LASF33:
 2164 057d 5F5F746D 		.ascii	"__tm_mday\000"
 2164      5F6D6461 
 2164      7900
 2165              	.LASF126:
 2166 0587 64627567 		.ascii	"dbug.c\000"
 2166      2E6300
 2167              		.ident	"GCC: (GNU Tools for Arm Embedded Processors 7-2018-q3-update) 7.3.1 20180622 (release) [AR
ARM GAS  /tmp/ccUOZkYx.s 			page 44


DEFINED SYMBOLS
                            *ABS*:0000000000000000 dbug.c
     /tmp/ccUOZkYx.s:16     .text.dbg_send_command:0000000000000000 $t
     /tmp/ccUOZkYx.s:23     .text.dbg_send_command:0000000000000000 dbg_send_command
     /tmp/ccUOZkYx.s:49     .text.dbg_print:0000000000000000 $t
     /tmp/ccUOZkYx.s:56     .text.dbg_print:0000000000000000 dbg_print

UNDEFINED SYMBOLS
strlen
