ARM GAS  /tmp/ccaBG936.s 			page 1


   1              		.cpu cortex-m3
   2              		.eabi_attribute 20, 1
   3              		.eabi_attribute 21, 1
   4              		.eabi_attribute 23, 3
   5              		.eabi_attribute 24, 1
   6              		.eabi_attribute 25, 1
   7              		.eabi_attribute 26, 1
   8              		.eabi_attribute 30, 4
   9              		.eabi_attribute 34, 1
  10              		.eabi_attribute 18, 4
  11              		.file	"platform.c"
  12              		.text
  13              	.Ltext0:
  14              		.cfi_sections	.debug_frame
  15              		.section	.text.platform_init,"ax",%progbits
  16              		.align	1
  17              		.global	platform_init
  18              		.syntax unified
  19              		.thumb
  20              		.thumb_func
  21              		.fpu softvfp
  22              		.type	platform_init, %function
  23              	platform_init:
  24              	.LFB12:
  25              		.file 1 "platform.c"
  26              		.loc 1 96 0
  27              		.cfi_startproc
  28              		@ args = 0, pretend = 0, frame = 0
  29              		@ frame_needed = 0, uses_anonymous_args = 0
  30              		@ link register save eliminated.
  31              		.loc 1 101 0
  32 0000 7047     		bx	lr
  33              		.cfi_endproc
  34              	.LFE12:
  35              		.size	platform_init, .-platform_init
  36              		.text
  37              	.Letext0:
  38              		.file 2 "/usr/arm-none-eabi/include/machine/_default_types.h"
  39              		.file 3 "/usr/arm-none-eabi/include/sys/_stdint.h"
  40              		.file 4 "/usr/arm-none-eabi/include/sys/lock.h"
  41              		.file 5 "/usr/arm-none-eabi/include/sys/_types.h"
  42              		.file 6 "/usr/lib/gcc/arm-none-eabi/7.3.1/include/stddef.h"
  43              		.file 7 "/usr/arm-none-eabi/include/sys/reent.h"
  44              		.file 8 "/usr/arm-none-eabi/include/stdlib.h"
  45              		.file 9 "../chopstx/mcu/sys-stm32f103.h"
  46              		.section	.debug_info,"",%progbits
  47              	.Ldebug_info0:
  48 0000 4F090000 		.4byte	0x94f
  49 0004 0400     		.2byte	0x4
  50 0006 00000000 		.4byte	.Ldebug_abbrev0
  51 000a 04       		.byte	0x4
  52 000b 01       		.uleb128 0x1
  53 000c 4E040000 		.4byte	.LASF131
  54 0010 0C       		.byte	0xc
  55 0011 B1050000 		.4byte	.LASF132
  56 0015 C5000000 		.4byte	.LASF133
  57 0019 00000000 		.4byte	.Ldebug_ranges0+0
ARM GAS  /tmp/ccaBG936.s 			page 2


  58 001d 00000000 		.4byte	0
  59 0021 00000000 		.4byte	.Ldebug_line0
  60 0025 02       		.uleb128 0x2
  61 0026 01       		.byte	0x1
  62 0027 06       		.byte	0x6
  63 0028 AD000000 		.4byte	.LASF0
  64 002c 03       		.uleb128 0x3
  65 002d 25000000 		.4byte	.LASF5
  66 0031 02       		.byte	0x2
  67 0032 2B       		.byte	0x2b
  68 0033 37000000 		.4byte	0x37
  69 0037 02       		.uleb128 0x2
  70 0038 01       		.byte	0x1
  71 0039 08       		.byte	0x8
  72 003a 09030000 		.4byte	.LASF1
  73 003e 02       		.uleb128 0x2
  74 003f 02       		.byte	0x2
  75 0040 05       		.byte	0x5
  76 0041 25030000 		.4byte	.LASF2
  77 0045 02       		.uleb128 0x2
  78 0046 02       		.byte	0x2
  79 0047 07       		.byte	0x7
  80 0048 F7010000 		.4byte	.LASF3
  81 004c 02       		.uleb128 0x2
  82 004d 04       		.byte	0x4
  83 004e 05       		.byte	0x5
  84 004f 02010000 		.4byte	.LASF4
  85 0053 03       		.uleb128 0x3
  86 0054 66010000 		.4byte	.LASF6
  87 0058 02       		.byte	0x2
  88 0059 4F       		.byte	0x4f
  89 005a 5E000000 		.4byte	0x5e
  90 005e 02       		.uleb128 0x2
  91 005f 04       		.byte	0x4
  92 0060 07       		.byte	0x7
  93 0061 D8010000 		.4byte	.LASF7
  94 0065 02       		.uleb128 0x2
  95 0066 08       		.byte	0x8
  96 0067 05       		.byte	0x5
  97 0068 9F000000 		.4byte	.LASF8
  98 006c 02       		.uleb128 0x2
  99 006d 08       		.byte	0x8
 100 006e 07       		.byte	0x7
 101 006f 55000000 		.4byte	.LASF9
 102 0073 04       		.uleb128 0x4
 103 0074 04       		.byte	0x4
 104 0075 05       		.byte	0x5
 105 0076 696E7400 		.ascii	"int\000"
 106 007a 02       		.uleb128 0x2
 107 007b 04       		.byte	0x4
 108 007c 07       		.byte	0x7
 109 007d B4010000 		.4byte	.LASF10
 110 0081 03       		.uleb128 0x3
 111 0082 4E050000 		.4byte	.LASF11
 112 0086 03       		.byte	0x3
 113 0087 18       		.byte	0x18
 114 0088 2C000000 		.4byte	0x2c
ARM GAS  /tmp/ccaBG936.s 			page 3


 115 008c 05       		.uleb128 0x5
 116 008d 81000000 		.4byte	0x81
 117 0091 03       		.uleb128 0x3
 118 0092 E2030000 		.4byte	.LASF12
 119 0096 03       		.byte	0x3
 120 0097 30       		.byte	0x30
 121 0098 53000000 		.4byte	0x53
 122 009c 05       		.uleb128 0x5
 123 009d 91000000 		.4byte	0x91
 124 00a1 02       		.uleb128 0x2
 125 00a2 08       		.byte	0x8
 126 00a3 04       		.byte	0x4
 127 00a4 80020000 		.4byte	.LASF13
 128 00a8 03       		.uleb128 0x3
 129 00a9 3A020000 		.4byte	.LASF14
 130 00ad 04       		.byte	0x4
 131 00ae 22       		.byte	0x22
 132 00af B3000000 		.4byte	0xb3
 133 00b3 06       		.uleb128 0x6
 134 00b4 04       		.byte	0x4
 135 00b5 B9000000 		.4byte	0xb9
 136 00b9 07       		.uleb128 0x7
 137 00ba DB030000 		.4byte	.LASF121
 138 00be 03       		.uleb128 0x3
 139 00bf D3020000 		.4byte	.LASF15
 140 00c3 05       		.byte	0x5
 141 00c4 2C       		.byte	0x2c
 142 00c5 4C000000 		.4byte	0x4c
 143 00c9 03       		.uleb128 0x3
 144 00ca 07040000 		.4byte	.LASF16
 145 00ce 05       		.byte	0x5
 146 00cf 72       		.byte	0x72
 147 00d0 4C000000 		.4byte	0x4c
 148 00d4 08       		.uleb128 0x8
 149 00d5 42020000 		.4byte	.LASF17
 150 00d9 06       		.byte	0x6
 151 00da 6501     		.2byte	0x165
 152 00dc 7A000000 		.4byte	0x7a
 153 00e0 09       		.uleb128 0x9
 154 00e1 04       		.byte	0x4
 155 00e2 05       		.byte	0x5
 156 00e3 A6       		.byte	0xa6
 157 00e4 FF000000 		.4byte	0xff
 158 00e8 0A       		.uleb128 0xa
 159 00e9 34020000 		.4byte	.LASF18
 160 00ed 05       		.byte	0x5
 161 00ee A8       		.byte	0xa8
 162 00ef D4000000 		.4byte	0xd4
 163 00f3 0A       		.uleb128 0xa
 164 00f4 C1010000 		.4byte	.LASF19
 165 00f8 05       		.byte	0x5
 166 00f9 A9       		.byte	0xa9
 167 00fa FF000000 		.4byte	0xff
 168 00fe 00       		.byte	0
 169 00ff 0B       		.uleb128 0xb
 170 0100 37000000 		.4byte	0x37
 171 0104 0F010000 		.4byte	0x10f
ARM GAS  /tmp/ccaBG936.s 			page 4


 172 0108 0C       		.uleb128 0xc
 173 0109 7A000000 		.4byte	0x7a
 174 010d 03       		.byte	0x3
 175 010e 00       		.byte	0
 176 010f 0D       		.uleb128 0xd
 177 0110 08       		.byte	0x8
 178 0111 05       		.byte	0x5
 179 0112 A3       		.byte	0xa3
 180 0113 30010000 		.4byte	0x130
 181 0117 0E       		.uleb128 0xe
 182 0118 D3030000 		.4byte	.LASF20
 183 011c 05       		.byte	0x5
 184 011d A5       		.byte	0xa5
 185 011e 73000000 		.4byte	0x73
 186 0122 00       		.byte	0
 187 0123 0E       		.uleb128 0xe
 188 0124 46040000 		.4byte	.LASF21
 189 0128 05       		.byte	0x5
 190 0129 AA       		.byte	0xaa
 191 012a E0000000 		.4byte	0xe0
 192 012e 04       		.byte	0x4
 193 012f 00       		.byte	0
 194 0130 03       		.uleb128 0x3
 195 0131 4D030000 		.4byte	.LASF22
 196 0135 05       		.byte	0x5
 197 0136 AB       		.byte	0xab
 198 0137 0F010000 		.4byte	0x10f
 199 013b 03       		.uleb128 0x3
 200 013c 77010000 		.4byte	.LASF23
 201 0140 05       		.byte	0x5
 202 0141 AF       		.byte	0xaf
 203 0142 A8000000 		.4byte	0xa8
 204 0146 0F       		.uleb128 0xf
 205 0147 04       		.byte	0x4
 206 0148 06       		.uleb128 0x6
 207 0149 04       		.byte	0x4
 208 014a 4E010000 		.4byte	0x14e
 209 014e 02       		.uleb128 0x2
 210 014f 01       		.byte	0x1
 211 0150 08       		.byte	0x8
 212 0151 16040000 		.4byte	.LASF24
 213 0155 05       		.uleb128 0x5
 214 0156 4E010000 		.4byte	0x14e
 215 015a 03       		.uleb128 0x3
 216 015b 04050000 		.4byte	.LASF25
 217 015f 07       		.byte	0x7
 218 0160 16       		.byte	0x16
 219 0161 5E000000 		.4byte	0x5e
 220 0165 10       		.uleb128 0x10
 221 0166 88010000 		.4byte	.LASF30
 222 016a 18       		.byte	0x18
 223 016b 07       		.byte	0x7
 224 016c 2F       		.byte	0x2f
 225 016d B8010000 		.4byte	0x1b8
 226 0171 0E       		.uleb128 0xe
 227 0172 33040000 		.4byte	.LASF26
 228 0176 07       		.byte	0x7
ARM GAS  /tmp/ccaBG936.s 			page 5


 229 0177 31       		.byte	0x31
 230 0178 B8010000 		.4byte	0x1b8
 231 017c 00       		.byte	0
 232 017d 11       		.uleb128 0x11
 233 017e 5F6B00   		.ascii	"_k\000"
 234 0181 07       		.byte	0x7
 235 0182 32       		.byte	0x32
 236 0183 73000000 		.4byte	0x73
 237 0187 04       		.byte	0x4
 238 0188 0E       		.uleb128 0xe
 239 0189 BE030000 		.4byte	.LASF27
 240 018d 07       		.byte	0x7
 241 018e 32       		.byte	0x32
 242 018f 73000000 		.4byte	0x73
 243 0193 08       		.byte	0x8
 244 0194 0E       		.uleb128 0xe
 245 0195 71010000 		.4byte	.LASF28
 246 0199 07       		.byte	0x7
 247 019a 32       		.byte	0x32
 248 019b 73000000 		.4byte	0x73
 249 019f 0C       		.byte	0xc
 250 01a0 0E       		.uleb128 0xe
 251 01a1 39050000 		.4byte	.LASF29
 252 01a5 07       		.byte	0x7
 253 01a6 32       		.byte	0x32
 254 01a7 73000000 		.4byte	0x73
 255 01ab 10       		.byte	0x10
 256 01ac 11       		.uleb128 0x11
 257 01ad 5F7800   		.ascii	"_x\000"
 258 01b0 07       		.byte	0x7
 259 01b1 33       		.byte	0x33
 260 01b2 BE010000 		.4byte	0x1be
 261 01b6 14       		.byte	0x14
 262 01b7 00       		.byte	0
 263 01b8 06       		.uleb128 0x6
 264 01b9 04       		.byte	0x4
 265 01ba 65010000 		.4byte	0x165
 266 01be 0B       		.uleb128 0xb
 267 01bf 5A010000 		.4byte	0x15a
 268 01c3 CE010000 		.4byte	0x1ce
 269 01c7 0C       		.uleb128 0xc
 270 01c8 7A000000 		.4byte	0x7a
 271 01cc 00       		.byte	0
 272 01cd 00       		.byte	0
 273 01ce 10       		.uleb128 0x10
 274 01cf AF010000 		.4byte	.LASF31
 275 01d3 24       		.byte	0x24
 276 01d4 07       		.byte	0x7
 277 01d5 37       		.byte	0x37
 278 01d6 47020000 		.4byte	0x247
 279 01da 0E       		.uleb128 0xe
 280 01db 96000000 		.4byte	.LASF32
 281 01df 07       		.byte	0x7
 282 01e0 39       		.byte	0x39
 283 01e1 73000000 		.4byte	0x73
 284 01e5 00       		.byte	0
 285 01e6 0E       		.uleb128 0xe
ARM GAS  /tmp/ccaBG936.s 			page 6


 286 01e7 1B040000 		.4byte	.LASF33
 287 01eb 07       		.byte	0x7
 288 01ec 3A       		.byte	0x3a
 289 01ed 73000000 		.4byte	0x73
 290 01f1 04       		.byte	0x4
 291 01f2 0E       		.uleb128 0xe
 292 01f3 EB030000 		.4byte	.LASF34
 293 01f7 07       		.byte	0x7
 294 01f8 3B       		.byte	0x3b
 295 01f9 73000000 		.4byte	0x73
 296 01fd 08       		.byte	0x8
 297 01fe 0E       		.uleb128 0xe
 298 01ff FF020000 		.4byte	.LASF35
 299 0203 07       		.byte	0x7
 300 0204 3C       		.byte	0x3c
 301 0205 73000000 		.4byte	0x73
 302 0209 0C       		.byte	0xc
 303 020a 0E       		.uleb128 0xe
 304 020b AD020000 		.4byte	.LASF36
 305 020f 07       		.byte	0x7
 306 0210 3D       		.byte	0x3d
 307 0211 73000000 		.4byte	0x73
 308 0215 10       		.byte	0x10
 309 0216 0E       		.uleb128 0xe
 310 0217 5E020000 		.4byte	.LASF37
 311 021b 07       		.byte	0x7
 312 021c 3E       		.byte	0x3e
 313 021d 73000000 		.4byte	0x73
 314 0221 14       		.byte	0x14
 315 0222 0E       		.uleb128 0xe
 316 0223 3E050000 		.4byte	.LASF38
 317 0227 07       		.byte	0x7
 318 0228 3F       		.byte	0x3f
 319 0229 73000000 		.4byte	0x73
 320 022d 18       		.byte	0x18
 321 022e 0E       		.uleb128 0xe
 322 022f 2F030000 		.4byte	.LASF39
 323 0233 07       		.byte	0x7
 324 0234 40       		.byte	0x40
 325 0235 73000000 		.4byte	0x73
 326 0239 1C       		.byte	0x1c
 327 023a 0E       		.uleb128 0xe
 328 023b 78050000 		.4byte	.LASF40
 329 023f 07       		.byte	0x7
 330 0240 41       		.byte	0x41
 331 0241 73000000 		.4byte	0x73
 332 0245 20       		.byte	0x20
 333 0246 00       		.byte	0
 334 0247 12       		.uleb128 0x12
 335 0248 E4000000 		.4byte	.LASF41
 336 024c 0801     		.2byte	0x108
 337 024e 07       		.byte	0x7
 338 024f 4A       		.byte	0x4a
 339 0250 87020000 		.4byte	0x287
 340 0254 0E       		.uleb128 0xe
 341 0255 59010000 		.4byte	.LASF42
 342 0259 07       		.byte	0x7
ARM GAS  /tmp/ccaBG936.s 			page 7


 343 025a 4B       		.byte	0x4b
 344 025b 87020000 		.4byte	0x287
 345 025f 00       		.byte	0
 346 0260 0E       		.uleb128 0xe
 347 0261 00000000 		.4byte	.LASF43
 348 0265 07       		.byte	0x7
 349 0266 4C       		.byte	0x4c
 350 0267 87020000 		.4byte	0x287
 351 026b 80       		.byte	0x80
 352 026c 13       		.uleb128 0x13
 353 026d 24040000 		.4byte	.LASF44
 354 0271 07       		.byte	0x7
 355 0272 4E       		.byte	0x4e
 356 0273 5A010000 		.4byte	0x15a
 357 0277 0001     		.2byte	0x100
 358 0279 13       		.uleb128 0x13
 359 027a 12010000 		.4byte	.LASF45
 360 027e 07       		.byte	0x7
 361 027f 51       		.byte	0x51
 362 0280 5A010000 		.4byte	0x15a
 363 0284 0401     		.2byte	0x104
 364 0286 00       		.byte	0
 365 0287 0B       		.uleb128 0xb
 366 0288 46010000 		.4byte	0x146
 367 028c 97020000 		.4byte	0x297
 368 0290 0C       		.uleb128 0xc
 369 0291 7A000000 		.4byte	0x7a
 370 0295 1F       		.byte	0x1f
 371 0296 00       		.byte	0
 372 0297 12       		.uleb128 0x12
 373 0298 B6020000 		.4byte	.LASF46
 374 029c 9001     		.2byte	0x190
 375 029e 07       		.byte	0x7
 376 029f 5D       		.byte	0x5d
 377 02a0 D5020000 		.4byte	0x2d5
 378 02a4 0E       		.uleb128 0xe
 379 02a5 33040000 		.4byte	.LASF26
 380 02a9 07       		.byte	0x7
 381 02aa 5E       		.byte	0x5e
 382 02ab D5020000 		.4byte	0x2d5
 383 02af 00       		.byte	0
 384 02b0 0E       		.uleb128 0xe
 385 02b1 8E030000 		.4byte	.LASF47
 386 02b5 07       		.byte	0x7
 387 02b6 5F       		.byte	0x5f
 388 02b7 73000000 		.4byte	0x73
 389 02bb 04       		.byte	0x4
 390 02bc 0E       		.uleb128 0xe
 391 02bd 61010000 		.4byte	.LASF48
 392 02c1 07       		.byte	0x7
 393 02c2 61       		.byte	0x61
 394 02c3 DB020000 		.4byte	0x2db
 395 02c7 08       		.byte	0x8
 396 02c8 0E       		.uleb128 0xe
 397 02c9 E4000000 		.4byte	.LASF41
 398 02cd 07       		.byte	0x7
 399 02ce 62       		.byte	0x62
ARM GAS  /tmp/ccaBG936.s 			page 8


 400 02cf 47020000 		.4byte	0x247
 401 02d3 88       		.byte	0x88
 402 02d4 00       		.byte	0
 403 02d5 06       		.uleb128 0x6
 404 02d6 04       		.byte	0x4
 405 02d7 97020000 		.4byte	0x297
 406 02db 0B       		.uleb128 0xb
 407 02dc EB020000 		.4byte	0x2eb
 408 02e0 EB020000 		.4byte	0x2eb
 409 02e4 0C       		.uleb128 0xc
 410 02e5 7A000000 		.4byte	0x7a
 411 02e9 1F       		.byte	0x1f
 412 02ea 00       		.byte	0
 413 02eb 06       		.uleb128 0x6
 414 02ec 04       		.byte	0x4
 415 02ed F1020000 		.4byte	0x2f1
 416 02f1 14       		.uleb128 0x14
 417 02f2 10       		.uleb128 0x10
 418 02f3 39030000 		.4byte	.LASF49
 419 02f7 08       		.byte	0x8
 420 02f8 07       		.byte	0x7
 421 02f9 75       		.byte	0x75
 422 02fa 17030000 		.4byte	0x317
 423 02fe 0E       		.uleb128 0xe
 424 02ff BF000000 		.4byte	.LASF50
 425 0303 07       		.byte	0x7
 426 0304 76       		.byte	0x76
 427 0305 17030000 		.4byte	0x317
 428 0309 00       		.byte	0
 429 030a 0E       		.uleb128 0xe
 430 030b 0C000000 		.4byte	.LASF51
 431 030f 07       		.byte	0x7
 432 0310 77       		.byte	0x77
 433 0311 73000000 		.4byte	0x73
 434 0315 04       		.byte	0x4
 435 0316 00       		.byte	0
 436 0317 06       		.uleb128 0x6
 437 0318 04       		.byte	0x4
 438 0319 37000000 		.4byte	0x37
 439 031d 10       		.uleb128 0x10
 440 031e 58030000 		.4byte	.LASF52
 441 0322 68       		.byte	0x68
 442 0323 07       		.byte	0x7
 443 0324 B5       		.byte	0xb5
 444 0325 47040000 		.4byte	0x447
 445 0329 11       		.uleb128 0x11
 446 032a 5F7000   		.ascii	"_p\000"
 447 032d 07       		.byte	0x7
 448 032e B6       		.byte	0xb6
 449 032f 17030000 		.4byte	0x317
 450 0333 00       		.byte	0
 451 0334 11       		.uleb128 0x11
 452 0335 5F7200   		.ascii	"_r\000"
 453 0338 07       		.byte	0x7
 454 0339 B7       		.byte	0xb7
 455 033a 73000000 		.4byte	0x73
 456 033e 04       		.byte	0x4
ARM GAS  /tmp/ccaBG936.s 			page 9


 457 033f 11       		.uleb128 0x11
 458 0340 5F7700   		.ascii	"_w\000"
 459 0343 07       		.byte	0x7
 460 0344 B8       		.byte	0xb8
 461 0345 73000000 		.4byte	0x73
 462 0349 08       		.byte	0x8
 463 034a 0E       		.uleb128 0xe
 464 034b 0B010000 		.4byte	.LASF53
 465 034f 07       		.byte	0x7
 466 0350 B9       		.byte	0xb9
 467 0351 3E000000 		.4byte	0x3e
 468 0355 0C       		.byte	0xc
 469 0356 0E       		.uleb128 0xe
 470 0357 EA010000 		.4byte	.LASF54
 471 035b 07       		.byte	0x7
 472 035c BA       		.byte	0xba
 473 035d 3E000000 		.4byte	0x3e
 474 0361 0E       		.byte	0xe
 475 0362 11       		.uleb128 0x11
 476 0363 5F626600 		.ascii	"_bf\000"
 477 0367 07       		.byte	0x7
 478 0368 BB       		.byte	0xbb
 479 0369 F2020000 		.4byte	0x2f2
 480 036d 10       		.byte	0x10
 481 036e 0E       		.uleb128 0xe
 482 036f 6C000000 		.4byte	.LASF55
 483 0373 07       		.byte	0x7
 484 0374 BC       		.byte	0xbc
 485 0375 73000000 		.4byte	0x73
 486 0379 18       		.byte	0x18
 487 037a 0E       		.uleb128 0xe
 488 037b F2000000 		.4byte	.LASF56
 489 037f 07       		.byte	0x7
 490 0380 C3       		.byte	0xc3
 491 0381 46010000 		.4byte	0x146
 492 0385 1C       		.byte	0x1c
 493 0386 0E       		.uleb128 0xe
 494 0387 9F010000 		.4byte	.LASF57
 495 038b 07       		.byte	0x7
 496 038c C5       		.byte	0xc5
 497 038d A2050000 		.4byte	0x5a2
 498 0391 20       		.byte	0x20
 499 0392 0E       		.uleb128 0xe
 500 0393 57020000 		.4byte	.LASF58
 501 0397 07       		.byte	0x7
 502 0398 C7       		.byte	0xc7
 503 0399 CC050000 		.4byte	0x5cc
 504 039d 24       		.byte	0x24
 505 039e 0E       		.uleb128 0xe
 506 039f F5030000 		.4byte	.LASF59
 507 03a3 07       		.byte	0x7
 508 03a4 CA       		.byte	0xca
 509 03a5 F0050000 		.4byte	0x5f0
 510 03a9 28       		.byte	0x28
 511 03aa 0E       		.uleb128 0xe
 512 03ab 92050000 		.4byte	.LASF60
 513 03af 07       		.byte	0x7
ARM GAS  /tmp/ccaBG936.s 			page 10


 514 03b0 CB       		.byte	0xcb
 515 03b1 0A060000 		.4byte	0x60a
 516 03b5 2C       		.byte	0x2c
 517 03b6 11       		.uleb128 0x11
 518 03b7 5F756200 		.ascii	"_ub\000"
 519 03bb 07       		.byte	0x7
 520 03bc CE       		.byte	0xce
 521 03bd F2020000 		.4byte	0x2f2
 522 03c1 30       		.byte	0x30
 523 03c2 11       		.uleb128 0x11
 524 03c3 5F757000 		.ascii	"_up\000"
 525 03c7 07       		.byte	0x7
 526 03c8 CF       		.byte	0xcf
 527 03c9 17030000 		.4byte	0x317
 528 03cd 38       		.byte	0x38
 529 03ce 11       		.uleb128 0x11
 530 03cf 5F757200 		.ascii	"_ur\000"
 531 03d3 07       		.byte	0x7
 532 03d4 D0       		.byte	0xd0
 533 03d5 73000000 		.4byte	0x73
 534 03d9 3C       		.byte	0x3c
 535 03da 0E       		.uleb128 0xe
 536 03db B9000000 		.4byte	.LASF61
 537 03df 07       		.byte	0x7
 538 03e0 D3       		.byte	0xd3
 539 03e1 10060000 		.4byte	0x610
 540 03e5 40       		.byte	0x40
 541 03e6 0E       		.uleb128 0xe
 542 03e7 6A050000 		.4byte	.LASF62
 543 03eb 07       		.byte	0x7
 544 03ec D4       		.byte	0xd4
 545 03ed 20060000 		.4byte	0x620
 546 03f1 43       		.byte	0x43
 547 03f2 11       		.uleb128 0x11
 548 03f3 5F6C6200 		.ascii	"_lb\000"
 549 03f7 07       		.byte	0x7
 550 03f8 D7       		.byte	0xd7
 551 03f9 F2020000 		.4byte	0x2f2
 552 03fd 44       		.byte	0x44
 553 03fe 0E       		.uleb128 0xe
 554 03ff 21010000 		.4byte	.LASF63
 555 0403 07       		.byte	0x7
 556 0404 DA       		.byte	0xda
 557 0405 73000000 		.4byte	0x73
 558 0409 4C       		.byte	0x4c
 559 040a 0E       		.uleb128 0xe
 560 040b 32010000 		.4byte	.LASF64
 561 040f 07       		.byte	0x7
 562 0410 DB       		.byte	0xdb
 563 0411 BE000000 		.4byte	0xbe
 564 0415 50       		.byte	0x50
 565 0416 0E       		.uleb128 0xe
 566 0417 2F000000 		.4byte	.LASF65
 567 041b 07       		.byte	0x7
 568 041c DE       		.byte	0xde
 569 041d 65040000 		.4byte	0x465
 570 0421 54       		.byte	0x54
ARM GAS  /tmp/ccaBG936.s 			page 11


 571 0422 0E       		.uleb128 0xe
 572 0423 49020000 		.4byte	.LASF66
 573 0427 07       		.byte	0x7
 574 0428 E2       		.byte	0xe2
 575 0429 3B010000 		.4byte	0x13b
 576 042d 58       		.byte	0x58
 577 042e 0E       		.uleb128 0xe
 578 042f 68030000 		.4byte	.LASF67
 579 0433 07       		.byte	0x7
 580 0434 E4       		.byte	0xe4
 581 0435 30010000 		.4byte	0x130
 582 0439 5C       		.byte	0x5c
 583 043a 0E       		.uleb128 0xe
 584 043b 4F020000 		.4byte	.LASF68
 585 043f 07       		.byte	0x7
 586 0440 E5       		.byte	0xe5
 587 0441 73000000 		.4byte	0x73
 588 0445 64       		.byte	0x64
 589 0446 00       		.byte	0
 590 0447 15       		.uleb128 0x15
 591 0448 73000000 		.4byte	0x73
 592 044c 65040000 		.4byte	0x465
 593 0450 16       		.uleb128 0x16
 594 0451 65040000 		.4byte	0x465
 595 0455 16       		.uleb128 0x16
 596 0456 46010000 		.4byte	0x146
 597 045a 16       		.uleb128 0x16
 598 045b 48010000 		.4byte	0x148
 599 045f 16       		.uleb128 0x16
 600 0460 73000000 		.4byte	0x73
 601 0464 00       		.byte	0
 602 0465 06       		.uleb128 0x6
 603 0466 04       		.byte	0x4
 604 0467 70040000 		.4byte	0x470
 605 046b 05       		.uleb128 0x5
 606 046c 65040000 		.4byte	0x465
 607 0470 17       		.uleb128 0x17
 608 0471 C6030000 		.4byte	.LASF69
 609 0475 2804     		.2byte	0x428
 610 0477 07       		.byte	0x7
 611 0478 6002     		.2byte	0x260
 612 047a A2050000 		.4byte	0x5a2
 613 047e 18       		.uleb128 0x18
 614 047f 0F040000 		.4byte	.LASF70
 615 0483 07       		.byte	0x7
 616 0484 6202     		.2byte	0x262
 617 0486 73000000 		.4byte	0x73
 618 048a 00       		.byte	0
 619 048b 18       		.uleb128 0x18
 620 048c 1A010000 		.4byte	.LASF71
 621 0490 07       		.byte	0x7
 622 0491 6702     		.2byte	0x267
 623 0493 77060000 		.4byte	0x677
 624 0497 04       		.byte	0x4
 625 0498 18       		.uleb128 0x18
 626 0499 C8010000 		.4byte	.LASF72
 627 049d 07       		.byte	0x7
ARM GAS  /tmp/ccaBG936.s 			page 12


 628 049e 6702     		.2byte	0x267
 629 04a0 77060000 		.4byte	0x677
 630 04a4 08       		.byte	0x8
 631 04a5 18       		.uleb128 0x18
 632 04a6 80010000 		.4byte	.LASF73
 633 04aa 07       		.byte	0x7
 634 04ab 6702     		.2byte	0x267
 635 04ad 77060000 		.4byte	0x677
 636 04b1 0C       		.byte	0xc
 637 04b2 18       		.uleb128 0x18
 638 04b3 89030000 		.4byte	.LASF74
 639 04b7 07       		.byte	0x7
 640 04b8 6902     		.2byte	0x269
 641 04ba 73000000 		.4byte	0x73
 642 04be 10       		.byte	0x10
 643 04bf 18       		.uleb128 0x18
 644 04c0 1A000000 		.4byte	.LASF75
 645 04c4 07       		.byte	0x7
 646 04c5 6A02     		.2byte	0x26a
 647 04c7 59080000 		.4byte	0x859
 648 04cb 14       		.byte	0x14
 649 04cc 18       		.uleb128 0x18
 650 04cd A5030000 		.4byte	.LASF76
 651 04d1 07       		.byte	0x7
 652 04d2 6D02     		.2byte	0x26d
 653 04d4 73000000 		.4byte	0x73
 654 04d8 30       		.byte	0x30
 655 04d9 18       		.uleb128 0x18
 656 04da 93030000 		.4byte	.LASF77
 657 04de 07       		.byte	0x7
 658 04df 6E02     		.2byte	0x26e
 659 04e1 6E080000 		.4byte	0x86e
 660 04e5 34       		.byte	0x34
 661 04e6 18       		.uleb128 0x18
 662 04e7 C8020000 		.4byte	.LASF78
 663 04eb 07       		.byte	0x7
 664 04ec 7002     		.2byte	0x270
 665 04ee 73000000 		.4byte	0x73
 666 04f2 38       		.byte	0x38
 667 04f3 18       		.uleb128 0x18
 668 04f4 9B030000 		.4byte	.LASF79
 669 04f8 07       		.byte	0x7
 670 04f9 7202     		.2byte	0x272
 671 04fb 7F080000 		.4byte	0x87f
 672 04ff 3C       		.byte	0x3c
 673 0500 18       		.uleb128 0x18
 674 0501 2C020000 		.4byte	.LASF80
 675 0505 07       		.byte	0x7
 676 0506 7502     		.2byte	0x275
 677 0508 B8010000 		.4byte	0x1b8
 678 050c 40       		.byte	0x40
 679 050d 18       		.uleb128 0x18
 680 050e A5010000 		.4byte	.LASF81
 681 0512 07       		.byte	0x7
 682 0513 7602     		.2byte	0x276
 683 0515 73000000 		.4byte	0x73
 684 0519 44       		.byte	0x44
ARM GAS  /tmp/ccaBG936.s 			page 13


 685 051a 18       		.uleb128 0x18
 686 051b AC050000 		.4byte	.LASF82
 687 051f 07       		.byte	0x7
 688 0520 7702     		.2byte	0x277
 689 0522 B8010000 		.4byte	0x1b8
 690 0526 48       		.byte	0x48
 691 0527 18       		.uleb128 0x18
 692 0528 DA020000 		.4byte	.LASF83
 693 052c 07       		.byte	0x7
 694 052d 7802     		.2byte	0x278
 695 052f 85080000 		.4byte	0x885
 696 0533 4C       		.byte	0x4c
 697 0534 18       		.uleb128 0x18
 698 0535 D0010000 		.4byte	.LASF84
 699 0539 07       		.byte	0x7
 700 053a 7B02     		.2byte	0x27b
 701 053c 73000000 		.4byte	0x73
 702 0540 50       		.byte	0x50
 703 0541 18       		.uleb128 0x18
 704 0542 2A010000 		.4byte	.LASF85
 705 0546 07       		.byte	0x7
 706 0547 7C02     		.2byte	0x27c
 707 0549 48010000 		.4byte	0x148
 708 054d 54       		.byte	0x54
 709 054e 18       		.uleb128 0x18
 710 054f 17030000 		.4byte	.LASF86
 711 0553 07       		.byte	0x7
 712 0554 9F02     		.2byte	0x29f
 713 0556 37080000 		.4byte	0x837
 714 055a 58       		.byte	0x58
 715 055b 19       		.uleb128 0x19
 716 055c B6020000 		.4byte	.LASF46
 717 0560 07       		.byte	0x7
 718 0561 A302     		.2byte	0x2a3
 719 0563 D5020000 		.4byte	0x2d5
 720 0567 4801     		.2byte	0x148
 721 0569 19       		.uleb128 0x19
 722 056a 0A020000 		.4byte	.LASF87
 723 056e 07       		.byte	0x7
 724 056f A402     		.2byte	0x2a4
 725 0571 97020000 		.4byte	0x297
 726 0575 4C01     		.2byte	0x14c
 727 0577 19       		.uleb128 0x19
 728 0578 60050000 		.4byte	.LASF88
 729 057c 07       		.byte	0x7
 730 057d A802     		.2byte	0x2a8
 731 057f 96080000 		.4byte	0x896
 732 0583 DC02     		.2byte	0x2dc
 733 0585 19       		.uleb128 0x19
 734 0586 FA000000 		.4byte	.LASF89
 735 058a 07       		.byte	0x7
 736 058b AD02     		.2byte	0x2ad
 737 058d 3C060000 		.4byte	0x63c
 738 0591 E002     		.2byte	0x2e0
 739 0593 19       		.uleb128 0x19
 740 0594 DF000000 		.4byte	.LASF90
 741 0598 07       		.byte	0x7
ARM GAS  /tmp/ccaBG936.s 			page 14


 742 0599 AF02     		.2byte	0x2af
 743 059b A2080000 		.4byte	0x8a2
 744 059f EC02     		.2byte	0x2ec
 745 05a1 00       		.byte	0
 746 05a2 06       		.uleb128 0x6
 747 05a3 04       		.byte	0x4
 748 05a4 47040000 		.4byte	0x447
 749 05a8 15       		.uleb128 0x15
 750 05a9 73000000 		.4byte	0x73
 751 05ad C6050000 		.4byte	0x5c6
 752 05b1 16       		.uleb128 0x16
 753 05b2 65040000 		.4byte	0x465
 754 05b6 16       		.uleb128 0x16
 755 05b7 46010000 		.4byte	0x146
 756 05bb 16       		.uleb128 0x16
 757 05bc C6050000 		.4byte	0x5c6
 758 05c0 16       		.uleb128 0x16
 759 05c1 73000000 		.4byte	0x73
 760 05c5 00       		.byte	0
 761 05c6 06       		.uleb128 0x6
 762 05c7 04       		.byte	0x4
 763 05c8 55010000 		.4byte	0x155
 764 05cc 06       		.uleb128 0x6
 765 05cd 04       		.byte	0x4
 766 05ce A8050000 		.4byte	0x5a8
 767 05d2 15       		.uleb128 0x15
 768 05d3 C9000000 		.4byte	0xc9
 769 05d7 F0050000 		.4byte	0x5f0
 770 05db 16       		.uleb128 0x16
 771 05dc 65040000 		.4byte	0x465
 772 05e0 16       		.uleb128 0x16
 773 05e1 46010000 		.4byte	0x146
 774 05e5 16       		.uleb128 0x16
 775 05e6 C9000000 		.4byte	0xc9
 776 05ea 16       		.uleb128 0x16
 777 05eb 73000000 		.4byte	0x73
 778 05ef 00       		.byte	0
 779 05f0 06       		.uleb128 0x6
 780 05f1 04       		.byte	0x4
 781 05f2 D2050000 		.4byte	0x5d2
 782 05f6 15       		.uleb128 0x15
 783 05f7 73000000 		.4byte	0x73
 784 05fb 0A060000 		.4byte	0x60a
 785 05ff 16       		.uleb128 0x16
 786 0600 65040000 		.4byte	0x465
 787 0604 16       		.uleb128 0x16
 788 0605 46010000 		.4byte	0x146
 789 0609 00       		.byte	0
 790 060a 06       		.uleb128 0x6
 791 060b 04       		.byte	0x4
 792 060c F6050000 		.4byte	0x5f6
 793 0610 0B       		.uleb128 0xb
 794 0611 37000000 		.4byte	0x37
 795 0615 20060000 		.4byte	0x620
 796 0619 0C       		.uleb128 0xc
 797 061a 7A000000 		.4byte	0x7a
 798 061e 02       		.byte	0x2
ARM GAS  /tmp/ccaBG936.s 			page 15


 799 061f 00       		.byte	0
 800 0620 0B       		.uleb128 0xb
 801 0621 37000000 		.4byte	0x37
 802 0625 30060000 		.4byte	0x630
 803 0629 0C       		.uleb128 0xc
 804 062a 7A000000 		.4byte	0x7a
 805 062e 00       		.byte	0
 806 062f 00       		.byte	0
 807 0630 08       		.uleb128 0x8
 808 0631 46030000 		.4byte	.LASF91
 809 0635 07       		.byte	0x7
 810 0636 1F01     		.2byte	0x11f
 811 0638 1D030000 		.4byte	0x31d
 812 063c 1A       		.uleb128 0x1a
 813 063d 48050000 		.4byte	.LASF92
 814 0641 0C       		.byte	0xc
 815 0642 07       		.byte	0x7
 816 0643 2301     		.2byte	0x123
 817 0645 71060000 		.4byte	0x671
 818 0649 18       		.uleb128 0x18
 819 064a 33040000 		.4byte	.LASF26
 820 064e 07       		.byte	0x7
 821 064f 2501     		.2byte	0x125
 822 0651 71060000 		.4byte	0x671
 823 0655 00       		.byte	0
 824 0656 18       		.uleb128 0x18
 825 0657 F0010000 		.4byte	.LASF93
 826 065b 07       		.byte	0x7
 827 065c 2601     		.2byte	0x126
 828 065e 73000000 		.4byte	0x73
 829 0662 04       		.byte	0x4
 830 0663 18       		.uleb128 0x18
 831 0664 40030000 		.4byte	.LASF94
 832 0668 07       		.byte	0x7
 833 0669 2701     		.2byte	0x127
 834 066b 77060000 		.4byte	0x677
 835 066f 08       		.byte	0x8
 836 0670 00       		.byte	0
 837 0671 06       		.uleb128 0x6
 838 0672 04       		.byte	0x4
 839 0673 3C060000 		.4byte	0x63c
 840 0677 06       		.uleb128 0x6
 841 0678 04       		.byte	0x4
 842 0679 30060000 		.4byte	0x630
 843 067d 1A       		.uleb128 0x1a
 844 067e 12000000 		.4byte	.LASF95
 845 0682 0E       		.byte	0xe
 846 0683 07       		.byte	0x7
 847 0684 3F01     		.2byte	0x13f
 848 0686 B2060000 		.4byte	0x6b2
 849 068a 18       		.uleb128 0x18
 850 068b CD030000 		.4byte	.LASF96
 851 068f 07       		.byte	0x7
 852 0690 4001     		.2byte	0x140
 853 0692 B2060000 		.4byte	0x6b2
 854 0696 00       		.byte	0
 855 0697 18       		.uleb128 0x18
ARM GAS  /tmp/ccaBG936.s 			page 16


 856 0698 2D040000 		.4byte	.LASF97
 857 069c 07       		.byte	0x7
 858 069d 4101     		.2byte	0x141
 859 069f B2060000 		.4byte	0x6b2
 860 06a3 06       		.byte	0x6
 861 06a4 18       		.uleb128 0x18
 862 06a5 FF040000 		.4byte	.LASF98
 863 06a9 07       		.byte	0x7
 864 06aa 4201     		.2byte	0x142
 865 06ac 45000000 		.4byte	0x45
 866 06b0 0C       		.byte	0xc
 867 06b1 00       		.byte	0
 868 06b2 0B       		.uleb128 0xb
 869 06b3 45000000 		.4byte	0x45
 870 06b7 C2060000 		.4byte	0x6c2
 871 06bb 0C       		.uleb128 0xc
 872 06bc 7A000000 		.4byte	0x7a
 873 06c0 02       		.byte	0x2
 874 06c1 00       		.byte	0
 875 06c2 1B       		.uleb128 0x1b
 876 06c3 D0       		.byte	0xd0
 877 06c4 07       		.byte	0x7
 878 06c5 8002     		.2byte	0x280
 879 06c7 C3070000 		.4byte	0x7c3
 880 06cb 18       		.uleb128 0x18
 881 06cc 2C050000 		.4byte	.LASF99
 882 06d0 07       		.byte	0x7
 883 06d1 8202     		.2byte	0x282
 884 06d3 7A000000 		.4byte	0x7a
 885 06d7 00       		.byte	0
 886 06d8 18       		.uleb128 0x18
 887 06d9 39040000 		.4byte	.LASF100
 888 06dd 07       		.byte	0x7
 889 06de 8302     		.2byte	0x283
 890 06e0 48010000 		.4byte	0x148
 891 06e4 04       		.byte	0x4
 892 06e5 18       		.uleb128 0x18
 893 06e6 1F020000 		.4byte	.LASF101
 894 06ea 07       		.byte	0x7
 895 06eb 8402     		.2byte	0x284
 896 06ed C3070000 		.4byte	0x7c3
 897 06f1 08       		.byte	0x8
 898 06f2 18       		.uleb128 0x18
 899 06f3 83050000 		.4byte	.LASF102
 900 06f7 07       		.byte	0x7
 901 06f8 8502     		.2byte	0x285
 902 06fa CE010000 		.4byte	0x1ce
 903 06fe 24       		.byte	0x24
 904 06ff 18       		.uleb128 0x18
 905 0700 90010000 		.4byte	.LASF103
 906 0704 07       		.byte	0x7
 907 0705 8602     		.2byte	0x286
 908 0707 73000000 		.4byte	0x73
 909 070b 48       		.byte	0x48
 910 070c 18       		.uleb128 0x18
 911 070d 71030000 		.4byte	.LASF104
 912 0711 07       		.byte	0x7
ARM GAS  /tmp/ccaBG936.s 			page 17


 913 0712 8702     		.2byte	0x287
 914 0714 6C000000 		.4byte	0x6c
 915 0718 50       		.byte	0x50
 916 0719 18       		.uleb128 0x18
 917 071a 99050000 		.4byte	.LASF105
 918 071e 07       		.byte	0x7
 919 071f 8802     		.2byte	0x288
 920 0721 7D060000 		.4byte	0x67d
 921 0725 58       		.byte	0x58
 922 0726 18       		.uleb128 0x18
 923 0727 7C030000 		.4byte	.LASF106
 924 072b 07       		.byte	0x7
 925 072c 8902     		.2byte	0x289
 926 072e 30010000 		.4byte	0x130
 927 0732 68       		.byte	0x68
 928 0733 18       		.uleb128 0x18
 929 0734 9E050000 		.4byte	.LASF107
 930 0738 07       		.byte	0x7
 931 0739 8A02     		.2byte	0x28a
 932 073b 30010000 		.4byte	0x130
 933 073f 70       		.byte	0x70
 934 0740 18       		.uleb128 0x18
 935 0741 F1020000 		.4byte	.LASF108
 936 0745 07       		.byte	0x7
 937 0746 8B02     		.2byte	0x28b
 938 0748 30010000 		.4byte	0x130
 939 074c 78       		.byte	0x78
 940 074d 18       		.uleb128 0x18
 941 074e 56050000 		.4byte	.LASF109
 942 0752 07       		.byte	0x7
 943 0753 8C02     		.2byte	0x28c
 944 0755 D3070000 		.4byte	0x7d3
 945 0759 80       		.byte	0x80
 946 075a 18       		.uleb128 0x18
 947 075b 13020000 		.4byte	.LASF110
 948 075f 07       		.byte	0x7
 949 0760 8D02     		.2byte	0x28d
 950 0762 E3070000 		.4byte	0x7e3
 951 0766 88       		.byte	0x88
 952 0767 18       		.uleb128 0x18
 953 0768 0C050000 		.4byte	.LASF111
 954 076c 07       		.byte	0x7
 955 076d 8E02     		.2byte	0x28e
 956 076f 73000000 		.4byte	0x73
 957 0773 A0       		.byte	0xa0
 958 0774 18       		.uleb128 0x18
 959 0775 4B010000 		.4byte	.LASF112
 960 0779 07       		.byte	0x7
 961 077a 8F02     		.2byte	0x28f
 962 077c 30010000 		.4byte	0x130
 963 0780 A4       		.byte	0xa4
 964 0781 18       		.uleb128 0x18
 965 0782 87000000 		.4byte	.LASF113
 966 0786 07       		.byte	0x7
 967 0787 9002     		.2byte	0x290
 968 0789 30010000 		.4byte	0x130
 969 078d AC       		.byte	0xac
ARM GAS  /tmp/ccaBG936.s 			page 18


 970 078e 18       		.uleb128 0x18
 971 078f 3A010000 		.4byte	.LASF114
 972 0793 07       		.byte	0x7
 973 0794 9102     		.2byte	0x291
 974 0796 30010000 		.4byte	0x130
 975 079a B4       		.byte	0xb4
 976 079b 18       		.uleb128 0x18
 977 079c 35000000 		.4byte	.LASF115
 978 07a0 07       		.byte	0x7
 979 07a1 9202     		.2byte	0x292
 980 07a3 30010000 		.4byte	0x130
 981 07a7 BC       		.byte	0xbc
 982 07a8 18       		.uleb128 0x18
 983 07a9 44000000 		.4byte	.LASF116
 984 07ad 07       		.byte	0x7
 985 07ae 9302     		.2byte	0x293
 986 07b0 30010000 		.4byte	0x130
 987 07b4 C4       		.byte	0xc4
 988 07b5 18       		.uleb128 0x18
 989 07b6 1C030000 		.4byte	.LASF117
 990 07ba 07       		.byte	0x7
 991 07bb 9402     		.2byte	0x294
 992 07bd 73000000 		.4byte	0x73
 993 07c1 CC       		.byte	0xcc
 994 07c2 00       		.byte	0
 995 07c3 0B       		.uleb128 0xb
 996 07c4 4E010000 		.4byte	0x14e
 997 07c8 D3070000 		.4byte	0x7d3
 998 07cc 0C       		.uleb128 0xc
 999 07cd 7A000000 		.4byte	0x7a
 1000 07d1 19       		.byte	0x19
 1001 07d2 00       		.byte	0
 1002 07d3 0B       		.uleb128 0xb
 1003 07d4 4E010000 		.4byte	0x14e
 1004 07d8 E3070000 		.4byte	0x7e3
 1005 07dc 0C       		.uleb128 0xc
 1006 07dd 7A000000 		.4byte	0x7a
 1007 07e1 07       		.byte	0x7
 1008 07e2 00       		.byte	0
 1009 07e3 0B       		.uleb128 0xb
 1010 07e4 4E010000 		.4byte	0x14e
 1011 07e8 F3070000 		.4byte	0x7f3
 1012 07ec 0C       		.uleb128 0xc
 1013 07ed 7A000000 		.4byte	0x7a
 1014 07f1 17       		.byte	0x17
 1015 07f2 00       		.byte	0
 1016 07f3 1B       		.uleb128 0x1b
 1017 07f4 F0       		.byte	0xf0
 1018 07f5 07       		.byte	0x7
 1019 07f6 9902     		.2byte	0x299
 1020 07f8 17080000 		.4byte	0x817
 1021 07fc 18       		.uleb128 0x18
 1022 07fd 9A020000 		.4byte	.LASF118
 1023 0801 07       		.byte	0x7
 1024 0802 9C02     		.2byte	0x29c
 1025 0804 17080000 		.4byte	0x817
 1026 0808 00       		.byte	0
ARM GAS  /tmp/ccaBG936.s 			page 19


 1027 0809 18       		.uleb128 0x18
 1028 080a 68020000 		.4byte	.LASF119
 1029 080e 07       		.byte	0x7
 1030 080f 9D02     		.2byte	0x29d
 1031 0811 27080000 		.4byte	0x827
 1032 0815 78       		.byte	0x78
 1033 0816 00       		.byte	0
 1034 0817 0B       		.uleb128 0xb
 1035 0818 17030000 		.4byte	0x317
 1036 081c 27080000 		.4byte	0x827
 1037 0820 0C       		.uleb128 0xc
 1038 0821 7A000000 		.4byte	0x7a
 1039 0825 1D       		.byte	0x1d
 1040 0826 00       		.byte	0
 1041 0827 0B       		.uleb128 0xb
 1042 0828 7A000000 		.4byte	0x7a
 1043 082c 37080000 		.4byte	0x837
 1044 0830 0C       		.uleb128 0xc
 1045 0831 7A000000 		.4byte	0x7a
 1046 0835 1D       		.byte	0x1d
 1047 0836 00       		.byte	0
 1048 0837 1C       		.uleb128 0x1c
 1049 0838 F0       		.byte	0xf0
 1050 0839 07       		.byte	0x7
 1051 083a 7E02     		.2byte	0x27e
 1052 083c 59080000 		.4byte	0x859
 1053 0840 1D       		.uleb128 0x1d
 1054 0841 C6030000 		.4byte	.LASF69
 1055 0845 07       		.byte	0x7
 1056 0846 9502     		.2byte	0x295
 1057 0848 C2060000 		.4byte	0x6c2
 1058 084c 1D       		.uleb128 0x1d
 1059 084d 70050000 		.4byte	.LASF120
 1060 0851 07       		.byte	0x7
 1061 0852 9E02     		.2byte	0x29e
 1062 0854 F3070000 		.4byte	0x7f3
 1063 0858 00       		.byte	0
 1064 0859 0B       		.uleb128 0xb
 1065 085a 4E010000 		.4byte	0x14e
 1066 085e 69080000 		.4byte	0x869
 1067 0862 0C       		.uleb128 0xc
 1068 0863 7A000000 		.4byte	0x7a
 1069 0867 18       		.byte	0x18
 1070 0868 00       		.byte	0
 1071 0869 07       		.uleb128 0x7
 1072 086a 7C000000 		.4byte	.LASF122
 1073 086e 06       		.uleb128 0x6
 1074 086f 04       		.byte	0x4
 1075 0870 69080000 		.4byte	0x869
 1076 0874 1E       		.uleb128 0x1e
 1077 0875 7F080000 		.4byte	0x87f
 1078 0879 16       		.uleb128 0x16
 1079 087a 65040000 		.4byte	0x465
 1080 087e 00       		.byte	0
 1081 087f 06       		.uleb128 0x6
 1082 0880 04       		.byte	0x4
 1083 0881 74080000 		.4byte	0x874
ARM GAS  /tmp/ccaBG936.s 			page 20


 1084 0885 06       		.uleb128 0x6
 1085 0886 04       		.byte	0x4
 1086 0887 B8010000 		.4byte	0x1b8
 1087 088b 1E       		.uleb128 0x1e
 1088 088c 96080000 		.4byte	0x896
 1089 0890 16       		.uleb128 0x16
 1090 0891 73000000 		.4byte	0x73
 1091 0895 00       		.byte	0
 1092 0896 06       		.uleb128 0x6
 1093 0897 04       		.byte	0x4
 1094 0898 9C080000 		.4byte	0x89c
 1095 089c 06       		.uleb128 0x6
 1096 089d 04       		.byte	0x4
 1097 089e 8B080000 		.4byte	0x88b
 1098 08a2 0B       		.uleb128 0xb
 1099 08a3 30060000 		.4byte	0x630
 1100 08a7 B2080000 		.4byte	0x8b2
 1101 08ab 0C       		.uleb128 0xc
 1102 08ac 7A000000 		.4byte	0x7a
 1103 08b0 02       		.byte	0x2
 1104 08b1 00       		.byte	0
 1105 08b2 1F       		.uleb128 0x1f
 1106 08b3 FB030000 		.4byte	.LASF123
 1107 08b7 07       		.byte	0x7
 1108 08b8 2E03     		.2byte	0x32e
 1109 08ba 65040000 		.4byte	0x465
 1110 08be 1F       		.uleb128 0x1f
 1111 08bf 19050000 		.4byte	.LASF124
 1112 08c3 07       		.byte	0x7
 1113 08c4 2F03     		.2byte	0x32f
 1114 08c6 6B040000 		.4byte	0x46b
 1115 08ca 20       		.uleb128 0x20
 1116 08cb BE020000 		.4byte	.LASF125
 1117 08cf 08       		.byte	0x8
 1118 08d0 63       		.byte	0x63
 1119 08d1 48010000 		.4byte	0x148
 1120 08d5 0B       		.uleb128 0xb
 1121 08d6 8C000000 		.4byte	0x8c
 1122 08da E5080000 		.4byte	0x8e5
 1123 08de 0C       		.uleb128 0xc
 1124 08df 7A000000 		.4byte	0x7a
 1125 08e3 07       		.byte	0x7
 1126 08e4 00       		.byte	0
 1127 08e5 05       		.uleb128 0x5
 1128 08e6 D5080000 		.4byte	0x8d5
 1129 08ea 20       		.uleb128 0x20
 1130 08eb A1020000 		.4byte	.LASF126
 1131 08ef 09       		.byte	0x9
 1132 08f0 0E       		.byte	0xe
 1133 08f1 E5080000 		.4byte	0x8e5
 1134 08f5 20       		.uleb128 0x20
 1135 08f6 E4020000 		.4byte	.LASF127
 1136 08fa 09       		.byte	0x9
 1137 08fb 10       		.byte	0x10
 1138 08fc 9C000000 		.4byte	0x9c
 1139 0900 0B       		.uleb128 0xb
 1140 0901 8C000000 		.4byte	0x8c
ARM GAS  /tmp/ccaBG936.s 			page 21


 1141 0905 0B090000 		.4byte	0x90b
 1142 0909 21       		.uleb128 0x21
 1143 090a 00       		.byte	0
 1144 090b 05       		.uleb128 0x5
 1145 090c 00090000 		.4byte	0x900
 1146 0910 20       		.uleb128 0x20
 1147 0911 71020000 		.4byte	.LASF128
 1148 0915 09       		.byte	0x9
 1149 0916 11       		.byte	0x11
 1150 0917 0B090000 		.4byte	0x90b
 1151 091b 03       		.uleb128 0x3
 1152 091c 60030000 		.4byte	.LASF129
 1153 0920 09       		.byte	0x9
 1154 0921 17       		.byte	0x17
 1155 0922 EB020000 		.4byte	0x2eb
 1156 0926 0B       		.uleb128 0xb
 1157 0927 1B090000 		.4byte	0x91b
 1158 092b 36090000 		.4byte	0x936
 1159 092f 0C       		.uleb128 0xc
 1160 0930 7A000000 		.4byte	0x7a
 1161 0934 0F       		.byte	0xf
 1162 0935 00       		.byte	0
 1163 0936 20       		.uleb128 0x20
 1164 0937 75000000 		.4byte	.LASF130
 1165 093b 09       		.byte	0x9
 1166 093c 18       		.byte	0x18
 1167 093d 26090000 		.4byte	0x926
 1168 0941 22       		.uleb128 0x22
 1169 0942 8C020000 		.4byte	.LASF134
 1170 0946 01       		.byte	0x1
 1171 0947 5F       		.byte	0x5f
 1172 0948 00000000 		.4byte	.LFB12
 1173 094c 02000000 		.4byte	.LFE12-.LFB12
 1174 0950 01       		.uleb128 0x1
 1175 0951 9C       		.byte	0x9c
 1176 0952 00       		.byte	0
 1177              		.section	.debug_abbrev,"",%progbits
 1178              	.Ldebug_abbrev0:
 1179 0000 01       		.uleb128 0x1
 1180 0001 11       		.uleb128 0x11
 1181 0002 01       		.byte	0x1
 1182 0003 25       		.uleb128 0x25
 1183 0004 0E       		.uleb128 0xe
 1184 0005 13       		.uleb128 0x13
 1185 0006 0B       		.uleb128 0xb
 1186 0007 03       		.uleb128 0x3
 1187 0008 0E       		.uleb128 0xe
 1188 0009 1B       		.uleb128 0x1b
 1189 000a 0E       		.uleb128 0xe
 1190 000b 55       		.uleb128 0x55
 1191 000c 17       		.uleb128 0x17
 1192 000d 11       		.uleb128 0x11
 1193 000e 01       		.uleb128 0x1
 1194 000f 10       		.uleb128 0x10
 1195 0010 17       		.uleb128 0x17
 1196 0011 00       		.byte	0
 1197 0012 00       		.byte	0
ARM GAS  /tmp/ccaBG936.s 			page 22


 1198 0013 02       		.uleb128 0x2
 1199 0014 24       		.uleb128 0x24
 1200 0015 00       		.byte	0
 1201 0016 0B       		.uleb128 0xb
 1202 0017 0B       		.uleb128 0xb
 1203 0018 3E       		.uleb128 0x3e
 1204 0019 0B       		.uleb128 0xb
 1205 001a 03       		.uleb128 0x3
 1206 001b 0E       		.uleb128 0xe
 1207 001c 00       		.byte	0
 1208 001d 00       		.byte	0
 1209 001e 03       		.uleb128 0x3
 1210 001f 16       		.uleb128 0x16
 1211 0020 00       		.byte	0
 1212 0021 03       		.uleb128 0x3
 1213 0022 0E       		.uleb128 0xe
 1214 0023 3A       		.uleb128 0x3a
 1215 0024 0B       		.uleb128 0xb
 1216 0025 3B       		.uleb128 0x3b
 1217 0026 0B       		.uleb128 0xb
 1218 0027 49       		.uleb128 0x49
 1219 0028 13       		.uleb128 0x13
 1220 0029 00       		.byte	0
 1221 002a 00       		.byte	0
 1222 002b 04       		.uleb128 0x4
 1223 002c 24       		.uleb128 0x24
 1224 002d 00       		.byte	0
 1225 002e 0B       		.uleb128 0xb
 1226 002f 0B       		.uleb128 0xb
 1227 0030 3E       		.uleb128 0x3e
 1228 0031 0B       		.uleb128 0xb
 1229 0032 03       		.uleb128 0x3
 1230 0033 08       		.uleb128 0x8
 1231 0034 00       		.byte	0
 1232 0035 00       		.byte	0
 1233 0036 05       		.uleb128 0x5
 1234 0037 26       		.uleb128 0x26
 1235 0038 00       		.byte	0
 1236 0039 49       		.uleb128 0x49
 1237 003a 13       		.uleb128 0x13
 1238 003b 00       		.byte	0
 1239 003c 00       		.byte	0
 1240 003d 06       		.uleb128 0x6
 1241 003e 0F       		.uleb128 0xf
 1242 003f 00       		.byte	0
 1243 0040 0B       		.uleb128 0xb
 1244 0041 0B       		.uleb128 0xb
 1245 0042 49       		.uleb128 0x49
 1246 0043 13       		.uleb128 0x13
 1247 0044 00       		.byte	0
 1248 0045 00       		.byte	0
 1249 0046 07       		.uleb128 0x7
 1250 0047 13       		.uleb128 0x13
 1251 0048 00       		.byte	0
 1252 0049 03       		.uleb128 0x3
 1253 004a 0E       		.uleb128 0xe
 1254 004b 3C       		.uleb128 0x3c
ARM GAS  /tmp/ccaBG936.s 			page 23


 1255 004c 19       		.uleb128 0x19
 1256 004d 00       		.byte	0
 1257 004e 00       		.byte	0
 1258 004f 08       		.uleb128 0x8
 1259 0050 16       		.uleb128 0x16
 1260 0051 00       		.byte	0
 1261 0052 03       		.uleb128 0x3
 1262 0053 0E       		.uleb128 0xe
 1263 0054 3A       		.uleb128 0x3a
 1264 0055 0B       		.uleb128 0xb
 1265 0056 3B       		.uleb128 0x3b
 1266 0057 05       		.uleb128 0x5
 1267 0058 49       		.uleb128 0x49
 1268 0059 13       		.uleb128 0x13
 1269 005a 00       		.byte	0
 1270 005b 00       		.byte	0
 1271 005c 09       		.uleb128 0x9
 1272 005d 17       		.uleb128 0x17
 1273 005e 01       		.byte	0x1
 1274 005f 0B       		.uleb128 0xb
 1275 0060 0B       		.uleb128 0xb
 1276 0061 3A       		.uleb128 0x3a
 1277 0062 0B       		.uleb128 0xb
 1278 0063 3B       		.uleb128 0x3b
 1279 0064 0B       		.uleb128 0xb
 1280 0065 01       		.uleb128 0x1
 1281 0066 13       		.uleb128 0x13
 1282 0067 00       		.byte	0
 1283 0068 00       		.byte	0
 1284 0069 0A       		.uleb128 0xa
 1285 006a 0D       		.uleb128 0xd
 1286 006b 00       		.byte	0
 1287 006c 03       		.uleb128 0x3
 1288 006d 0E       		.uleb128 0xe
 1289 006e 3A       		.uleb128 0x3a
 1290 006f 0B       		.uleb128 0xb
 1291 0070 3B       		.uleb128 0x3b
 1292 0071 0B       		.uleb128 0xb
 1293 0072 49       		.uleb128 0x49
 1294 0073 13       		.uleb128 0x13
 1295 0074 00       		.byte	0
 1296 0075 00       		.byte	0
 1297 0076 0B       		.uleb128 0xb
 1298 0077 01       		.uleb128 0x1
 1299 0078 01       		.byte	0x1
 1300 0079 49       		.uleb128 0x49
 1301 007a 13       		.uleb128 0x13
 1302 007b 01       		.uleb128 0x1
 1303 007c 13       		.uleb128 0x13
 1304 007d 00       		.byte	0
 1305 007e 00       		.byte	0
 1306 007f 0C       		.uleb128 0xc
 1307 0080 21       		.uleb128 0x21
 1308 0081 00       		.byte	0
 1309 0082 49       		.uleb128 0x49
 1310 0083 13       		.uleb128 0x13
 1311 0084 2F       		.uleb128 0x2f
ARM GAS  /tmp/ccaBG936.s 			page 24


 1312 0085 0B       		.uleb128 0xb
 1313 0086 00       		.byte	0
 1314 0087 00       		.byte	0
 1315 0088 0D       		.uleb128 0xd
 1316 0089 13       		.uleb128 0x13
 1317 008a 01       		.byte	0x1
 1318 008b 0B       		.uleb128 0xb
 1319 008c 0B       		.uleb128 0xb
 1320 008d 3A       		.uleb128 0x3a
 1321 008e 0B       		.uleb128 0xb
 1322 008f 3B       		.uleb128 0x3b
 1323 0090 0B       		.uleb128 0xb
 1324 0091 01       		.uleb128 0x1
 1325 0092 13       		.uleb128 0x13
 1326 0093 00       		.byte	0
 1327 0094 00       		.byte	0
 1328 0095 0E       		.uleb128 0xe
 1329 0096 0D       		.uleb128 0xd
 1330 0097 00       		.byte	0
 1331 0098 03       		.uleb128 0x3
 1332 0099 0E       		.uleb128 0xe
 1333 009a 3A       		.uleb128 0x3a
 1334 009b 0B       		.uleb128 0xb
 1335 009c 3B       		.uleb128 0x3b
 1336 009d 0B       		.uleb128 0xb
 1337 009e 49       		.uleb128 0x49
 1338 009f 13       		.uleb128 0x13
 1339 00a0 38       		.uleb128 0x38
 1340 00a1 0B       		.uleb128 0xb
 1341 00a2 00       		.byte	0
 1342 00a3 00       		.byte	0
 1343 00a4 0F       		.uleb128 0xf
 1344 00a5 0F       		.uleb128 0xf
 1345 00a6 00       		.byte	0
 1346 00a7 0B       		.uleb128 0xb
 1347 00a8 0B       		.uleb128 0xb
 1348 00a9 00       		.byte	0
 1349 00aa 00       		.byte	0
 1350 00ab 10       		.uleb128 0x10
 1351 00ac 13       		.uleb128 0x13
 1352 00ad 01       		.byte	0x1
 1353 00ae 03       		.uleb128 0x3
 1354 00af 0E       		.uleb128 0xe
 1355 00b0 0B       		.uleb128 0xb
 1356 00b1 0B       		.uleb128 0xb
 1357 00b2 3A       		.uleb128 0x3a
 1358 00b3 0B       		.uleb128 0xb
 1359 00b4 3B       		.uleb128 0x3b
 1360 00b5 0B       		.uleb128 0xb
 1361 00b6 01       		.uleb128 0x1
 1362 00b7 13       		.uleb128 0x13
 1363 00b8 00       		.byte	0
 1364 00b9 00       		.byte	0
 1365 00ba 11       		.uleb128 0x11
 1366 00bb 0D       		.uleb128 0xd
 1367 00bc 00       		.byte	0
 1368 00bd 03       		.uleb128 0x3
ARM GAS  /tmp/ccaBG936.s 			page 25


 1369 00be 08       		.uleb128 0x8
 1370 00bf 3A       		.uleb128 0x3a
 1371 00c0 0B       		.uleb128 0xb
 1372 00c1 3B       		.uleb128 0x3b
 1373 00c2 0B       		.uleb128 0xb
 1374 00c3 49       		.uleb128 0x49
 1375 00c4 13       		.uleb128 0x13
 1376 00c5 38       		.uleb128 0x38
 1377 00c6 0B       		.uleb128 0xb
 1378 00c7 00       		.byte	0
 1379 00c8 00       		.byte	0
 1380 00c9 12       		.uleb128 0x12
 1381 00ca 13       		.uleb128 0x13
 1382 00cb 01       		.byte	0x1
 1383 00cc 03       		.uleb128 0x3
 1384 00cd 0E       		.uleb128 0xe
 1385 00ce 0B       		.uleb128 0xb
 1386 00cf 05       		.uleb128 0x5
 1387 00d0 3A       		.uleb128 0x3a
 1388 00d1 0B       		.uleb128 0xb
 1389 00d2 3B       		.uleb128 0x3b
 1390 00d3 0B       		.uleb128 0xb
 1391 00d4 01       		.uleb128 0x1
 1392 00d5 13       		.uleb128 0x13
 1393 00d6 00       		.byte	0
 1394 00d7 00       		.byte	0
 1395 00d8 13       		.uleb128 0x13
 1396 00d9 0D       		.uleb128 0xd
 1397 00da 00       		.byte	0
 1398 00db 03       		.uleb128 0x3
 1399 00dc 0E       		.uleb128 0xe
 1400 00dd 3A       		.uleb128 0x3a
 1401 00de 0B       		.uleb128 0xb
 1402 00df 3B       		.uleb128 0x3b
 1403 00e0 0B       		.uleb128 0xb
 1404 00e1 49       		.uleb128 0x49
 1405 00e2 13       		.uleb128 0x13
 1406 00e3 38       		.uleb128 0x38
 1407 00e4 05       		.uleb128 0x5
 1408 00e5 00       		.byte	0
 1409 00e6 00       		.byte	0
 1410 00e7 14       		.uleb128 0x14
 1411 00e8 15       		.uleb128 0x15
 1412 00e9 00       		.byte	0
 1413 00ea 27       		.uleb128 0x27
 1414 00eb 19       		.uleb128 0x19
 1415 00ec 00       		.byte	0
 1416 00ed 00       		.byte	0
 1417 00ee 15       		.uleb128 0x15
 1418 00ef 15       		.uleb128 0x15
 1419 00f0 01       		.byte	0x1
 1420 00f1 27       		.uleb128 0x27
 1421 00f2 19       		.uleb128 0x19
 1422 00f3 49       		.uleb128 0x49
 1423 00f4 13       		.uleb128 0x13
 1424 00f5 01       		.uleb128 0x1
 1425 00f6 13       		.uleb128 0x13
ARM GAS  /tmp/ccaBG936.s 			page 26


 1426 00f7 00       		.byte	0
 1427 00f8 00       		.byte	0
 1428 00f9 16       		.uleb128 0x16
 1429 00fa 05       		.uleb128 0x5
 1430 00fb 00       		.byte	0
 1431 00fc 49       		.uleb128 0x49
 1432 00fd 13       		.uleb128 0x13
 1433 00fe 00       		.byte	0
 1434 00ff 00       		.byte	0
 1435 0100 17       		.uleb128 0x17
 1436 0101 13       		.uleb128 0x13
 1437 0102 01       		.byte	0x1
 1438 0103 03       		.uleb128 0x3
 1439 0104 0E       		.uleb128 0xe
 1440 0105 0B       		.uleb128 0xb
 1441 0106 05       		.uleb128 0x5
 1442 0107 3A       		.uleb128 0x3a
 1443 0108 0B       		.uleb128 0xb
 1444 0109 3B       		.uleb128 0x3b
 1445 010a 05       		.uleb128 0x5
 1446 010b 01       		.uleb128 0x1
 1447 010c 13       		.uleb128 0x13
 1448 010d 00       		.byte	0
 1449 010e 00       		.byte	0
 1450 010f 18       		.uleb128 0x18
 1451 0110 0D       		.uleb128 0xd
 1452 0111 00       		.byte	0
 1453 0112 03       		.uleb128 0x3
 1454 0113 0E       		.uleb128 0xe
 1455 0114 3A       		.uleb128 0x3a
 1456 0115 0B       		.uleb128 0xb
 1457 0116 3B       		.uleb128 0x3b
 1458 0117 05       		.uleb128 0x5
 1459 0118 49       		.uleb128 0x49
 1460 0119 13       		.uleb128 0x13
 1461 011a 38       		.uleb128 0x38
 1462 011b 0B       		.uleb128 0xb
 1463 011c 00       		.byte	0
 1464 011d 00       		.byte	0
 1465 011e 19       		.uleb128 0x19
 1466 011f 0D       		.uleb128 0xd
 1467 0120 00       		.byte	0
 1468 0121 03       		.uleb128 0x3
 1469 0122 0E       		.uleb128 0xe
 1470 0123 3A       		.uleb128 0x3a
 1471 0124 0B       		.uleb128 0xb
 1472 0125 3B       		.uleb128 0x3b
 1473 0126 05       		.uleb128 0x5
 1474 0127 49       		.uleb128 0x49
 1475 0128 13       		.uleb128 0x13
 1476 0129 38       		.uleb128 0x38
 1477 012a 05       		.uleb128 0x5
 1478 012b 00       		.byte	0
 1479 012c 00       		.byte	0
 1480 012d 1A       		.uleb128 0x1a
 1481 012e 13       		.uleb128 0x13
 1482 012f 01       		.byte	0x1
ARM GAS  /tmp/ccaBG936.s 			page 27


 1483 0130 03       		.uleb128 0x3
 1484 0131 0E       		.uleb128 0xe
 1485 0132 0B       		.uleb128 0xb
 1486 0133 0B       		.uleb128 0xb
 1487 0134 3A       		.uleb128 0x3a
 1488 0135 0B       		.uleb128 0xb
 1489 0136 3B       		.uleb128 0x3b
 1490 0137 05       		.uleb128 0x5
 1491 0138 01       		.uleb128 0x1
 1492 0139 13       		.uleb128 0x13
 1493 013a 00       		.byte	0
 1494 013b 00       		.byte	0
 1495 013c 1B       		.uleb128 0x1b
 1496 013d 13       		.uleb128 0x13
 1497 013e 01       		.byte	0x1
 1498 013f 0B       		.uleb128 0xb
 1499 0140 0B       		.uleb128 0xb
 1500 0141 3A       		.uleb128 0x3a
 1501 0142 0B       		.uleb128 0xb
 1502 0143 3B       		.uleb128 0x3b
 1503 0144 05       		.uleb128 0x5
 1504 0145 01       		.uleb128 0x1
 1505 0146 13       		.uleb128 0x13
 1506 0147 00       		.byte	0
 1507 0148 00       		.byte	0
 1508 0149 1C       		.uleb128 0x1c
 1509 014a 17       		.uleb128 0x17
 1510 014b 01       		.byte	0x1
 1511 014c 0B       		.uleb128 0xb
 1512 014d 0B       		.uleb128 0xb
 1513 014e 3A       		.uleb128 0x3a
 1514 014f 0B       		.uleb128 0xb
 1515 0150 3B       		.uleb128 0x3b
 1516 0151 05       		.uleb128 0x5
 1517 0152 01       		.uleb128 0x1
 1518 0153 13       		.uleb128 0x13
 1519 0154 00       		.byte	0
 1520 0155 00       		.byte	0
 1521 0156 1D       		.uleb128 0x1d
 1522 0157 0D       		.uleb128 0xd
 1523 0158 00       		.byte	0
 1524 0159 03       		.uleb128 0x3
 1525 015a 0E       		.uleb128 0xe
 1526 015b 3A       		.uleb128 0x3a
 1527 015c 0B       		.uleb128 0xb
 1528 015d 3B       		.uleb128 0x3b
 1529 015e 05       		.uleb128 0x5
 1530 015f 49       		.uleb128 0x49
 1531 0160 13       		.uleb128 0x13
 1532 0161 00       		.byte	0
 1533 0162 00       		.byte	0
 1534 0163 1E       		.uleb128 0x1e
 1535 0164 15       		.uleb128 0x15
 1536 0165 01       		.byte	0x1
 1537 0166 27       		.uleb128 0x27
 1538 0167 19       		.uleb128 0x19
 1539 0168 01       		.uleb128 0x1
ARM GAS  /tmp/ccaBG936.s 			page 28


 1540 0169 13       		.uleb128 0x13
 1541 016a 00       		.byte	0
 1542 016b 00       		.byte	0
 1543 016c 1F       		.uleb128 0x1f
 1544 016d 34       		.uleb128 0x34
 1545 016e 00       		.byte	0
 1546 016f 03       		.uleb128 0x3
 1547 0170 0E       		.uleb128 0xe
 1548 0171 3A       		.uleb128 0x3a
 1549 0172 0B       		.uleb128 0xb
 1550 0173 3B       		.uleb128 0x3b
 1551 0174 05       		.uleb128 0x5
 1552 0175 49       		.uleb128 0x49
 1553 0176 13       		.uleb128 0x13
 1554 0177 3F       		.uleb128 0x3f
 1555 0178 19       		.uleb128 0x19
 1556 0179 3C       		.uleb128 0x3c
 1557 017a 19       		.uleb128 0x19
 1558 017b 00       		.byte	0
 1559 017c 00       		.byte	0
 1560 017d 20       		.uleb128 0x20
 1561 017e 34       		.uleb128 0x34
 1562 017f 00       		.byte	0
 1563 0180 03       		.uleb128 0x3
 1564 0181 0E       		.uleb128 0xe
 1565 0182 3A       		.uleb128 0x3a
 1566 0183 0B       		.uleb128 0xb
 1567 0184 3B       		.uleb128 0x3b
 1568 0185 0B       		.uleb128 0xb
 1569 0186 49       		.uleb128 0x49
 1570 0187 13       		.uleb128 0x13
 1571 0188 3F       		.uleb128 0x3f
 1572 0189 19       		.uleb128 0x19
 1573 018a 3C       		.uleb128 0x3c
 1574 018b 19       		.uleb128 0x19
 1575 018c 00       		.byte	0
 1576 018d 00       		.byte	0
 1577 018e 21       		.uleb128 0x21
 1578 018f 21       		.uleb128 0x21
 1579 0190 00       		.byte	0
 1580 0191 00       		.byte	0
 1581 0192 00       		.byte	0
 1582 0193 22       		.uleb128 0x22
 1583 0194 2E       		.uleb128 0x2e
 1584 0195 00       		.byte	0
 1585 0196 3F       		.uleb128 0x3f
 1586 0197 19       		.uleb128 0x19
 1587 0198 03       		.uleb128 0x3
 1588 0199 0E       		.uleb128 0xe
 1589 019a 3A       		.uleb128 0x3a
 1590 019b 0B       		.uleb128 0xb
 1591 019c 3B       		.uleb128 0x3b
 1592 019d 0B       		.uleb128 0xb
 1593 019e 27       		.uleb128 0x27
 1594 019f 19       		.uleb128 0x19
 1595 01a0 11       		.uleb128 0x11
 1596 01a1 01       		.uleb128 0x1
ARM GAS  /tmp/ccaBG936.s 			page 29


 1597 01a2 12       		.uleb128 0x12
 1598 01a3 06       		.uleb128 0x6
 1599 01a4 40       		.uleb128 0x40
 1600 01a5 18       		.uleb128 0x18
 1601 01a6 9742     		.uleb128 0x2117
 1602 01a8 19       		.uleb128 0x19
 1603 01a9 00       		.byte	0
 1604 01aa 00       		.byte	0
 1605 01ab 00       		.byte	0
 1606              		.section	.debug_aranges,"",%progbits
 1607 0000 1C000000 		.4byte	0x1c
 1608 0004 0200     		.2byte	0x2
 1609 0006 00000000 		.4byte	.Ldebug_info0
 1610 000a 04       		.byte	0x4
 1611 000b 00       		.byte	0
 1612 000c 0000     		.2byte	0
 1613 000e 0000     		.2byte	0
 1614 0010 00000000 		.4byte	.LFB12
 1615 0014 02000000 		.4byte	.LFE12-.LFB12
 1616 0018 00000000 		.4byte	0
 1617 001c 00000000 		.4byte	0
 1618              		.section	.debug_ranges,"",%progbits
 1619              	.Ldebug_ranges0:
 1620 0000 00000000 		.4byte	.LFB12
 1621 0004 02000000 		.4byte	.LFE12
 1622 0008 00000000 		.4byte	0
 1623 000c 00000000 		.4byte	0
 1624              		.section	.debug_line,"",%progbits
 1625              	.Ldebug_line0:
 1626 0000 3A010000 		.section	.debug_str,"MS",%progbits,1
 1626      02002301 
 1626      00000201 
 1626      FB0E0D00 
 1626      01010101 
 1627              	.LASF43:
 1628 0000 5F64736F 		.ascii	"_dso_handle\000"
 1628      5F68616E 
 1628      646C6500 
 1629              	.LASF51:
 1630 000c 5F73697A 		.ascii	"_size\000"
 1630      6500
 1631              	.LASF95:
 1632 0012 5F72616E 		.ascii	"_rand48\000"
 1632      64343800 
 1633              	.LASF75:
 1634 001a 5F656D65 		.ascii	"_emergency\000"
 1634      7267656E 
 1634      637900
 1635              	.LASF5:
 1636 0025 5F5F7569 		.ascii	"__uint8_t\000"
 1636      6E74385F 
 1636      7400
 1637              	.LASF65:
 1638 002f 5F646174 		.ascii	"_data\000"
 1638      6100
 1639              	.LASF115:
 1640 0035 5F776372 		.ascii	"_wcrtomb_state\000"
ARM GAS  /tmp/ccaBG936.s 			page 30


 1640      746F6D62 
 1640      5F737461 
 1640      746500
 1641              	.LASF116:
 1642 0044 5F776373 		.ascii	"_wcsrtombs_state\000"
 1642      72746F6D 
 1642      62735F73 
 1642      74617465 
 1642      00
 1643              	.LASF9:
 1644 0055 6C6F6E67 		.ascii	"long long unsigned int\000"
 1644      206C6F6E 
 1644      6720756E 
 1644      7369676E 
 1644      65642069 
 1645              	.LASF55:
 1646 006c 5F6C6266 		.ascii	"_lbfsize\000"
 1646      73697A65 
 1646      00
 1647              	.LASF130:
 1648 0075 76656374 		.ascii	"vector\000"
 1648      6F7200
 1649              	.LASF122:
 1650 007c 5F5F6C6F 		.ascii	"__locale_t\000"
 1650      63616C65 
 1650      5F7400
 1651              	.LASF113:
 1652 0087 5F6D6272 		.ascii	"_mbrtowc_state\000"
 1652      746F7763 
 1652      5F737461 
 1652      746500
 1653              	.LASF32:
 1654 0096 5F5F746D 		.ascii	"__tm_sec\000"
 1654      5F736563 
 1654      00
 1655              	.LASF8:
 1656 009f 6C6F6E67 		.ascii	"long long int\000"
 1656      206C6F6E 
 1656      6720696E 
 1656      7400
 1657              	.LASF0:
 1658 00ad 7369676E 		.ascii	"signed char\000"
 1658      65642063 
 1658      68617200 
 1659              	.LASF61:
 1660 00b9 5F756275 		.ascii	"_ubuf\000"
 1660      6600
 1661              	.LASF50:
 1662 00bf 5F626173 		.ascii	"_base\000"
 1662      6500
 1663              	.LASF133:
 1664 00c5 2F686F6D 		.ascii	"/home/jshuo/u2f-token/src\000"
 1664      652F6A73 
 1664      68756F2F 
 1664      7532662D 
 1664      746F6B65 
 1665              	.LASF90:
ARM GAS  /tmp/ccaBG936.s 			page 31


 1666 00df 5F5F7366 		.ascii	"__sf\000"
 1666      00
 1667              	.LASF41:
 1668 00e4 5F6F6E5F 		.ascii	"_on_exit_args\000"
 1668      65786974 
 1668      5F617267 
 1668      7300
 1669              	.LASF56:
 1670 00f2 5F636F6F 		.ascii	"_cookie\000"
 1670      6B696500 
 1671              	.LASF89:
 1672 00fa 5F5F7367 		.ascii	"__sglue\000"
 1672      6C756500 
 1673              	.LASF4:
 1674 0102 6C6F6E67 		.ascii	"long int\000"
 1674      20696E74 
 1674      00
 1675              	.LASF53:
 1676 010b 5F666C61 		.ascii	"_flags\000"
 1676      677300
 1677              	.LASF45:
 1678 0112 5F69735F 		.ascii	"_is_cxa\000"
 1678      63786100 
 1679              	.LASF71:
 1680 011a 5F737464 		.ascii	"_stdin\000"
 1680      696E00
 1681              	.LASF63:
 1682 0121 5F626C6B 		.ascii	"_blksize\000"
 1682      73697A65 
 1682      00
 1683              	.LASF85:
 1684 012a 5F637674 		.ascii	"_cvtbuf\000"
 1684      62756600 
 1685              	.LASF64:
 1686 0132 5F6F6666 		.ascii	"_offset\000"
 1686      73657400 
 1687              	.LASF114:
 1688 013a 5F6D6273 		.ascii	"_mbsrtowcs_state\000"
 1688      72746F77 
 1688      63735F73 
 1688      74617465 
 1688      00
 1689              	.LASF112:
 1690 014b 5F6D6272 		.ascii	"_mbrlen_state\000"
 1690      6C656E5F 
 1690      73746174 
 1690      6500
 1691              	.LASF42:
 1692 0159 5F666E61 		.ascii	"_fnargs\000"
 1692      72677300 
 1693              	.LASF48:
 1694 0161 5F666E73 		.ascii	"_fns\000"
 1694      00
 1695              	.LASF6:
 1696 0166 5F5F7569 		.ascii	"__uint32_t\000"
 1696      6E743332 
 1696      5F7400
ARM GAS  /tmp/ccaBG936.s 			page 32


 1697              	.LASF28:
 1698 0171 5F736967 		.ascii	"_sign\000"
 1698      6E00
 1699              	.LASF23:
 1700 0177 5F666C6F 		.ascii	"_flock_t\000"
 1700      636B5F74 
 1700      00
 1701              	.LASF73:
 1702 0180 5F737464 		.ascii	"_stderr\000"
 1702      65727200 
 1703              	.LASF30:
 1704 0188 5F426967 		.ascii	"_Bigint\000"
 1704      696E7400 
 1705              	.LASF103:
 1706 0190 5F67616D 		.ascii	"_gamma_signgam\000"
 1706      6D615F73 
 1706      69676E67 
 1706      616D00
 1707              	.LASF57:
 1708 019f 5F726561 		.ascii	"_read\000"
 1708      6400
 1709              	.LASF81:
 1710 01a5 5F726573 		.ascii	"_result_k\000"
 1710      756C745F 
 1710      6B00
 1711              	.LASF31:
 1712 01af 5F5F746D 		.ascii	"__tm\000"
 1712      00
 1713              	.LASF10:
 1714 01b4 756E7369 		.ascii	"unsigned int\000"
 1714      676E6564 
 1714      20696E74 
 1714      00
 1715              	.LASF19:
 1716 01c1 5F5F7763 		.ascii	"__wchb\000"
 1716      686200
 1717              	.LASF72:
 1718 01c8 5F737464 		.ascii	"_stdout\000"
 1718      6F757400 
 1719              	.LASF84:
 1720 01d0 5F637674 		.ascii	"_cvtlen\000"
 1720      6C656E00 
 1721              	.LASF7:
 1722 01d8 6C6F6E67 		.ascii	"long unsigned int\000"
 1722      20756E73 
 1722      69676E65 
 1722      6420696E 
 1722      7400
 1723              	.LASF54:
 1724 01ea 5F66696C 		.ascii	"_file\000"
 1724      6500
 1725              	.LASF93:
 1726 01f0 5F6E696F 		.ascii	"_niobs\000"
 1726      627300
 1727              	.LASF3:
 1728 01f7 73686F72 		.ascii	"short unsigned int\000"
 1728      7420756E 
ARM GAS  /tmp/ccaBG936.s 			page 33


 1728      7369676E 
 1728      65642069 
 1728      6E7400
 1729              	.LASF87:
 1730 020a 5F617465 		.ascii	"_atexit0\000"
 1730      78697430 
 1730      00
 1731              	.LASF110:
 1732 0213 5F736967 		.ascii	"_signal_buf\000"
 1732      6E616C5F 
 1732      62756600 
 1733              	.LASF101:
 1734 021f 5F617363 		.ascii	"_asctime_buf\000"
 1734      74696D65 
 1734      5F627566 
 1734      00
 1735              	.LASF80:
 1736 022c 5F726573 		.ascii	"_result\000"
 1736      756C7400 
 1737              	.LASF18:
 1738 0234 5F5F7763 		.ascii	"__wch\000"
 1738      6800
 1739              	.LASF14:
 1740 023a 5F4C4F43 		.ascii	"_LOCK_T\000"
 1740      4B5F5400 
 1741              	.LASF17:
 1742 0242 77696E74 		.ascii	"wint_t\000"
 1742      5F7400
 1743              	.LASF66:
 1744 0249 5F6C6F63 		.ascii	"_lock\000"
 1744      6B00
 1745              	.LASF68:
 1746 024f 5F666C61 		.ascii	"_flags2\000"
 1746      67733200 
 1747              	.LASF58:
 1748 0257 5F777269 		.ascii	"_write\000"
 1748      746500
 1749              	.LASF37:
 1750 025e 5F5F746D 		.ascii	"__tm_year\000"
 1750      5F796561 
 1750      7200
 1751              	.LASF119:
 1752 0268 5F6E6D61 		.ascii	"_nmalloc\000"
 1752      6C6C6F63 
 1752      00
 1753              	.LASF128:
 1754 0271 7379735F 		.ascii	"sys_board_name\000"
 1754      626F6172 
 1754      645F6E61 
 1754      6D6500
 1755              	.LASF13:
 1756 0280 6C6F6E67 		.ascii	"long double\000"
 1756      20646F75 
 1756      626C6500 
 1757              	.LASF134:
 1758 028c 706C6174 		.ascii	"platform_init\000"
 1758      666F726D 
ARM GAS  /tmp/ccaBG936.s 			page 34


 1758      5F696E69 
 1758      7400
 1759              	.LASF118:
 1760 029a 5F6E6578 		.ascii	"_nextf\000"
 1760      746600
 1761              	.LASF126:
 1762 02a1 7379735F 		.ascii	"sys_version\000"
 1762      76657273 
 1762      696F6E00 
 1763              	.LASF36:
 1764 02ad 5F5F746D 		.ascii	"__tm_mon\000"
 1764      5F6D6F6E 
 1764      00
 1765              	.LASF46:
 1766 02b6 5F617465 		.ascii	"_atexit\000"
 1766      78697400 
 1767              	.LASF125:
 1768 02be 7375626F 		.ascii	"suboptarg\000"
 1768      70746172 
 1768      6700
 1769              	.LASF78:
 1770 02c8 5F5F7364 		.ascii	"__sdidinit\000"
 1770      6964696E 
 1770      697400
 1771              	.LASF15:
 1772 02d3 5F6F6666 		.ascii	"_off_t\000"
 1772      5F7400
 1773              	.LASF83:
 1774 02da 5F667265 		.ascii	"_freelist\000"
 1774      656C6973 
 1774      7400
 1775              	.LASF127:
 1776 02e4 7379735F 		.ascii	"sys_board_id\000"
 1776      626F6172 
 1776      645F6964 
 1776      00
 1777              	.LASF108:
 1778 02f1 5F776374 		.ascii	"_wctomb_state\000"
 1778      6F6D625F 
 1778      73746174 
 1778      6500
 1779              	.LASF35:
 1780 02ff 5F5F746D 		.ascii	"__tm_mday\000"
 1780      5F6D6461 
 1780      7900
 1781              	.LASF1:
 1782 0309 756E7369 		.ascii	"unsigned char\000"
 1782      676E6564 
 1782      20636861 
 1782      7200
 1783              	.LASF86:
 1784 0317 5F6E6577 		.ascii	"_new\000"
 1784      00
 1785              	.LASF117:
 1786 031c 5F685F65 		.ascii	"_h_errno\000"
 1786      72726E6F 
 1786      00
ARM GAS  /tmp/ccaBG936.s 			page 35


 1787              	.LASF2:
 1788 0325 73686F72 		.ascii	"short int\000"
 1788      7420696E 
 1788      7400
 1789              	.LASF39:
 1790 032f 5F5F746D 		.ascii	"__tm_yday\000"
 1790      5F796461 
 1790      7900
 1791              	.LASF49:
 1792 0339 5F5F7362 		.ascii	"__sbuf\000"
 1792      756600
 1793              	.LASF94:
 1794 0340 5F696F62 		.ascii	"_iobs\000"
 1794      7300
 1795              	.LASF91:
 1796 0346 5F5F4649 		.ascii	"__FILE\000"
 1796      4C4500
 1797              	.LASF22:
 1798 034d 5F6D6273 		.ascii	"_mbstate_t\000"
 1798      74617465 
 1798      5F7400
 1799              	.LASF52:
 1800 0358 5F5F7346 		.ascii	"__sFILE\000"
 1800      494C4500 
 1801              	.LASF129:
 1802 0360 68616E64 		.ascii	"handler\000"
 1802      6C657200 
 1803              	.LASF67:
 1804 0368 5F6D6273 		.ascii	"_mbstate\000"
 1804      74617465 
 1804      00
 1805              	.LASF104:
 1806 0371 5F72616E 		.ascii	"_rand_next\000"
 1806      645F6E65 
 1806      787400
 1807              	.LASF106:
 1808 037c 5F6D626C 		.ascii	"_mblen_state\000"
 1808      656E5F73 
 1808      74617465 
 1808      00
 1809              	.LASF74:
 1810 0389 5F696E63 		.ascii	"_inc\000"
 1810      00
 1811              	.LASF47:
 1812 038e 5F696E64 		.ascii	"_ind\000"
 1812      00
 1813              	.LASF77:
 1814 0393 5F6C6F63 		.ascii	"_locale\000"
 1814      616C6500 
 1815              	.LASF79:
 1816 039b 5F5F636C 		.ascii	"__cleanup\000"
 1816      65616E75 
 1816      7000
 1817              	.LASF76:
 1818 03a5 5F756E73 		.ascii	"_unspecified_locale_info\000"
 1818      70656369 
 1818      66696564 
ARM GAS  /tmp/ccaBG936.s 			page 36


 1818      5F6C6F63 
 1818      616C655F 
 1819              	.LASF27:
 1820 03be 5F6D6178 		.ascii	"_maxwds\000"
 1820      77647300 
 1821              	.LASF69:
 1822 03c6 5F726565 		.ascii	"_reent\000"
 1822      6E7400
 1823              	.LASF96:
 1824 03cd 5F736565 		.ascii	"_seed\000"
 1824      6400
 1825              	.LASF20:
 1826 03d3 5F5F636F 		.ascii	"__count\000"
 1826      756E7400 
 1827              	.LASF121:
 1828 03db 5F5F6C6F 		.ascii	"__lock\000"
 1828      636B00
 1829              	.LASF12:
 1830 03e2 75696E74 		.ascii	"uint32_t\000"
 1830      33325F74 
 1830      00
 1831              	.LASF34:
 1832 03eb 5F5F746D 		.ascii	"__tm_hour\000"
 1832      5F686F75 
 1832      7200
 1833              	.LASF59:
 1834 03f5 5F736565 		.ascii	"_seek\000"
 1834      6B00
 1835              	.LASF123:
 1836 03fb 5F696D70 		.ascii	"_impure_ptr\000"
 1836      7572655F 
 1836      70747200 
 1837              	.LASF16:
 1838 0407 5F66706F 		.ascii	"_fpos_t\000"
 1838      735F7400 
 1839              	.LASF70:
 1840 040f 5F657272 		.ascii	"_errno\000"
 1840      6E6F00
 1841              	.LASF24:
 1842 0416 63686172 		.ascii	"char\000"
 1842      00
 1843              	.LASF33:
 1844 041b 5F5F746D 		.ascii	"__tm_min\000"
 1844      5F6D696E 
 1844      00
 1845              	.LASF44:
 1846 0424 5F666E74 		.ascii	"_fntypes\000"
 1846      79706573 
 1846      00
 1847              	.LASF97:
 1848 042d 5F6D756C 		.ascii	"_mult\000"
 1848      7400
 1849              	.LASF26:
 1850 0433 5F6E6578 		.ascii	"_next\000"
 1850      7400
 1851              	.LASF100:
 1852 0439 5F737472 		.ascii	"_strtok_last\000"
ARM GAS  /tmp/ccaBG936.s 			page 37


 1852      746F6B5F 
 1852      6C617374 
 1852      00
 1853              	.LASF21:
 1854 0446 5F5F7661 		.ascii	"__value\000"
 1854      6C756500 
 1855              	.LASF131:
 1856 044e 474E5520 		.ascii	"GNU C11 7.3.1 20180622 (release) [ARM/embedded-7-br"
 1856      43313120 
 1856      372E332E 
 1856      31203230 
 1856      31383036 
 1857 0481 616E6368 		.ascii	"anch revision 261907] -mcpu=cortex-m3 -mthumb -mno-"
 1857      20726576 
 1857      6973696F 
 1857      6E203236 
 1857      31393037 
 1858 04b4 7468756D 		.ascii	"thumb-interwork -g -O3 -Os -ffunction-sections -fda"
 1858      622D696E 
 1858      74657277 
 1858      6F726B20 
 1858      2D67202D 
 1859 04e7 74612D73 		.ascii	"ta-sections -fno-common\000"
 1859      65637469 
 1859      6F6E7320 
 1859      2D666E6F 
 1859      2D636F6D 
 1860              	.LASF98:
 1861 04ff 5F616464 		.ascii	"_add\000"
 1861      00
 1862              	.LASF25:
 1863 0504 5F5F554C 		.ascii	"__ULong\000"
 1863      6F6E6700 
 1864              	.LASF111:
 1865 050c 5F676574 		.ascii	"_getdate_err\000"
 1865      64617465 
 1865      5F657272 
 1865      00
 1866              	.LASF124:
 1867 0519 5F676C6F 		.ascii	"_global_impure_ptr\000"
 1867      62616C5F 
 1867      696D7075 
 1867      72655F70 
 1867      747200
 1868              	.LASF99:
 1869 052c 5F756E75 		.ascii	"_unused_rand\000"
 1869      7365645F 
 1869      72616E64 
 1869      00
 1870              	.LASF29:
 1871 0539 5F776473 		.ascii	"_wds\000"
 1871      00
 1872              	.LASF38:
 1873 053e 5F5F746D 		.ascii	"__tm_wday\000"
 1873      5F776461 
 1873      7900
 1874              	.LASF92:
ARM GAS  /tmp/ccaBG936.s 			page 38


 1875 0548 5F676C75 		.ascii	"_glue\000"
 1875      6500
 1876              	.LASF11:
 1877 054e 75696E74 		.ascii	"uint8_t\000"
 1877      385F7400 
 1878              	.LASF109:
 1879 0556 5F6C3634 		.ascii	"_l64a_buf\000"
 1879      615F6275 
 1879      6600
 1880              	.LASF88:
 1881 0560 5F736967 		.ascii	"_sig_func\000"
 1881      5F66756E 
 1881      6300
 1882              	.LASF62:
 1883 056a 5F6E6275 		.ascii	"_nbuf\000"
 1883      6600
 1884              	.LASF120:
 1885 0570 5F756E75 		.ascii	"_unused\000"
 1885      73656400 
 1886              	.LASF40:
 1887 0578 5F5F746D 		.ascii	"__tm_isdst\000"
 1887      5F697364 
 1887      737400
 1888              	.LASF102:
 1889 0583 5F6C6F63 		.ascii	"_localtime_buf\000"
 1889      616C7469 
 1889      6D655F62 
 1889      756600
 1890              	.LASF60:
 1891 0592 5F636C6F 		.ascii	"_close\000"
 1891      736500
 1892              	.LASF105:
 1893 0599 5F723438 		.ascii	"_r48\000"
 1893      00
 1894              	.LASF107:
 1895 059e 5F6D6274 		.ascii	"_mbtowc_state\000"
 1895      6F77635F 
 1895      73746174 
 1895      6500
 1896              	.LASF82:
 1897 05ac 5F703573 		.ascii	"_p5s\000"
 1897      00
 1898              	.LASF132:
 1899 05b1 706C6174 		.ascii	"platform.c\000"
 1899      666F726D 
 1899      2E6300
 1900              		.ident	"GCC: (GNU Tools for Arm Embedded Processors 7-2018-q3-update) 7.3.1 20180622 (release) [AR
ARM GAS  /tmp/ccaBG936.s 			page 39


DEFINED SYMBOLS
                            *ABS*:0000000000000000 platform.c
     /tmp/ccaBG936.s:16     .text.platform_init:0000000000000000 $t
     /tmp/ccaBG936.s:23     .text.platform_init:0000000000000000 platform_init

NO UNDEFINED SYMBOLS
